This file contains any messages produced by compilers while
running configure, to aid debugging if configure makes a mistake.

It was created by GNU FriBidi configure 0.19.7, which was
generated by GNU Autoconf 2.69.  Invocation command line was

  $ ./configure --prefix=/Users/dylanmarcus/git/ffmpeg-static/target --disable-shared --enable-static

## --------- ##
## Platform. ##
## --------- ##

hostname = Dylans-MacBook-Pro.local
uname -m = x86_64
uname -r = 16.7.0
uname -s = Darwin
uname -v = Darwin Kernel Version 16.7.0: Thu Jun 15 17:36:27 PDT 2017; root:xnu-3789.70.16~2/RELEASE_X86_64

/usr/bin/uname -p = i386
/bin/uname -X     = unknown

/bin/arch              = unknown
/usr/bin/arch -k       = unknown
/usr/convex/getsysinfo = unknown
/usr/bin/hostinfo      = Mach kernel version:
	 Darwin Kernel Version 16.7.0: Thu Jun 15 17:36:27 PDT 2017; root:xnu-3789.70.16~2/RELEASE_X86_64
Kernel configured for up to 8 processors.
4 processors are physically available.
8 processors are logically available.
Processor type: x86_64h (Intel x86-64h Haswell)
Processors active: 0 1 2 3 4 5 6 7
Primary memory available: 16.00 gigabytes
Default processor set: 458 tasks, 3047 threads, 8 processors
Load average: 8.08, Mach factor: 1.20
/bin/machine           = unknown
/usr/bin/oslevel       = unknown
/bin/universe          = unknown

PATH: /Users/dylanmarcus/git/ffmpeg-static/target/bin
PATH: /Users/dylanmarcus/Library/Android/sdk/tools
PATH: /Users/dylanmarcus/Library/Android/sdk/platform-tools
PATH: /Users/dylanmarcus/anaconda/bin
PATH: /usr/local/sbin
PATH: /usr/local/bin
PATH: /usr/bin
PATH: /bin
PATH: /usr/sbin
PATH: /sbin
PATH: /opt/local/bin
PATH: /usr/local/Cellar


## ----------- ##
## Core tests. ##
## ----------- ##

configure:2500: checking for a BSD-compatible install
configure:2568: result: /usr/bin/install -c
configure:2579: checking whether build environment is sane
configure:2634: result: yes
configure:2785: checking for a thread-safe mkdir -p
configure:2824: result: ./install-sh -c -d
configure:2831: checking for gawk
configure:2861: result: no
configure:2831: checking for mawk
configure:2861: result: no
configure:2831: checking for nawk
configure:2861: result: no
configure:2831: checking for awk
configure:2847: found /usr/bin/awk
configure:2858: result: awk
configure:2869: checking whether make sets $(MAKE)
configure:2891: result: yes
configure:2920: checking whether make supports nested variables
configure:2937: result: yes
configure:3065: checking whether make supports nested variables
configure:3082: result: yes
configure:3106: checking for style of include used by make
configure:3134: result: GNU
configure:3205: checking for gcc
configure:3221: found /usr/bin/gcc
configure:3232: result: gcc
configure:3461: checking for C compiler version
configure:3470: gcc --version >&5
Apple LLVM version 9.0.0 (clang-900.0.37)
Target: x86_64-apple-darwin16.7.0
Thread model: posix
InstalledDir: /Applications/Xcode.app/Contents/Developer/Toolchains/XcodeDefault.xctoolchain/usr/bin
Configured with: --prefix=/Applications/Xcode.app/Contents/Developer/usr --with-gxx-include-dir=/usr/include/c++/4.2.1
configure:3481: $? = 0
configure:3470: gcc -v >&5
Configured with: --prefix=/Applications/Xcode.app/Contents/Developer/usr --with-gxx-include-dir=/usr/include/c++/4.2.1
Apple LLVM version 9.0.0 (clang-900.0.37)
Target: x86_64-apple-darwin16.7.0
Thread model: posix
InstalledDir: /Applications/Xcode.app/Contents/Developer/Toolchains/XcodeDefault.xctoolchain/usr/bin
configure:3481: $? = 0
configure:3470: gcc -V >&5
clang: error: argument to '-V' is missing (expected 1 value)
clang: error: no input files
configure:3481: $? = 1
configure:3470: gcc -qversion >&5
clang: error: unknown argument: '-qversion'
clang: error: no input files
configure:3481: $? = 1
configure:3501: checking whether the C compiler works
configure:3523: gcc -I/Users/dylanmarcus/git/ffmpeg-static/target/include -L/Users/dylanmarcus/git/ffmpeg-static/target/lib  -L/Users/dylanmarcus/git/ffmpeg-static/target/lib conftest.c  >&5
configure:3527: $? = 0
configure:3575: result: yes
configure:3578: checking for C compiler default output file name
configure:3580: result: a.out
configure:3586: checking for suffix of executables
configure:3593: gcc -o conftest -I/Users/dylanmarcus/git/ffmpeg-static/target/include -L/Users/dylanmarcus/git/ffmpeg-static/target/lib  -L/Users/dylanmarcus/git/ffmpeg-static/target/lib conftest.c  >&5
configure:3597: $? = 0
configure:3619: result: 
configure:3641: checking whether we are cross compiling
configure:3649: gcc -o conftest -I/Users/dylanmarcus/git/ffmpeg-static/target/include -L/Users/dylanmarcus/git/ffmpeg-static/target/lib  -L/Users/dylanmarcus/git/ffmpeg-static/target/lib conftest.c  >&5
configure:3653: $? = 0
configure:3660: ./conftest
configure:3664: $? = 0
configure:3679: result: no
configure:3684: checking for suffix of object files
configure:3706: gcc -c -I/Users/dylanmarcus/git/ffmpeg-static/target/include -L/Users/dylanmarcus/git/ffmpeg-static/target/lib  conftest.c >&5
clang: warning: argument unused during compilation: '-L/Users/dylanmarcus/git/ffmpeg-static/target/lib' [-Wunused-command-line-argument]
configure:3710: $? = 0
configure:3731: result: o
configure:3735: checking whether we are using the GNU C compiler
configure:3754: gcc -c -I/Users/dylanmarcus/git/ffmpeg-static/target/include -L/Users/dylanmarcus/git/ffmpeg-static/target/lib  conftest.c >&5
clang: warning: argument unused during compilation: '-L/Users/dylanmarcus/git/ffmpeg-static/target/lib' [-Wunused-command-line-argument]
configure:3754: $? = 0
configure:3763: result: yes
configure:3772: checking whether gcc accepts -g
configure:3792: gcc -c -g  conftest.c >&5
configure:3792: $? = 0
configure:3833: result: yes
configure:3850: checking for gcc option to accept ISO C89
configure:3913: gcc  -c -I/Users/dylanmarcus/git/ffmpeg-static/target/include -L/Users/dylanmarcus/git/ffmpeg-static/target/lib  conftest.c >&5
clang: warning: argument unused during compilation: '-L/Users/dylanmarcus/git/ffmpeg-static/target/lib' [-Wunused-command-line-argument]
configure:3913: $? = 0
configure:3926: result: none needed
configure:3951: checking whether gcc understands -c and -o together
configure:3973: gcc -c conftest.c -o conftest2.o
configure:3976: $? = 0
configure:3973: gcc -c conftest.c -o conftest2.o
configure:3976: $? = 0
configure:3988: result: yes
configure:4007: checking dependency style of gcc
configure:4118: result: gcc3
configure:4183: checking for ar
configure:4199: found /usr/bin/ar
configure:4210: result: ar
configure:4236: checking the archiver (ar) interface
configure:4252: gcc -c -I/Users/dylanmarcus/git/ffmpeg-static/target/include -L/Users/dylanmarcus/git/ffmpeg-static/target/lib  conftest.c >&5
clang: warning: argument unused during compilation: '-L/Users/dylanmarcus/git/ffmpeg-static/target/lib' [-Wunused-command-line-argument]
configure:4252: $? = 0
configure:4254: ar cru libconftest.a conftest.o >&5
configure:4257: $? = 0
configure:4285: result: ar
configure:4337: checking build system type
configure:4351: result: x86_64-apple-darwin16.7.0
configure:4371: checking host system type
configure:4384: result: x86_64-apple-darwin16.7.0
configure:4425: checking how to print strings
configure:4452: result: printf
configure:4473: checking for a sed that does not truncate output
configure:4537: result: /usr/bin/sed
configure:4555: checking for grep that handles long lines and -e
configure:4613: result: /usr/bin/grep
configure:4618: checking for egrep
configure:4680: result: /usr/bin/grep -E
configure:4685: checking for fgrep
configure:4747: result: /usr/bin/grep -F
configure:4782: checking for ld used by gcc
configure:4849: result: /Applications/Xcode.app/Contents/Developer/Toolchains/XcodeDefault.xctoolchain/usr/bin/ld
configure:4856: checking if the linker (/Applications/Xcode.app/Contents/Developer/Toolchains/XcodeDefault.xctoolchain/usr/bin/ld) is GNU ld
configure:4871: result: no
configure:4883: checking for BSD- or MS-compatible name lister (nm)
configure:4937: result: /usr/bin/nm -B
configure:5067: checking the name lister (/usr/bin/nm -B) interface
configure:5074: gcc -c -I/Users/dylanmarcus/git/ffmpeg-static/target/include -L/Users/dylanmarcus/git/ffmpeg-static/target/lib  conftest.c >&5
clang: warning: argument unused during compilation: '-L/Users/dylanmarcus/git/ffmpeg-static/target/lib' [-Wunused-command-line-argument]
configure:5077: /usr/bin/nm -B "conftest.o"
configure:5080: output
0000000000000000 S _some_variable
configure:5087: result: BSD nm
configure:5090: checking whether ln -s works
configure:5094: result: yes
configure:5102: checking the maximum length of command line arguments
configure:5233: result: 196608
configure:5281: checking how to convert x86_64-apple-darwin16.7.0 file names to x86_64-apple-darwin16.7.0 format
configure:5321: result: func_convert_file_noop
configure:5328: checking how to convert x86_64-apple-darwin16.7.0 file names to toolchain format
configure:5348: result: func_convert_file_noop
configure:5355: checking for /Applications/Xcode.app/Contents/Developer/Toolchains/XcodeDefault.xctoolchain/usr/bin/ld option to reload object files
configure:5362: result: -r
configure:5436: checking for objdump
configure:5452: found /usr/bin/objdump
configure:5463: result: objdump
configure:5495: checking how to recognize dependent libraries
configure:5695: result: pass_all
configure:5780: checking for dlltool
configure:5810: result: no
configure:5840: checking how to associate runtime and link libraries
configure:5867: result: printf %s\n
configure:5991: checking for archiver @FILE support
configure:6008: gcc -c -I/Users/dylanmarcus/git/ffmpeg-static/target/include -L/Users/dylanmarcus/git/ffmpeg-static/target/lib  conftest.c >&5
clang: warning: argument unused during compilation: '-L/Users/dylanmarcus/git/ffmpeg-static/target/lib' [-Wunused-command-line-argument]
configure:6008: $? = 0
configure:6011: ar cru libconftest.a @conftest.lst >&5
ar: @conftest.lst: No such file or directory
configure:6014: $? = 1
configure:6034: result: no
configure:6092: checking for strip
configure:6108: found /usr/bin/strip
configure:6119: result: strip
configure:6191: checking for ranlib
configure:6207: found /usr/bin/ranlib
configure:6218: result: ranlib
configure:6320: checking command to parse /usr/bin/nm -B output from gcc object
configure:6473: gcc -c -I/Users/dylanmarcus/git/ffmpeg-static/target/include -L/Users/dylanmarcus/git/ffmpeg-static/target/lib  conftest.c >&5
clang: warning: argument unused during compilation: '-L/Users/dylanmarcus/git/ffmpeg-static/target/lib' [-Wunused-command-line-argument]
configure:6476: $? = 0
configure:6480: /usr/bin/nm -B conftest.o \| sed -n -e 's/^.*[ ]\([BCDEGRST][BCDEGRST]*\)[ ][ ]*\([_A-Za-z][_A-Za-z0-9]*\)$/\1 \2 \2/p' | sed '/ __gnu_lto/d' \> conftest.nm
configure:6483: $? = 0
cannot find nm_test_var in conftest.nm
configure:6473: gcc -c -I/Users/dylanmarcus/git/ffmpeg-static/target/include -L/Users/dylanmarcus/git/ffmpeg-static/target/lib  conftest.c >&5
clang: warning: argument unused during compilation: '-L/Users/dylanmarcus/git/ffmpeg-static/target/lib' [-Wunused-command-line-argument]
configure:6476: $? = 0
configure:6480: /usr/bin/nm -B conftest.o \| sed -n -e 's/^.*[ ]\([BCDEGRST][BCDEGRST]*\)[ ][ ]*_\([_A-Za-z][_A-Za-z0-9]*\)$/\1 _\2 \2/p' | sed '/ __gnu_lto/d' \> conftest.nm
configure:6483: $? = 0
configure:6549: gcc -o conftest -I/Users/dylanmarcus/git/ffmpeg-static/target/include -L/Users/dylanmarcus/git/ffmpeg-static/target/lib  -L/Users/dylanmarcus/git/ffmpeg-static/target/lib conftest.c conftstm.o >&5
configure:6552: $? = 0
configure:6590: result: ok
configure:6637: checking for sysroot
configure:6667: result: no
configure:6674: checking for a working dd
configure:6712: result: /bin/dd
configure:6716: checking how to truncate binary pipes
configure:6731: result: /bin/dd bs=4096 count=1
configure:7060: checking for mt
configure:7090: result: no
configure:7110: checking if : is a manifest tool
configure:7116: : '-?'
configure:7124: result: no
configure:7180: checking for dsymutil
configure:7196: found /usr/bin/dsymutil
configure:7207: result: dsymutil
configure:7272: checking for nmedit
configure:7288: found /usr/bin/nmedit
configure:7299: result: nmedit
configure:7364: checking for lipo
configure:7380: found /usr/bin/lipo
configure:7391: result: lipo
configure:7456: checking for otool
configure:7472: found /usr/bin/otool
configure:7483: result: otool
configure:7548: checking for otool64
configure:7578: result: no
configure:7623: checking for -single_module linker flag
gcc -I/Users/dylanmarcus/git/ffmpeg-static/target/include -L/Users/dylanmarcus/git/ffmpeg-static/target/lib -L/Users/dylanmarcus/git/ffmpeg-static/target/lib -o libconftest.dylib -dynamiclib -Wl,-single_module conftest.c
configure:7656: result: yes
configure:7659: checking for -exported_symbols_list linker flag
configure:7679: gcc -o conftest -I/Users/dylanmarcus/git/ffmpeg-static/target/include -L/Users/dylanmarcus/git/ffmpeg-static/target/lib  -L/Users/dylanmarcus/git/ffmpeg-static/target/lib -Wl,-exported_symbols_list,conftest.sym conftest.c  >&5
configure:7679: $? = 0
configure:7689: result: yes
configure:7692: checking for -force_load linker flag
gcc -I/Users/dylanmarcus/git/ffmpeg-static/target/include -L/Users/dylanmarcus/git/ffmpeg-static/target/lib -c -o conftest.o conftest.c
clang: warning: argument unused during compilation: '-L/Users/dylanmarcus/git/ffmpeg-static/target/lib' [-Wunused-command-line-argument]
ar cru libconftest.a conftest.o
ranlib libconftest.a
gcc -I/Users/dylanmarcus/git/ffmpeg-static/target/include -L/Users/dylanmarcus/git/ffmpeg-static/target/lib -L/Users/dylanmarcus/git/ffmpeg-static/target/lib -o conftest conftest.c -Wl,-force_load,./libconftest.a
configure:7724: result: yes
configure:7801: checking how to run the C preprocessor
configure:7832: gcc -E  conftest.c
configure:7832: $? = 0
configure:7846: gcc -E  conftest.c
conftest.c:9:10: fatal error: 'ac_nonexistent.h' file not found
#include <ac_nonexistent.h>
         ^~~~~~~~~~~~~~~~~~
1 error generated.
configure:7846: $? = 1
configure: failed program was:
| /* confdefs.h */
| #define PACKAGE_NAME "GNU FriBidi"
| #define PACKAGE_TARNAME "fribidi"
| #define PACKAGE_VERSION "0.19.7"
| #define PACKAGE_STRING "GNU FriBidi 0.19.7"
| #define PACKAGE_BUGREPORT "http://bugs.freedesktop.org/enter_bug.cgi?product=fribidi"
| #define PACKAGE_URL "http://fribidi.org/"
| /* end confdefs.h.  */
| #include <ac_nonexistent.h>
configure:7871: result: gcc -E
configure:7891: gcc -E  conftest.c
configure:7891: $? = 0
configure:7905: gcc -E  conftest.c
conftest.c:9:10: fatal error: 'ac_nonexistent.h' file not found
#include <ac_nonexistent.h>
         ^~~~~~~~~~~~~~~~~~
1 error generated.
configure:7905: $? = 1
configure: failed program was:
| /* confdefs.h */
| #define PACKAGE_NAME "GNU FriBidi"
| #define PACKAGE_TARNAME "fribidi"
| #define PACKAGE_VERSION "0.19.7"
| #define PACKAGE_STRING "GNU FriBidi 0.19.7"
| #define PACKAGE_BUGREPORT "http://bugs.freedesktop.org/enter_bug.cgi?product=fribidi"
| #define PACKAGE_URL "http://fribidi.org/"
| /* end confdefs.h.  */
| #include <ac_nonexistent.h>
configure:7934: checking for ANSI C header files
configure:7954: gcc -c -I/Users/dylanmarcus/git/ffmpeg-static/target/include -L/Users/dylanmarcus/git/ffmpeg-static/target/lib  conftest.c >&5
clang: warning: argument unused during compilation: '-L/Users/dylanmarcus/git/ffmpeg-static/target/lib' [-Wunused-command-line-argument]
configure:7954: $? = 0
configure:8027: gcc -o conftest -I/Users/dylanmarcus/git/ffmpeg-static/target/include -L/Users/dylanmarcus/git/ffmpeg-static/target/lib  -L/Users/dylanmarcus/git/ffmpeg-static/target/lib conftest.c  >&5
configure:8027: $? = 0
configure:8027: ./conftest
configure:8027: $? = 0
configure:8038: result: yes
configure:8051: checking for sys/types.h
configure:8051: gcc -c -I/Users/dylanmarcus/git/ffmpeg-static/target/include -L/Users/dylanmarcus/git/ffmpeg-static/target/lib  conftest.c >&5
clang: warning: argument unused during compilation: '-L/Users/dylanmarcus/git/ffmpeg-static/target/lib' [-Wunused-command-line-argument]
configure:8051: $? = 0
configure:8051: result: yes
configure:8051: checking for sys/stat.h
configure:8051: gcc -c -I/Users/dylanmarcus/git/ffmpeg-static/target/include -L/Users/dylanmarcus/git/ffmpeg-static/target/lib  conftest.c >&5
clang: warning: argument unused during compilation: '-L/Users/dylanmarcus/git/ffmpeg-static/target/lib' [-Wunused-command-line-argument]
configure:8051: $? = 0
configure:8051: result: yes
configure:8051: checking for stdlib.h
configure:8051: gcc -c -I/Users/dylanmarcus/git/ffmpeg-static/target/include -L/Users/dylanmarcus/git/ffmpeg-static/target/lib  conftest.c >&5
clang: warning: argument unused during compilation: '-L/Users/dylanmarcus/git/ffmpeg-static/target/lib' [-Wunused-command-line-argument]
configure:8051: $? = 0
configure:8051: result: yes
configure:8051: checking for string.h
configure:8051: gcc -c -I/Users/dylanmarcus/git/ffmpeg-static/target/include -L/Users/dylanmarcus/git/ffmpeg-static/target/lib  conftest.c >&5
clang: warning: argument unused during compilation: '-L/Users/dylanmarcus/git/ffmpeg-static/target/lib' [-Wunused-command-line-argument]
configure:8051: $? = 0
configure:8051: result: yes
configure:8051: checking for memory.h
configure:8051: gcc -c -I/Users/dylanmarcus/git/ffmpeg-static/target/include -L/Users/dylanmarcus/git/ffmpeg-static/target/lib  conftest.c >&5
clang: warning: argument unused during compilation: '-L/Users/dylanmarcus/git/ffmpeg-static/target/lib' [-Wunused-command-line-argument]
configure:8051: $? = 0
configure:8051: result: yes
configure:8051: checking for strings.h
configure:8051: gcc -c -I/Users/dylanmarcus/git/ffmpeg-static/target/include -L/Users/dylanmarcus/git/ffmpeg-static/target/lib  conftest.c >&5
clang: warning: argument unused during compilation: '-L/Users/dylanmarcus/git/ffmpeg-static/target/lib' [-Wunused-command-line-argument]
configure:8051: $? = 0
configure:8051: result: yes
configure:8051: checking for inttypes.h
configure:8051: gcc -c -I/Users/dylanmarcus/git/ffmpeg-static/target/include -L/Users/dylanmarcus/git/ffmpeg-static/target/lib  conftest.c >&5
clang: warning: argument unused during compilation: '-L/Users/dylanmarcus/git/ffmpeg-static/target/lib' [-Wunused-command-line-argument]
configure:8051: $? = 0
configure:8051: result: yes
configure:8051: checking for stdint.h
configure:8051: gcc -c -I/Users/dylanmarcus/git/ffmpeg-static/target/include -L/Users/dylanmarcus/git/ffmpeg-static/target/lib  conftest.c >&5
clang: warning: argument unused during compilation: '-L/Users/dylanmarcus/git/ffmpeg-static/target/lib' [-Wunused-command-line-argument]
configure:8051: $? = 0
configure:8051: result: yes
configure:8051: checking for unistd.h
configure:8051: gcc -c -I/Users/dylanmarcus/git/ffmpeg-static/target/include -L/Users/dylanmarcus/git/ffmpeg-static/target/lib  conftest.c >&5
clang: warning: argument unused during compilation: '-L/Users/dylanmarcus/git/ffmpeg-static/target/lib' [-Wunused-command-line-argument]
configure:8051: $? = 0
configure:8051: result: yes
configure:8065: checking for dlfcn.h
configure:8065: gcc -c -I/Users/dylanmarcus/git/ffmpeg-static/target/include -L/Users/dylanmarcus/git/ffmpeg-static/target/lib  conftest.c >&5
clang: warning: argument unused during compilation: '-L/Users/dylanmarcus/git/ffmpeg-static/target/lib' [-Wunused-command-line-argument]
configure:8065: $? = 0
configure:8065: result: yes
configure:8320: checking for objdir
configure:8335: result: .libs
configure:8599: checking if gcc supports -fno-rtti -fno-exceptions
configure:8617: gcc -c -I/Users/dylanmarcus/git/ffmpeg-static/target/include -L/Users/dylanmarcus/git/ffmpeg-static/target/lib  -fno-rtti -fno-exceptions conftest.c >&5
clang: warning: argument unused during compilation: '-L/Users/dylanmarcus/git/ffmpeg-static/target/lib' [-Wunused-command-line-argument]
configure:8621: $? = 0
configure:8634: result: yes
configure:8992: checking for gcc option to produce PIC
configure:8999: result: -fno-common -DPIC
configure:9007: checking if gcc PIC flag -fno-common -DPIC works
configure:9025: gcc -c -I/Users/dylanmarcus/git/ffmpeg-static/target/include -L/Users/dylanmarcus/git/ffmpeg-static/target/lib  -fno-common -DPIC -DPIC conftest.c >&5
clang: warning: argument unused during compilation: '-L/Users/dylanmarcus/git/ffmpeg-static/target/lib' [-Wunused-command-line-argument]
configure:9029: $? = 0
configure:9042: result: yes
configure:9071: checking if gcc static flag -static works
configure:9099: result: no
configure:9114: checking if gcc supports -c -o file.o
configure:9135: gcc -c -I/Users/dylanmarcus/git/ffmpeg-static/target/include -L/Users/dylanmarcus/git/ffmpeg-static/target/lib  -o out/conftest2.o conftest.c >&5
clang: warning: argument unused during compilation: '-L/Users/dylanmarcus/git/ffmpeg-static/target/lib' [-Wunused-command-line-argument]
configure:9139: $? = 0
configure:9161: result: yes
configure:9169: checking if gcc supports -c -o file.o
configure:9216: result: yes
configure:9249: checking whether the gcc linker (/Applications/Xcode.app/Contents/Developer/Toolchains/XcodeDefault.xctoolchain/usr/bin/ld) supports shared libraries
configure:10508: result: yes
configure:10748: checking dynamic linker characteristics
configure:11566: result: darwin16.7.0 dyld
configure:11688: checking how to hardcode library paths into programs
configure:11713: result: immediate
configure:12261: checking whether stripping libraries is possible
configure:12275: result: yes
configure:12301: checking if libtool supports shared libraries
configure:12303: result: yes
configure:12306: checking whether to build shared libraries
configure:12331: result: no
configure:12334: checking whether to build static libraries
configure:12338: result: yes
configure:12448: checking for gcc
configure:12475: result: gcc
configure:12704: checking for C compiler version
configure:12713: gcc --version >&5
Apple LLVM version 9.0.0 (clang-900.0.37)
Target: x86_64-apple-darwin16.7.0
Thread model: posix
InstalledDir: /Applications/Xcode.app/Contents/Developer/Toolchains/XcodeDefault.xctoolchain/usr/bin
Configured with: --prefix=/Applications/Xcode.app/Contents/Developer/usr --with-gxx-include-dir=/usr/include/c++/4.2.1
configure:12724: $? = 0
configure:12713: gcc -v >&5
Configured with: --prefix=/Applications/Xcode.app/Contents/Developer/usr --with-gxx-include-dir=/usr/include/c++/4.2.1
Apple LLVM version 9.0.0 (clang-900.0.37)
Target: x86_64-apple-darwin16.7.0
Thread model: posix
InstalledDir: /Applications/Xcode.app/Contents/Developer/Toolchains/XcodeDefault.xctoolchain/usr/bin
configure:12724: $? = 0
configure:12713: gcc -V >&5
clang: error: argument to '-V' is missing (expected 1 value)
clang: error: no input files
configure:12724: $? = 1
configure:12713: gcc -qversion >&5
clang: error: unknown argument: '-qversion'
clang: error: no input files
configure:12724: $? = 1
configure:12728: checking whether we are using the GNU C compiler
configure:12756: result: yes
configure:12765: checking whether gcc accepts -g
configure:12826: result: yes
configure:12843: checking for gcc option to accept ISO C89
configure:12919: result: none needed
configure:12944: checking whether gcc understands -c and -o together
configure:12981: result: yes
configure:13000: checking dependency style of gcc
configure:13111: result: gcc3
configure:13181: checking for pkg-config
configure:13199: found /usr/local/bin/pkg-config
configure:13211: result: /usr/local/bin/pkg-config
configure:13236: checking pkg-config is at least version 0.9.0
configure:13239: result: yes
configure:13247: checking for native Win32
configure:13253: result: no
configure:13263: checking for some Win32 platform
configure:13269: result: no
configure:13282: checking for ANSI C header files
configure:13386: result: yes
configure:13397: checking for stdlib.h
configure:13397: result: yes
configure:13397: checking for string.h
configure:13397: result: yes
configure:13397: checking for strings.h
configure:13397: result: yes
configure:13397: checking for inttypes.h
configure:13397: result: yes
configure:13397: checking wchar.h usability
configure:13397: gcc -c -I/Users/dylanmarcus/git/ffmpeg-static/target/include -L/Users/dylanmarcus/git/ffmpeg-static/target/lib  conftest.c >&5
clang: warning: argument unused during compilation: '-L/Users/dylanmarcus/git/ffmpeg-static/target/lib' [-Wunused-command-line-argument]
configure:13397: $? = 0
configure:13397: result: yes
configure:13397: checking wchar.h presence
configure:13397: gcc -E  conftest.c
configure:13397: $? = 0
configure:13397: result: yes
configure:13397: checking for wchar.h
configure:13397: result: yes
configure:13397: checking asm/page.h usability
configure:13397: gcc -c -I/Users/dylanmarcus/git/ffmpeg-static/target/include -L/Users/dylanmarcus/git/ffmpeg-static/target/lib  conftest.c >&5
clang: warning: argument unused during compilation: '-L/Users/dylanmarcus/git/ffmpeg-static/target/lib' [-Wunused-command-line-argument]
conftest.c:60:10: fatal error: 'asm/page.h' file not found
#include <asm/page.h>
         ^~~~~~~~~~~~
1 error generated.
configure:13397: $? = 1
configure: failed program was:
| /* confdefs.h */
| #define PACKAGE_NAME "GNU FriBidi"
| #define PACKAGE_TARNAME "fribidi"
| #define PACKAGE_VERSION "0.19.7"
| #define PACKAGE_STRING "GNU FriBidi 0.19.7"
| #define PACKAGE_BUGREPORT "http://bugs.freedesktop.org/enter_bug.cgi?product=fribidi"
| #define PACKAGE_URL "http://fribidi.org/"
| #define STDC_HEADERS 1
| #define HAVE_SYS_TYPES_H 1
| #define HAVE_SYS_STAT_H 1
| #define HAVE_STDLIB_H 1
| #define HAVE_STRING_H 1
| #define HAVE_MEMORY_H 1
| #define HAVE_STRINGS_H 1
| #define HAVE_INTTYPES_H 1
| #define HAVE_STDINT_H 1
| #define HAVE_UNISTD_H 1
| #define HAVE_DLFCN_H 1
| #define LT_OBJDIR ".libs/"
| #define STDC_HEADERS 1
| #define HAVE_STDLIB_H 1
| #define HAVE_STRING_H 1
| #define HAVE_STRINGS_H 1
| #define HAVE_INTTYPES_H 1
| #define HAVE_WCHAR_H 1
| /* end confdefs.h.  */
| #include <stdio.h>
| #ifdef HAVE_SYS_TYPES_H
| # include <sys/types.h>
| #endif
| #ifdef HAVE_SYS_STAT_H
| # include <sys/stat.h>
| #endif
| #ifdef STDC_HEADERS
| # include <stdlib.h>
| # include <stddef.h>
| #else
| # ifdef HAVE_STDLIB_H
| #  include <stdlib.h>
| # endif
| #endif
| #ifdef HAVE_STRING_H
| # if !defined STDC_HEADERS && defined HAVE_MEMORY_H
| #  include <memory.h>
| # endif
| # include <string.h>
| #endif
| #ifdef HAVE_STRINGS_H
| # include <strings.h>
| #endif
| #ifdef HAVE_INTTYPES_H
| # include <inttypes.h>
| #endif
| #ifdef HAVE_STDINT_H
| # include <stdint.h>
| #endif
| #ifdef HAVE_UNISTD_H
| # include <unistd.h>
| #endif
| #include <asm/page.h>
configure:13397: result: no
configure:13397: checking asm/page.h presence
configure:13397: gcc -E  conftest.c
conftest.c:27:10: fatal error: 'asm/page.h' file not found
#include <asm/page.h>
         ^~~~~~~~~~~~
1 error generated.
configure:13397: $? = 1
configure: failed program was:
| /* confdefs.h */
| #define PACKAGE_NAME "GNU FriBidi"
| #define PACKAGE_TARNAME "fribidi"
| #define PACKAGE_VERSION "0.19.7"
| #define PACKAGE_STRING "GNU FriBidi 0.19.7"
| #define PACKAGE_BUGREPORT "http://bugs.freedesktop.org/enter_bug.cgi?product=fribidi"
| #define PACKAGE_URL "http://fribidi.org/"
| #define STDC_HEADERS 1
| #define HAVE_SYS_TYPES_H 1
| #define HAVE_SYS_STAT_H 1
| #define HAVE_STDLIB_H 1
| #define HAVE_STRING_H 1
| #define HAVE_MEMORY_H 1
| #define HAVE_STRINGS_H 1
| #define HAVE_INTTYPES_H 1
| #define HAVE_STDINT_H 1
| #define HAVE_UNISTD_H 1
| #define HAVE_DLFCN_H 1
| #define LT_OBJDIR ".libs/"
| #define STDC_HEADERS 1
| #define HAVE_STDLIB_H 1
| #define HAVE_STRING_H 1
| #define HAVE_STRINGS_H 1
| #define HAVE_INTTYPES_H 1
| #define HAVE_WCHAR_H 1
| /* end confdefs.h.  */
| #include <asm/page.h>
configure:13397: result: no
configure:13397: checking for asm/page.h
configure:13397: result: no
configure:13397: checking sys/times.h usability
configure:13397: gcc -c -I/Users/dylanmarcus/git/ffmpeg-static/target/include -L/Users/dylanmarcus/git/ffmpeg-static/target/lib  conftest.c >&5
clang: warning: argument unused during compilation: '-L/Users/dylanmarcus/git/ffmpeg-static/target/lib' [-Wunused-command-line-argument]
configure:13397: $? = 0
configure:13397: result: yes
configure:13397: checking sys/times.h presence
configure:13397: gcc -E  conftest.c
configure:13397: $? = 0
configure:13397: result: yes
configure:13397: checking for sys/times.h
configure:13397: result: yes
configure:13409: checking for an ANSI C-conforming const
configure:13475: gcc -c -I/Users/dylanmarcus/git/ffmpeg-static/target/include -L/Users/dylanmarcus/git/ffmpeg-static/target/lib  conftest.c >&5
clang: warning: argument unused during compilation: '-L/Users/dylanmarcus/git/ffmpeg-static/target/lib' [-Wunused-command-line-argument]
configure:13475: $? = 0
configure:13482: result: yes
configure:13490: checking for preprocessor stringizing operator
configure:13510: result: yes
configure:13522: checking size of int
configure:13527: gcc -o conftest -I/Users/dylanmarcus/git/ffmpeg-static/target/include -L/Users/dylanmarcus/git/ffmpeg-static/target/lib  -L/Users/dylanmarcus/git/ffmpeg-static/target/lib conftest.c  >&5
configure:13527: $? = 0
configure:13527: ./conftest
configure:13527: $? = 0
configure:13541: result: 4
configure:13557: checking size of short
configure:13562: gcc -o conftest -I/Users/dylanmarcus/git/ffmpeg-static/target/include -L/Users/dylanmarcus/git/ffmpeg-static/target/lib  -L/Users/dylanmarcus/git/ffmpeg-static/target/lib conftest.c  >&5
configure:13562: $? = 0
configure:13562: ./conftest
configure:13562: $? = 0
configure:13576: result: 2
configure:13590: checking size of void *
configure:13595: gcc -o conftest -I/Users/dylanmarcus/git/ffmpeg-static/target/include -L/Users/dylanmarcus/git/ffmpeg-static/target/lib  -L/Users/dylanmarcus/git/ffmpeg-static/target/lib conftest.c  >&5
configure:13595: $? = 0
configure:13595: ./conftest
configure:13595: $? = 0
configure:13609: result: 8
configure:13623: checking size of wchar_t
configure:13628: gcc -o conftest -I/Users/dylanmarcus/git/ffmpeg-static/target/include -L/Users/dylanmarcus/git/ffmpeg-static/target/lib  -L/Users/dylanmarcus/git/ffmpeg-static/target/lib conftest.c  >&5
configure:13628: $? = 0
configure:13628: ./conftest
configure:13628: $? = 0
configure:13642: result: 4
configure:13662: checking for memmove
configure:13662: gcc -o conftest -I/Users/dylanmarcus/git/ffmpeg-static/target/include -L/Users/dylanmarcus/git/ffmpeg-static/target/lib -Wall -ansi   -L/Users/dylanmarcus/git/ffmpeg-static/target/lib conftest.c  >&5
conftest.c:56:6: warning: incompatible redeclaration of library function 'memmove' [-Wincompatible-library-redeclaration]
char memmove ();
     ^
conftest.c:56:6: note: 'memmove' is a builtin with type 'void *(void *, const void *, unsigned long)'
1 warning generated.
configure:13662: $? = 0
configure:13662: result: yes
configure:13662: checking for memset
configure:13662: gcc -o conftest -I/Users/dylanmarcus/git/ffmpeg-static/target/include -L/Users/dylanmarcus/git/ffmpeg-static/target/lib -Wall -ansi   -L/Users/dylanmarcus/git/ffmpeg-static/target/lib conftest.c  >&5
conftest.c:57:6: warning: incompatible redeclaration of library function 'memset' [-Wincompatible-library-redeclaration]
char memset ();
     ^
conftest.c:57:6: note: 'memset' is a builtin with type 'void *(void *, int, unsigned long)'
1 warning generated.
configure:13662: $? = 0
configure:13662: result: yes
configure:13662: checking for strdup
configure:13662: gcc -o conftest -I/Users/dylanmarcus/git/ffmpeg-static/target/include -L/Users/dylanmarcus/git/ffmpeg-static/target/lib -Wall -ansi   -L/Users/dylanmarcus/git/ffmpeg-static/target/lib conftest.c  >&5
configure:13662: $? = 0
configure:13662: result: yes
configure:13671: checking return type of signal handlers
configure:13689: gcc -c -I/Users/dylanmarcus/git/ffmpeg-static/target/include -L/Users/dylanmarcus/git/ffmpeg-static/target/lib -Wall -ansi   conftest.c >&5
clang: warning: argument unused during compilation: '-L/Users/dylanmarcus/git/ffmpeg-static/target/lib' [-Wunused-command-line-argument]
conftest.c:42:8: error: indirection requires pointer operand ('void' invalid)
return *(signal (0, 0)) (0) == 1;
       ^~~~~~~~~~~~~~~~~~~~
1 error generated.
configure:13689: $? = 1
configure: failed program was:
| /* confdefs.h */
| #define PACKAGE_NAME "GNU FriBidi"
| #define PACKAGE_TARNAME "fribidi"
| #define PACKAGE_VERSION "0.19.7"
| #define PACKAGE_STRING "GNU FriBidi 0.19.7"
| #define PACKAGE_BUGREPORT "http://bugs.freedesktop.org/enter_bug.cgi?product=fribidi"
| #define PACKAGE_URL "http://fribidi.org/"
| #define STDC_HEADERS 1
| #define HAVE_SYS_TYPES_H 1
| #define HAVE_SYS_STAT_H 1
| #define HAVE_STDLIB_H 1
| #define HAVE_STRING_H 1
| #define HAVE_MEMORY_H 1
| #define HAVE_STRINGS_H 1
| #define HAVE_INTTYPES_H 1
| #define HAVE_STDINT_H 1
| #define HAVE_UNISTD_H 1
| #define HAVE_DLFCN_H 1
| #define LT_OBJDIR ".libs/"
| #define STDC_HEADERS 1
| #define HAVE_STDLIB_H 1
| #define HAVE_STRING_H 1
| #define HAVE_STRINGS_H 1
| #define HAVE_INTTYPES_H 1
| #define HAVE_WCHAR_H 1
| #define HAVE_SYS_TIMES_H 1
| #define HAVE_STRINGIZE 1
| #define SIZEOF_INT 4
| #define SIZEOF_SHORT 2
| #define SIZEOF_VOID_P 8
| #define SIZEOF_WCHAR_T 4
| #define HAVE_MEMMOVE 1
| #define HAVE_MEMSET 1
| #define HAVE_STRDUP 1
| /* end confdefs.h.  */
| #include <sys/types.h>
| #include <signal.h>
| 
| int
| main ()
| {
| return *(signal (0, 0)) (0) == 1;
|   ;
|   return 0;
| }
configure:13696: result: void
configure:13870: checking for GLIB
configure:13877: $PKG_CONFIG --exists --print-errors "$GLIB_PACKAGE >= $GLIB_MINVERSION"
configure:13880: $? = 0
configure:13894: $PKG_CONFIG --exists --print-errors "$GLIB_PACKAGE >= $GLIB_MINVERSION"
configure:13897: $? = 0
configure:13935: result: yes
configure:14074: checking that generated files are newer than configure
configure:14080: result: done
configure:14123: creating ./config.status

## ---------------------- ##
## Running config.status. ##
## ---------------------- ##

This file was extended by GNU FriBidi config.status 0.19.7, which was
generated by GNU Autoconf 2.69.  Invocation command line was

  CONFIG_FILES    = 
  CONFIG_HEADERS  = 
  CONFIG_LINKS    = 
  CONFIG_COMMANDS = 
  $ ./config.status 

on Dylans-MacBook-Pro.local

config.status:1137: creating fribidi.pc
config.status:1137: creating lib/fribidi-config.h
config.status:1137: creating Makefile
config.status:1137: creating charset/Makefile
config.status:1137: creating gen.tab/Makefile
config.status:1137: creating lib/Makefile
config.status:1137: creating bin/Makefile
config.status:1137: creating doc/Makefile
config.status:1137: creating test/Makefile
config.status:1137: creating config.h
config.status:1366: executing depfiles commands
config.status:1366: executing libtool commands

## ---------------- ##
## Cache variables. ##
## ---------------- ##

ac_cv_build=x86_64-apple-darwin16.7.0
ac_cv_c_compiler_gnu=yes
ac_cv_c_const=yes
ac_cv_c_stringize=yes
ac_cv_env_CC_set=
ac_cv_env_CC_value=
ac_cv_env_CFLAGS_set=set
ac_cv_env_CFLAGS_value='-I/Users/dylanmarcus/git/ffmpeg-static/target/include -L/Users/dylanmarcus/git/ffmpeg-static/target/lib'
ac_cv_env_CPPFLAGS_set=
ac_cv_env_CPPFLAGS_value=
ac_cv_env_CPP_set=
ac_cv_env_CPP_value=
ac_cv_env_GLIB_CFLAGS_set=
ac_cv_env_GLIB_CFLAGS_value=
ac_cv_env_GLIB_LIBS_set=
ac_cv_env_GLIB_LIBS_value=
ac_cv_env_LDFLAGS_set=set
ac_cv_env_LDFLAGS_value=-L/Users/dylanmarcus/git/ffmpeg-static/target/lib
ac_cv_env_LIBS_set=
ac_cv_env_LIBS_value=
ac_cv_env_LT_SYS_LIBRARY_PATH_set=
ac_cv_env_LT_SYS_LIBRARY_PATH_value=
ac_cv_env_PKG_CONFIG_LIBDIR_set=
ac_cv_env_PKG_CONFIG_LIBDIR_value=
ac_cv_env_PKG_CONFIG_PATH_set=set
ac_cv_env_PKG_CONFIG_PATH_value=/Users/dylanmarcus/git/ffmpeg-static/target/lib/pkgconfig
ac_cv_env_PKG_CONFIG_set=
ac_cv_env_PKG_CONFIG_value=
ac_cv_env_build_alias_set=
ac_cv_env_build_alias_value=
ac_cv_env_host_alias_set=
ac_cv_env_host_alias_value=
ac_cv_env_target_alias_set=
ac_cv_env_target_alias_value=
ac_cv_func_memmove=yes
ac_cv_func_memset=yes
ac_cv_func_strdup=yes
ac_cv_header_asm_page_h=no
ac_cv_header_dlfcn_h=yes
ac_cv_header_inttypes_h=yes
ac_cv_header_memory_h=yes
ac_cv_header_stdc=yes
ac_cv_header_stdint_h=yes
ac_cv_header_stdlib_h=yes
ac_cv_header_string_h=yes
ac_cv_header_strings_h=yes
ac_cv_header_sys_stat_h=yes
ac_cv_header_sys_times_h=yes
ac_cv_header_sys_types_h=yes
ac_cv_header_unistd_h=yes
ac_cv_header_wchar_h=yes
ac_cv_host=x86_64-apple-darwin16.7.0
ac_cv_objext=o
ac_cv_path_EGREP='/usr/bin/grep -E'
ac_cv_path_FGREP='/usr/bin/grep -F'
ac_cv_path_GREP=/usr/bin/grep
ac_cv_path_SED=/usr/bin/sed
ac_cv_path_ac_pt_PKG_CONFIG=/usr/local/bin/pkg-config
ac_cv_path_install='/usr/bin/install -c'
ac_cv_path_lt_DD=/bin/dd
ac_cv_prog_AWK=awk
ac_cv_prog_CPP='gcc -E'
ac_cv_prog_ac_ct_AR=ar
ac_cv_prog_ac_ct_CC=gcc
ac_cv_prog_ac_ct_DSYMUTIL=dsymutil
ac_cv_prog_ac_ct_LIPO=lipo
ac_cv_prog_ac_ct_NMEDIT=nmedit
ac_cv_prog_ac_ct_OBJDUMP=objdump
ac_cv_prog_ac_ct_OTOOL=otool
ac_cv_prog_ac_ct_RANLIB=ranlib
ac_cv_prog_ac_ct_STRIP=strip
ac_cv_prog_cc_c89=
ac_cv_prog_cc_g=yes
ac_cv_prog_make_make_set=yes
ac_cv_sizeof_int=4
ac_cv_sizeof_short=2
ac_cv_sizeof_void_p=8
ac_cv_sizeof_wchar_t=4
ac_cv_type_signal=void
am_cv_CC_dependencies_compiler_type=gcc3
am_cv_ar_interface=ar
am_cv_make_support_nested_variables=yes
am_cv_prog_cc_c_o=yes
lt_cv_apple_cc_single_mod=yes
lt_cv_ar_at_file=no
lt_cv_deplibs_check_method=pass_all
lt_cv_file_magic_cmd='$MAGIC_CMD'
lt_cv_file_magic_test_file=
lt_cv_ld_exported_symbols_list=yes
lt_cv_ld_force_load=yes
lt_cv_ld_reload_flag=-r
lt_cv_nm_interface='BSD nm'
lt_cv_objdir=.libs
lt_cv_path_LD=/Applications/Xcode.app/Contents/Developer/Toolchains/XcodeDefault.xctoolchain/usr/bin/ld
lt_cv_path_NM='/usr/bin/nm -B'
lt_cv_path_mainfest_tool=no
lt_cv_prog_compiler_c_o=yes
lt_cv_prog_compiler_pic='-fno-common -DPIC'
lt_cv_prog_compiler_pic_works=yes
lt_cv_prog_compiler_rtti_exceptions=yes
lt_cv_prog_compiler_static_works=no
lt_cv_prog_gnu_ld=no
lt_cv_sharedlib_from_linklib_cmd='printf %s\n'
lt_cv_sys_global_symbol_pipe='sed -n -e '\''s/^.*[	 ]\([BCDEGRST][BCDEGRST]*\)[	 ][	 ]*_\([_A-Za-z][_A-Za-z0-9]*\)$/\1 _\2 \2/p'\'' | sed '\''/ __gnu_lto/d'\'''
lt_cv_sys_global_symbol_to_c_name_address='sed -n -e '\''s/^: \(.*\) .*$/  {"\1", (void *) 0},/p'\'' -e '\''s/^[BCDEGRST][BCDEGRST]* .* \(.*\)$/  {"\1", (void *) \&\1},/p'\'''
lt_cv_sys_global_symbol_to_c_name_address_lib_prefix='sed -n -e '\''s/^: \(.*\) .*$/  {"\1", (void *) 0},/p'\'' -e '\''s/^[BCDEGRST][BCDEGRST]* .* \(lib.*\)$/  {"\1", (void *) \&\1},/p'\'' -e '\''s/^[BCDEGRST][BCDEGRST]* .* \(.*\)$/  {"lib\1", (void *) \&\1},/p'\'''
lt_cv_sys_global_symbol_to_cdecl='sed -n -e '\''s/^T .* \(.*\)$/extern int \1();/p'\'' -e '\''s/^[BCDEGRST][BCDEGRST]* .* \(.*\)$/extern char \1;/p'\'''
lt_cv_sys_global_symbol_to_import=
lt_cv_sys_max_cmd_len=196608
lt_cv_to_host_file_cmd=func_convert_file_noop
lt_cv_to_tool_file_cmd=func_convert_file_noop
lt_cv_truncate_bin='/bin/dd bs=4096 count=1'
pkg_cv_GLIB_CFLAGS='-I/usr/local/Cellar/glib/2.54.1/include/glib-2.0 -I/usr/local/Cellar/glib/2.54.1/lib/glib-2.0/include -I/usr/local/opt/gettext/include -I/usr/local/Cellar/pcre/8.41/include'
pkg_cv_GLIB_LIBS='-L/usr/local/Cellar/glib/2.54.1/lib -L/usr/local/opt/gettext/lib -lglib-2.0 -lintl -Wl,-framework -Wl,CoreFoundation'

## ----------------- ##
## Output variables. ##
## ----------------- ##

ACLOCAL='${SHELL} /Users/dylanmarcus/git/ffmpeg-static/build/fribidi-0.19.7/missing aclocal-1.15'
AMDEPBACKSLASH='\'
AMDEP_FALSE='#'
AMDEP_TRUE=''
AMTAR='$${TAR-tar}'
AM_BACKSLASH='\'
AM_DEFAULT_V='$(AM_DEFAULT_VERBOSITY)'
AM_DEFAULT_VERBOSITY='0'
AM_V='$(V)'
AR='ar'
AUTOCONF='${SHELL} /Users/dylanmarcus/git/ffmpeg-static/build/fribidi-0.19.7/missing autoconf'
AUTOHEADER='${SHELL} /Users/dylanmarcus/git/ffmpeg-static/build/fribidi-0.19.7/missing autoheader'
AUTOMAKE='${SHELL} /Users/dylanmarcus/git/ffmpeg-static/build/fribidi-0.19.7/missing automake-1.15'
AWK='awk'
CC='gcc'
CCDEPMODE='depmode=gcc3'
CFLAGS='-I/Users/dylanmarcus/git/ffmpeg-static/target/include -L/Users/dylanmarcus/git/ffmpeg-static/target/lib -Wall -ansi '
CPP='gcc -E'
CPPFLAGS=''
CYGPATH_W='echo'
DEFS='-DHAVE_CONFIG_H'
DEPDIR='.deps'
DLLTOOL='false'
DSYMUTIL='dsymutil'
DUMPBIN=''
ECHO_C='\c'
ECHO_N=''
ECHO_T=''
EGREP='/usr/bin/grep -E'
EXEEXT=''
FGREP='/usr/bin/grep -F'
FRIBIDI_BINARY_AGE='3'
FRIBIDI_CHARSETS='1'
FRIBIDI_CHARSETS_FALSE='#'
FRIBIDI_CHARSETS_TRUE=''
FRIBIDI_INTERFACE_AGE='6'
FRIBIDI_INTERFACE_VERSION='3'
FRIBIDI_MAJOR_VERSION='0'
FRIBIDI_MICRO_VERSION='7'
FRIBIDI_MINOR_VERSION='19'
FRIBIDI_NO_DEPRECATED='0'
FRIBIDI_USE_GLIB='1'
FRIBIDI_USE_GLIB_FALSE='#'
FRIBIDI_USE_GLIB_TRUE=''
FRIBIDI_VERSION='0.19.7'
GLIB_CFLAGS='-I/usr/local/Cellar/glib/2.54.1/include/glib-2.0 -I/usr/local/Cellar/glib/2.54.1/lib/glib-2.0/include -I/usr/local/opt/gettext/include -I/usr/local/Cellar/pcre/8.41/include'
GLIB_LIBS='-L/usr/local/Cellar/glib/2.54.1/lib -L/usr/local/opt/gettext/lib -lglib-2.0 -lintl -Wl,-framework -Wl,CoreFoundation'
GREP='/usr/bin/grep'
INSTALL_DATA='${INSTALL} -m 644'
INSTALL_PROGRAM='${INSTALL}'
INSTALL_SCRIPT='${INSTALL}'
INSTALL_STRIP_PROGRAM='$(install_sh) -c -s'
LD='/Applications/Xcode.app/Contents/Developer/Toolchains/XcodeDefault.xctoolchain/usr/bin/ld'
LDFLAGS='-L/Users/dylanmarcus/git/ffmpeg-static/target/lib'
LIBOBJS=''
LIBS=''
LIBTOOL='$(SHELL) $(top_builddir)/libtool'
LIPO='lipo'
LN_S='ln -s'
LTLIBOBJS=''
LT_CURRENT_MINUS_AGE='0'
LT_SYS_LIBRARY_PATH=''
LT_VERSION_INFO='3:6:3'
MAKEINFO='${SHELL} /Users/dylanmarcus/git/ffmpeg-static/build/fribidi-0.19.7/missing makeinfo'
MANIFEST_TOOL=':'
MISC_CFLAGS='-I/usr/local/Cellar/glib/2.54.1/include/glib-2.0 -I/usr/local/Cellar/glib/2.54.1/lib/glib-2.0/include -I/usr/local/opt/gettext/include -I/usr/local/Cellar/pcre/8.41/include'
MISC_LIBS='-L/usr/local/Cellar/glib/2.54.1/lib -L/usr/local/opt/gettext/lib -lglib-2.0 -lintl -Wl,-framework -Wl,CoreFoundation'
MISC_PACKAGES='glib-2.0'
MKDIR_P='./install-sh -c -d'
NM='/usr/bin/nm -B'
NMEDIT='nmedit'
OBJDUMP='objdump'
OBJEXT='o'
OS_WIN32_FALSE=''
OS_WIN32_TRUE='#'
OTOOL64=':'
OTOOL='otool'
PACKAGE='fribidi'
PACKAGE_BUGREPORT='http://bugs.freedesktop.org/enter_bug.cgi?product=fribidi'
PACKAGE_NAME='GNU FriBidi'
PACKAGE_STRING='GNU FriBidi 0.19.7'
PACKAGE_TARNAME='fribidi'
PACKAGE_URL='http://fribidi.org/'
PACKAGE_VERSION='0.19.7'
PATH_SEPARATOR=':'
PKG_CONFIG='/usr/local/bin/pkg-config'
PKG_CONFIG_LIBDIR=''
PKG_CONFIG_PATH='/Users/dylanmarcus/git/ffmpeg-static/target/lib/pkgconfig'
PLATFORM_WIN32_FALSE=''
PLATFORM_WIN32_TRUE='#'
RANLIB='ranlib'
SED='/usr/bin/sed'
SET_MAKE=''
SHELL='/bin/sh'
SIZEOF_INT='4'
STRIP='strip'
VERSION='0.19.7'
ac_ct_AR='ar'
ac_ct_CC='gcc'
ac_ct_DUMPBIN=''
am__EXEEXT_FALSE=''
am__EXEEXT_TRUE='#'
am__fastdepCC_FALSE='#'
am__fastdepCC_TRUE=''
am__include='include'
am__isrc=''
am__leading_dot='.'
am__nodep='_no'
am__quote=''
am__tar='$${TAR-tar} chof - "$$tardir"'
am__untar='$${TAR-tar} xf -'
bindir='${exec_prefix}/bin'
build='x86_64-apple-darwin16.7.0'
build_alias=''
build_cpu='x86_64'
build_os='darwin16.7.0'
build_vendor='apple'
datadir='${datarootdir}'
datarootdir='${prefix}/share'
docdir='${datarootdir}/doc/${PACKAGE_TARNAME}'
dvidir='${docdir}'
exec_prefix='${prefix}'
host='x86_64-apple-darwin16.7.0'
host_alias=''
host_cpu='x86_64'
host_os='darwin16.7.0'
host_vendor='apple'
htmldir='${docdir}'
includedir='${prefix}/include'
infodir='${datarootdir}/info'
install_sh='${SHELL} /Users/dylanmarcus/git/ffmpeg-static/build/fribidi-0.19.7/install-sh'
libdir='${exec_prefix}/lib'
libexecdir='${exec_prefix}/libexec'
localedir='${datarootdir}/locale'
localstatedir='${prefix}/var'
mandir='${datarootdir}/man'
mkdir_p='$(MKDIR_P)'
oldincludedir='/usr/include'
pdfdir='${docdir}'
prefix='/Users/dylanmarcus/git/ffmpeg-static/target'
program_transform_name='s,x,x,'
psdir='${docdir}'
sbindir='${exec_prefix}/sbin'
sharedstatedir='${prefix}/com'
sysconfdir='${prefix}/etc'
target_alias=''

## ----------- ##
## confdefs.h. ##
## ----------- ##

/* confdefs.h */
#define PACKAGE_NAME "GNU FriBidi"
#define PACKAGE_TARNAME "fribidi"
#define PACKAGE_VERSION "0.19.7"
#define PACKAGE_STRING "GNU FriBidi 0.19.7"
#define PACKAGE_BUGREPORT "http://bugs.freedesktop.org/enter_bug.cgi?product=fribidi"
#define PACKAGE_URL "http://fribidi.org/"
#define STDC_HEADERS 1
#define HAVE_SYS_TYPES_H 1
#define HAVE_SYS_STAT_H 1
#define HAVE_STDLIB_H 1
#define HAVE_STRING_H 1
#define HAVE_MEMORY_H 1
#define HAVE_STRINGS_H 1
#define HAVE_INTTYPES_H 1
#define HAVE_STDINT_H 1
#define HAVE_UNISTD_H 1
#define HAVE_DLFCN_H 1
#define LT_OBJDIR ".libs/"
#define STDC_HEADERS 1
#define HAVE_STDLIB_H 1
#define HAVE_STRING_H 1
#define HAVE_STRINGS_H 1
#define HAVE_INTTYPES_H 1
#define HAVE_WCHAR_H 1
#define HAVE_SYS_TIMES_H 1
#define HAVE_STRINGIZE 1
#define SIZEOF_INT 4
#define SIZEOF_SHORT 2
#define SIZEOF_VOID_P 8
#define SIZEOF_WCHAR_T 4
#define HAVE_MEMMOVE 1
#define HAVE_MEMSET 1
#define HAVE_STRDUP 1
#define RETSIGTYPE void
#define DEBUG 1
#define USE_SIMPLE_MALLOC 1

configure: exit 0
