The system is: Darwin - 16.7.0 - x86_64
Compiling the C compiler identification source file "CMakeCCompilerId.c" succeeded.
Compiler: /Applications/Xcode.app/Contents/Developer/Toolchains/XcodeDefault.xctoolchain/usr/bin/cc 
Build flags: -I/Users/dylanmarcus/git/ffmpeg-static/target/include;-L/Users/dylanmarcus/git/ffmpeg-static/target/lib
Id flags:  

The output was:
0


Compilation of the C compiler identification source "CMakeCCompilerId.c" produced "a.out"

The C compiler identification is AppleClang, found in "/Users/dylanmarcus/git/ffmpeg-static/build/x265_2.3/build/linux/CMakeFiles/3.9.1/CompilerIdC/a.out"

Compiling the CXX compiler identification source file "CMakeCXXCompilerId.cpp" succeeded.
Compiler: /Applications/Xcode.app/Contents/Developer/Toolchains/XcodeDefault.xctoolchain/usr/bin/c++ 
Build flags: 
Id flags:  

The output was:
0


Compilation of the CXX compiler identification source "CMakeCXXCompilerId.cpp" produced "a.out"

The CXX compiler identification is AppleClang, found in "/Users/dylanmarcus/git/ffmpeg-static/build/x265_2.3/build/linux/CMakeFiles/3.9.1/CompilerIdCXX/a.out"

Determining if the C compiler works passed with the following output:
Change Dir: /Users/dylanmarcus/git/ffmpeg-static/build/x265_2.3/build/linux/CMakeFiles/CMakeTmp

Run Build Command:"/usr/bin/make" "cmTC_ecf3b/fast"
/Applications/Xcode.app/Contents/Developer/usr/bin/make -f CMakeFiles/cmTC_ecf3b.dir/build.make CMakeFiles/cmTC_ecf3b.dir/build
Building C object CMakeFiles/cmTC_ecf3b.dir/testCCompiler.c.o
/Applications/Xcode.app/Contents/Developer/Toolchains/XcodeDefault.xctoolchain/usr/bin/cc   -I/Users/dylanmarcus/git/ffmpeg-static/target/include -L/Users/dylanmarcus/git/ffmpeg-static/target/lib    -o CMakeFiles/cmTC_ecf3b.dir/testCCompiler.c.o   -c /Users/dylanmarcus/git/ffmpeg-static/build/x265_2.3/build/linux/CMakeFiles/CMakeTmp/testCCompiler.c
clang: warning: argument unused during compilation: '-L/Users/dylanmarcus/git/ffmpeg-static/target/lib' [-Wunused-command-line-argument]
Linking C executable cmTC_ecf3b
/usr/local/Cellar/cmake/3.9.1/bin/cmake -E cmake_link_script CMakeFiles/cmTC_ecf3b.dir/link.txt --verbose=1
/Applications/Xcode.app/Contents/Developer/Toolchains/XcodeDefault.xctoolchain/usr/bin/cc -I/Users/dylanmarcus/git/ffmpeg-static/target/include -L/Users/dylanmarcus/git/ffmpeg-static/target/lib  -Wl,-search_paths_first -Wl,-headerpad_max_install_names -L/Users/dylanmarcus/git/ffmpeg-static/target/lib  CMakeFiles/cmTC_ecf3b.dir/testCCompiler.c.o  -o cmTC_ecf3b 


Detecting C compiler ABI info compiled with the following output:
Change Dir: /Users/dylanmarcus/git/ffmpeg-static/build/x265_2.3/build/linux/CMakeFiles/CMakeTmp

Run Build Command:"/usr/bin/make" "cmTC_74af9/fast"
/Applications/Xcode.app/Contents/Developer/usr/bin/make -f CMakeFiles/cmTC_74af9.dir/build.make CMakeFiles/cmTC_74af9.dir/build
Building C object CMakeFiles/cmTC_74af9.dir/CMakeCCompilerABI.c.o
/Applications/Xcode.app/Contents/Developer/Toolchains/XcodeDefault.xctoolchain/usr/bin/cc   -I/Users/dylanmarcus/git/ffmpeg-static/target/include -L/Users/dylanmarcus/git/ffmpeg-static/target/lib    -o CMakeFiles/cmTC_74af9.dir/CMakeCCompilerABI.c.o   -c /usr/local/Cellar/cmake/3.9.1/share/cmake/Modules/CMakeCCompilerABI.c
clang: warning: argument unused during compilation: '-L/Users/dylanmarcus/git/ffmpeg-static/target/lib' [-Wunused-command-line-argument]
Linking C executable cmTC_74af9
/usr/local/Cellar/cmake/3.9.1/bin/cmake -E cmake_link_script CMakeFiles/cmTC_74af9.dir/link.txt --verbose=1
/Applications/Xcode.app/Contents/Developer/Toolchains/XcodeDefault.xctoolchain/usr/bin/cc -I/Users/dylanmarcus/git/ffmpeg-static/target/include -L/Users/dylanmarcus/git/ffmpeg-static/target/lib  -Wl,-search_paths_first -Wl,-headerpad_max_install_names -L/Users/dylanmarcus/git/ffmpeg-static/target/lib -v -Wl,-v CMakeFiles/cmTC_74af9.dir/CMakeCCompilerABI.c.o  -o cmTC_74af9 
Apple LLVM version 9.0.0 (clang-900.0.37)
Target: x86_64-apple-darwin16.7.0
Thread model: posix
InstalledDir: /Applications/Xcode.app/Contents/Developer/Toolchains/XcodeDefault.xctoolchain/usr/bin
 "/Applications/Xcode.app/Contents/Developer/Toolchains/XcodeDefault.xctoolchain/usr/bin/ld" -demangle -lto_library /Applications/Xcode.app/Contents/Developer/Toolchains/XcodeDefault.xctoolchain/usr/lib/libLTO.dylib -dynamic -arch x86_64 -macosx_version_min 10.12.0 -o cmTC_74af9 -L/Users/dylanmarcus/git/ffmpeg-static/target/lib -L/Users/dylanmarcus/git/ffmpeg-static/target/lib -search_paths_first -headerpad_max_install_names -v CMakeFiles/cmTC_74af9.dir/CMakeCCompilerABI.c.o -lSystem /Applications/Xcode.app/Contents/Developer/Toolchains/XcodeDefault.xctoolchain/usr/lib/clang/9.0.0/lib/darwin/libclang_rt.osx.a
@(#)PROGRAM:ld  PROJECT:ld64-302.3
configured to support archs: armv6 armv7 armv7s arm64 i386 x86_64 x86_64h armv6m armv7k armv7m armv7em (tvOS)
Library search paths:
	/Users/dylanmarcus/git/ffmpeg-static/target/lib
	/Users/dylanmarcus/git/ffmpeg-static/target/lib
	/usr/lib
	/usr/local/lib
Framework search paths:
	/Library/Frameworks/
	/System/Library/Frameworks/


Parsed C implicit link information from above output:
  link line regex: [^( *|.*[/\])(ld|CMAKE_LINK_STARTFILE-NOTFOUND|([^/\]+-)?ld|collect2)[^/\]*( |$)]
  ignore line: [Change Dir: /Users/dylanmarcus/git/ffmpeg-static/build/x265_2.3/build/linux/CMakeFiles/CMakeTmp]
  ignore line: []
  ignore line: [Run Build Command:"/usr/bin/make" "cmTC_74af9/fast"]
  ignore line: [/Applications/Xcode.app/Contents/Developer/usr/bin/make -f CMakeFiles/cmTC_74af9.dir/build.make CMakeFiles/cmTC_74af9.dir/build]
  ignore line: [Building C object CMakeFiles/cmTC_74af9.dir/CMakeCCompilerABI.c.o]
  ignore line: [/Applications/Xcode.app/Contents/Developer/Toolchains/XcodeDefault.xctoolchain/usr/bin/cc   -I/Users/dylanmarcus/git/ffmpeg-static/target/include -L/Users/dylanmarcus/git/ffmpeg-static/target/lib    -o CMakeFiles/cmTC_74af9.dir/CMakeCCompilerABI.c.o   -c /usr/local/Cellar/cmake/3.9.1/share/cmake/Modules/CMakeCCompilerABI.c]
  ignore line: [clang: warning: argument unused during compilation: '-L/Users/dylanmarcus/git/ffmpeg-static/target/lib' [-Wunused-command-line-argument]]
  ignore line: [Linking C executable cmTC_74af9]
  ignore line: [/usr/local/Cellar/cmake/3.9.1/bin/cmake -E cmake_link_script CMakeFiles/cmTC_74af9.dir/link.txt --verbose=1]
  ignore line: [/Applications/Xcode.app/Contents/Developer/Toolchains/XcodeDefault.xctoolchain/usr/bin/cc -I/Users/dylanmarcus/git/ffmpeg-static/target/include -L/Users/dylanmarcus/git/ffmpeg-static/target/lib  -Wl,-search_paths_first -Wl,-headerpad_max_install_names -L/Users/dylanmarcus/git/ffmpeg-static/target/lib -v -Wl,-v CMakeFiles/cmTC_74af9.dir/CMakeCCompilerABI.c.o  -o cmTC_74af9 ]
  ignore line: [Apple LLVM version 9.0.0 (clang-900.0.37)]
  ignore line: [Target: x86_64-apple-darwin16.7.0]
  ignore line: [Thread model: posix]
  ignore line: [InstalledDir: /Applications/Xcode.app/Contents/Developer/Toolchains/XcodeDefault.xctoolchain/usr/bin]
  link line: [ "/Applications/Xcode.app/Contents/Developer/Toolchains/XcodeDefault.xctoolchain/usr/bin/ld" -demangle -lto_library /Applications/Xcode.app/Contents/Developer/Toolchains/XcodeDefault.xctoolchain/usr/lib/libLTO.dylib -dynamic -arch x86_64 -macosx_version_min 10.12.0 -o cmTC_74af9 -L/Users/dylanmarcus/git/ffmpeg-static/target/lib -L/Users/dylanmarcus/git/ffmpeg-static/target/lib -search_paths_first -headerpad_max_install_names -v CMakeFiles/cmTC_74af9.dir/CMakeCCompilerABI.c.o -lSystem /Applications/Xcode.app/Contents/Developer/Toolchains/XcodeDefault.xctoolchain/usr/lib/clang/9.0.0/lib/darwin/libclang_rt.osx.a]
    arg [/Applications/Xcode.app/Contents/Developer/Toolchains/XcodeDefault.xctoolchain/usr/bin/ld] ==> ignore
    arg [-demangle] ==> ignore
    arg [-lto_library] ==> ignore, skip following value
    arg [/Applications/Xcode.app/Contents/Developer/Toolchains/XcodeDefault.xctoolchain/usr/lib/libLTO.dylib] ==> skip value of -lto_library
    arg [-dynamic] ==> ignore
    arg [-arch] ==> ignore
    arg [x86_64] ==> ignore
    arg [-macosx_version_min] ==> ignore
    arg [10.12.0] ==> ignore
    arg [-o] ==> ignore
    arg [cmTC_74af9] ==> ignore
    arg [-L/Users/dylanmarcus/git/ffmpeg-static/target/lib] ==> dir [/Users/dylanmarcus/git/ffmpeg-static/target/lib]
    arg [-L/Users/dylanmarcus/git/ffmpeg-static/target/lib] ==> dir [/Users/dylanmarcus/git/ffmpeg-static/target/lib]
    arg [-search_paths_first] ==> ignore
    arg [-headerpad_max_install_names] ==> ignore
    arg [-v] ==> ignore
    arg [CMakeFiles/cmTC_74af9.dir/CMakeCCompilerABI.c.o] ==> ignore
    arg [-lSystem] ==> lib [System]
    arg [/Applications/Xcode.app/Contents/Developer/Toolchains/XcodeDefault.xctoolchain/usr/lib/clang/9.0.0/lib/darwin/libclang_rt.osx.a] ==> lib [/Applications/Xcode.app/Contents/Developer/Toolchains/XcodeDefault.xctoolchain/usr/lib/clang/9.0.0/lib/darwin/libclang_rt.osx.a]
  Library search paths: [;/Users/dylanmarcus/git/ffmpeg-static/target/lib;/Users/dylanmarcus/git/ffmpeg-static/target/lib;/usr/lib;/usr/local/lib]
  Framework search paths: [;/Library/Frameworks/;/System/Library/Frameworks/]
  remove lib [System]
  remove lib [/Applications/Xcode.app/Contents/Developer/Toolchains/XcodeDefault.xctoolchain/usr/lib/clang/9.0.0/lib/darwin/libclang_rt.osx.a]
  collapse library dir [/Users/dylanmarcus/git/ffmpeg-static/target/lib] ==> [/Users/dylanmarcus/git/ffmpeg-static/target/lib]
  collapse library dir [/Users/dylanmarcus/git/ffmpeg-static/target/lib] ==> [/Users/dylanmarcus/git/ffmpeg-static/target/lib]
  collapse library dir [/Users/dylanmarcus/git/ffmpeg-static/target/lib] ==> [/Users/dylanmarcus/git/ffmpeg-static/target/lib]
  collapse library dir [/Users/dylanmarcus/git/ffmpeg-static/target/lib] ==> [/Users/dylanmarcus/git/ffmpeg-static/target/lib]
  collapse library dir [/usr/lib] ==> [/usr/lib]
  collapse library dir [/usr/local/lib] ==> [/usr/local/lib]
  collapse framework dir [/Library/Frameworks/] ==> [/Library/Frameworks]
  collapse framework dir [/System/Library/Frameworks/] ==> [/System/Library/Frameworks]
  implicit libs: []
  implicit dirs: [/Users/dylanmarcus/git/ffmpeg-static/target/lib;/usr/lib;/usr/local/lib]
  implicit fwks: [/Library/Frameworks;/System/Library/Frameworks]




Detecting C [-std=c11] compiler features compiled with the following output:
Change Dir: /Users/dylanmarcus/git/ffmpeg-static/build/x265_2.3/build/linux/CMakeFiles/CMakeTmp

Run Build Command:"/usr/bin/make" "cmTC_5ed77/fast"
/Applications/Xcode.app/Contents/Developer/usr/bin/make -f CMakeFiles/cmTC_5ed77.dir/build.make CMakeFiles/cmTC_5ed77.dir/build
Building C object CMakeFiles/cmTC_5ed77.dir/feature_tests.c.o
/Applications/Xcode.app/Contents/Developer/Toolchains/XcodeDefault.xctoolchain/usr/bin/cc   -I/Users/dylanmarcus/git/ffmpeg-static/target/include -L/Users/dylanmarcus/git/ffmpeg-static/target/lib    -std=c11 -o CMakeFiles/cmTC_5ed77.dir/feature_tests.c.o   -c /Users/dylanmarcus/git/ffmpeg-static/build/x265_2.3/build/linux/CMakeFiles/feature_tests.c
clang: warning: argument unused during compilation: '-L/Users/dylanmarcus/git/ffmpeg-static/target/lib' [-Wunused-command-line-argument]
Linking C executable cmTC_5ed77
/usr/local/Cellar/cmake/3.9.1/bin/cmake -E cmake_link_script CMakeFiles/cmTC_5ed77.dir/link.txt --verbose=1
/Applications/Xcode.app/Contents/Developer/Toolchains/XcodeDefault.xctoolchain/usr/bin/cc -I/Users/dylanmarcus/git/ffmpeg-static/target/include -L/Users/dylanmarcus/git/ffmpeg-static/target/lib  -Wl,-search_paths_first -Wl,-headerpad_max_install_names -L/Users/dylanmarcus/git/ffmpeg-static/target/lib  CMakeFiles/cmTC_5ed77.dir/feature_tests.c.o  -o cmTC_5ed77 


    Feature record: C_FEATURE:1c_function_prototypes
    Feature record: C_FEATURE:1c_restrict
    Feature record: C_FEATURE:1c_static_assert
    Feature record: C_FEATURE:1c_variadic_macros


Detecting C [-std=c99] compiler features compiled with the following output:
Change Dir: /Users/dylanmarcus/git/ffmpeg-static/build/x265_2.3/build/linux/CMakeFiles/CMakeTmp

Run Build Command:"/usr/bin/make" "cmTC_ec3ed/fast"
/Applications/Xcode.app/Contents/Developer/usr/bin/make -f CMakeFiles/cmTC_ec3ed.dir/build.make CMakeFiles/cmTC_ec3ed.dir/build
Building C object CMakeFiles/cmTC_ec3ed.dir/feature_tests.c.o
/Applications/Xcode.app/Contents/Developer/Toolchains/XcodeDefault.xctoolchain/usr/bin/cc   -I/Users/dylanmarcus/git/ffmpeg-static/target/include -L/Users/dylanmarcus/git/ffmpeg-static/target/lib    -std=c99 -o CMakeFiles/cmTC_ec3ed.dir/feature_tests.c.o   -c /Users/dylanmarcus/git/ffmpeg-static/build/x265_2.3/build/linux/CMakeFiles/feature_tests.c
clang: warning: argument unused during compilation: '-L/Users/dylanmarcus/git/ffmpeg-static/target/lib' [-Wunused-command-line-argument]
Linking C executable cmTC_ec3ed
/usr/local/Cellar/cmake/3.9.1/bin/cmake -E cmake_link_script CMakeFiles/cmTC_ec3ed.dir/link.txt --verbose=1
/Applications/Xcode.app/Contents/Developer/Toolchains/XcodeDefault.xctoolchain/usr/bin/cc -I/Users/dylanmarcus/git/ffmpeg-static/target/include -L/Users/dylanmarcus/git/ffmpeg-static/target/lib  -Wl,-search_paths_first -Wl,-headerpad_max_install_names -L/Users/dylanmarcus/git/ffmpeg-static/target/lib  CMakeFiles/cmTC_ec3ed.dir/feature_tests.c.o  -o cmTC_ec3ed 


    Feature record: C_FEATURE:1c_function_prototypes
    Feature record: C_FEATURE:1c_restrict
    Feature record: C_FEATURE:0c_static_assert
    Feature record: C_FEATURE:1c_variadic_macros


Detecting C [-std=c90] compiler features compiled with the following output:
Change Dir: /Users/dylanmarcus/git/ffmpeg-static/build/x265_2.3/build/linux/CMakeFiles/CMakeTmp

Run Build Command:"/usr/bin/make" "cmTC_fbcdf/fast"
/Applications/Xcode.app/Contents/Developer/usr/bin/make -f CMakeFiles/cmTC_fbcdf.dir/build.make CMakeFiles/cmTC_fbcdf.dir/build
Building C object CMakeFiles/cmTC_fbcdf.dir/feature_tests.c.o
/Applications/Xcode.app/Contents/Developer/Toolchains/XcodeDefault.xctoolchain/usr/bin/cc   -I/Users/dylanmarcus/git/ffmpeg-static/target/include -L/Users/dylanmarcus/git/ffmpeg-static/target/lib    -std=c90 -o CMakeFiles/cmTC_fbcdf.dir/feature_tests.c.o   -c /Users/dylanmarcus/git/ffmpeg-static/build/x265_2.3/build/linux/CMakeFiles/feature_tests.c
clang: warning: argument unused during compilation: '-L/Users/dylanmarcus/git/ffmpeg-static/target/lib' [-Wunused-command-line-argument]
Linking C executable cmTC_fbcdf
/usr/local/Cellar/cmake/3.9.1/bin/cmake -E cmake_link_script CMakeFiles/cmTC_fbcdf.dir/link.txt --verbose=1
/Applications/Xcode.app/Contents/Developer/Toolchains/XcodeDefault.xctoolchain/usr/bin/cc -I/Users/dylanmarcus/git/ffmpeg-static/target/include -L/Users/dylanmarcus/git/ffmpeg-static/target/lib  -Wl,-search_paths_first -Wl,-headerpad_max_install_names -L/Users/dylanmarcus/git/ffmpeg-static/target/lib  CMakeFiles/cmTC_fbcdf.dir/feature_tests.c.o  -o cmTC_fbcdf 


    Feature record: C_FEATURE:1c_function_prototypes
    Feature record: C_FEATURE:0c_restrict
    Feature record: C_FEATURE:0c_static_assert
    Feature record: C_FEATURE:0c_variadic_macros
Determining if the CXX compiler works passed with the following output:
Change Dir: /Users/dylanmarcus/git/ffmpeg-static/build/x265_2.3/build/linux/CMakeFiles/CMakeTmp

Run Build Command:"/usr/bin/make" "cmTC_6a199/fast"
/Applications/Xcode.app/Contents/Developer/usr/bin/make -f CMakeFiles/cmTC_6a199.dir/build.make CMakeFiles/cmTC_6a199.dir/build
Building CXX object CMakeFiles/cmTC_6a199.dir/testCXXCompiler.cxx.o
/Applications/Xcode.app/Contents/Developer/Toolchains/XcodeDefault.xctoolchain/usr/bin/c++     -o CMakeFiles/cmTC_6a199.dir/testCXXCompiler.cxx.o -c /Users/dylanmarcus/git/ffmpeg-static/build/x265_2.3/build/linux/CMakeFiles/CMakeTmp/testCXXCompiler.cxx
Linking CXX executable cmTC_6a199
/usr/local/Cellar/cmake/3.9.1/bin/cmake -E cmake_link_script CMakeFiles/cmTC_6a199.dir/link.txt --verbose=1
/Applications/Xcode.app/Contents/Developer/Toolchains/XcodeDefault.xctoolchain/usr/bin/c++    -Wl,-search_paths_first -Wl,-headerpad_max_install_names -L/Users/dylanmarcus/git/ffmpeg-static/target/lib  CMakeFiles/cmTC_6a199.dir/testCXXCompiler.cxx.o  -o cmTC_6a199 


Detecting CXX compiler ABI info compiled with the following output:
Change Dir: /Users/dylanmarcus/git/ffmpeg-static/build/x265_2.3/build/linux/CMakeFiles/CMakeTmp

Run Build Command:"/usr/bin/make" "cmTC_52e58/fast"
/Applications/Xcode.app/Contents/Developer/usr/bin/make -f CMakeFiles/cmTC_52e58.dir/build.make CMakeFiles/cmTC_52e58.dir/build
Building CXX object CMakeFiles/cmTC_52e58.dir/CMakeCXXCompilerABI.cpp.o
/Applications/Xcode.app/Contents/Developer/Toolchains/XcodeDefault.xctoolchain/usr/bin/c++     -o CMakeFiles/cmTC_52e58.dir/CMakeCXXCompilerABI.cpp.o -c /usr/local/Cellar/cmake/3.9.1/share/cmake/Modules/CMakeCXXCompilerABI.cpp
Linking CXX executable cmTC_52e58
/usr/local/Cellar/cmake/3.9.1/bin/cmake -E cmake_link_script CMakeFiles/cmTC_52e58.dir/link.txt --verbose=1
/Applications/Xcode.app/Contents/Developer/Toolchains/XcodeDefault.xctoolchain/usr/bin/c++    -Wl,-search_paths_first -Wl,-headerpad_max_install_names -L/Users/dylanmarcus/git/ffmpeg-static/target/lib -v -Wl,-v CMakeFiles/cmTC_52e58.dir/CMakeCXXCompilerABI.cpp.o  -o cmTC_52e58 
Apple LLVM version 9.0.0 (clang-900.0.37)
Target: x86_64-apple-darwin16.7.0
Thread model: posix
InstalledDir: /Applications/Xcode.app/Contents/Developer/Toolchains/XcodeDefault.xctoolchain/usr/bin
 "/Applications/Xcode.app/Contents/Developer/Toolchains/XcodeDefault.xctoolchain/usr/bin/ld" -demangle -lto_library /Applications/Xcode.app/Contents/Developer/Toolchains/XcodeDefault.xctoolchain/usr/lib/libLTO.dylib -dynamic -arch x86_64 -macosx_version_min 10.12.0 -o cmTC_52e58 -L/Users/dylanmarcus/git/ffmpeg-static/target/lib -search_paths_first -headerpad_max_install_names -v CMakeFiles/cmTC_52e58.dir/CMakeCXXCompilerABI.cpp.o -lc++ -lSystem /Applications/Xcode.app/Contents/Developer/Toolchains/XcodeDefault.xctoolchain/usr/lib/clang/9.0.0/lib/darwin/libclang_rt.osx.a
@(#)PROGRAM:ld  PROJECT:ld64-302.3
configured to support archs: armv6 armv7 armv7s arm64 i386 x86_64 x86_64h armv6m armv7k armv7m armv7em (tvOS)
Library search paths:
	/Users/dylanmarcus/git/ffmpeg-static/target/lib
	/usr/lib
	/usr/local/lib
Framework search paths:
	/Library/Frameworks/
	/System/Library/Frameworks/


Parsed CXX implicit link information from above output:
  link line regex: [^( *|.*[/\])(ld|CMAKE_LINK_STARTFILE-NOTFOUND|([^/\]+-)?ld|collect2)[^/\]*( |$)]
  ignore line: [Change Dir: /Users/dylanmarcus/git/ffmpeg-static/build/x265_2.3/build/linux/CMakeFiles/CMakeTmp]
  ignore line: []
  ignore line: [Run Build Command:"/usr/bin/make" "cmTC_52e58/fast"]
  ignore line: [/Applications/Xcode.app/Contents/Developer/usr/bin/make -f CMakeFiles/cmTC_52e58.dir/build.make CMakeFiles/cmTC_52e58.dir/build]
  ignore line: [Building CXX object CMakeFiles/cmTC_52e58.dir/CMakeCXXCompilerABI.cpp.o]
  ignore line: [/Applications/Xcode.app/Contents/Developer/Toolchains/XcodeDefault.xctoolchain/usr/bin/c++     -o CMakeFiles/cmTC_52e58.dir/CMakeCXXCompilerABI.cpp.o -c /usr/local/Cellar/cmake/3.9.1/share/cmake/Modules/CMakeCXXCompilerABI.cpp]
  ignore line: [Linking CXX executable cmTC_52e58]
  ignore line: [/usr/local/Cellar/cmake/3.9.1/bin/cmake -E cmake_link_script CMakeFiles/cmTC_52e58.dir/link.txt --verbose=1]
  ignore line: [/Applications/Xcode.app/Contents/Developer/Toolchains/XcodeDefault.xctoolchain/usr/bin/c++    -Wl,-search_paths_first -Wl,-headerpad_max_install_names -L/Users/dylanmarcus/git/ffmpeg-static/target/lib -v -Wl,-v CMakeFiles/cmTC_52e58.dir/CMakeCXXCompilerABI.cpp.o  -o cmTC_52e58 ]
  ignore line: [Apple LLVM version 9.0.0 (clang-900.0.37)]
  ignore line: [Target: x86_64-apple-darwin16.7.0]
  ignore line: [Thread model: posix]
  ignore line: [InstalledDir: /Applications/Xcode.app/Contents/Developer/Toolchains/XcodeDefault.xctoolchain/usr/bin]
  link line: [ "/Applications/Xcode.app/Contents/Developer/Toolchains/XcodeDefault.xctoolchain/usr/bin/ld" -demangle -lto_library /Applications/Xcode.app/Contents/Developer/Toolchains/XcodeDefault.xctoolchain/usr/lib/libLTO.dylib -dynamic -arch x86_64 -macosx_version_min 10.12.0 -o cmTC_52e58 -L/Users/dylanmarcus/git/ffmpeg-static/target/lib -search_paths_first -headerpad_max_install_names -v CMakeFiles/cmTC_52e58.dir/CMakeCXXCompilerABI.cpp.o -lc++ -lSystem /Applications/Xcode.app/Contents/Developer/Toolchains/XcodeDefault.xctoolchain/usr/lib/clang/9.0.0/lib/darwin/libclang_rt.osx.a]
    arg [/Applications/Xcode.app/Contents/Developer/Toolchains/XcodeDefault.xctoolchain/usr/bin/ld] ==> ignore
    arg [-demangle] ==> ignore
    arg [-lto_library] ==> ignore, skip following value
    arg [/Applications/Xcode.app/Contents/Developer/Toolchains/XcodeDefault.xctoolchain/usr/lib/libLTO.dylib] ==> skip value of -lto_library
    arg [-dynamic] ==> ignore
    arg [-arch] ==> ignore
    arg [x86_64] ==> ignore
    arg [-macosx_version_min] ==> ignore
    arg [10.12.0] ==> ignore
    arg [-o] ==> ignore
    arg [cmTC_52e58] ==> ignore
    arg [-L/Users/dylanmarcus/git/ffmpeg-static/target/lib] ==> dir [/Users/dylanmarcus/git/ffmpeg-static/target/lib]
    arg [-search_paths_first] ==> ignore
    arg [-headerpad_max_install_names] ==> ignore
    arg [-v] ==> ignore
    arg [CMakeFiles/cmTC_52e58.dir/CMakeCXXCompilerABI.cpp.o] ==> ignore
    arg [-lc++] ==> lib [c++]
    arg [-lSystem] ==> lib [System]
    arg [/Applications/Xcode.app/Contents/Developer/Toolchains/XcodeDefault.xctoolchain/usr/lib/clang/9.0.0/lib/darwin/libclang_rt.osx.a] ==> lib [/Applications/Xcode.app/Contents/Developer/Toolchains/XcodeDefault.xctoolchain/usr/lib/clang/9.0.0/lib/darwin/libclang_rt.osx.a]
  Library search paths: [;/Users/dylanmarcus/git/ffmpeg-static/target/lib;/usr/lib;/usr/local/lib]
  Framework search paths: [;/Library/Frameworks/;/System/Library/Frameworks/]
  remove lib [System]
  remove lib [/Applications/Xcode.app/Contents/Developer/Toolchains/XcodeDefault.xctoolchain/usr/lib/clang/9.0.0/lib/darwin/libclang_rt.osx.a]
  collapse library dir [/Users/dylanmarcus/git/ffmpeg-static/target/lib] ==> [/Users/dylanmarcus/git/ffmpeg-static/target/lib]
  collapse library dir [/Users/dylanmarcus/git/ffmpeg-static/target/lib] ==> [/Users/dylanmarcus/git/ffmpeg-static/target/lib]
  collapse library dir [/usr/lib] ==> [/usr/lib]
  collapse library dir [/usr/local/lib] ==> [/usr/local/lib]
  collapse framework dir [/Library/Frameworks/] ==> [/Library/Frameworks]
  collapse framework dir [/System/Library/Frameworks/] ==> [/System/Library/Frameworks]
  implicit libs: [c++]
  implicit dirs: [/Users/dylanmarcus/git/ffmpeg-static/target/lib;/usr/lib;/usr/local/lib]
  implicit fwks: [/Library/Frameworks;/System/Library/Frameworks]




Detecting CXX [-std=c++1z] compiler features compiled with the following output:
Change Dir: /Users/dylanmarcus/git/ffmpeg-static/build/x265_2.3/build/linux/CMakeFiles/CMakeTmp

Run Build Command:"/usr/bin/make" "cmTC_4a7fe/fast"
/Applications/Xcode.app/Contents/Developer/usr/bin/make -f CMakeFiles/cmTC_4a7fe.dir/build.make CMakeFiles/cmTC_4a7fe.dir/build
Building CXX object CMakeFiles/cmTC_4a7fe.dir/feature_tests.cxx.o
/Applications/Xcode.app/Contents/Developer/Toolchains/XcodeDefault.xctoolchain/usr/bin/c++    -std=c++1z -o CMakeFiles/cmTC_4a7fe.dir/feature_tests.cxx.o -c /Users/dylanmarcus/git/ffmpeg-static/build/x265_2.3/build/linux/CMakeFiles/feature_tests.cxx
Linking CXX executable cmTC_4a7fe
/usr/local/Cellar/cmake/3.9.1/bin/cmake -E cmake_link_script CMakeFiles/cmTC_4a7fe.dir/link.txt --verbose=1
/Applications/Xcode.app/Contents/Developer/Toolchains/XcodeDefault.xctoolchain/usr/bin/c++    -Wl,-search_paths_first -Wl,-headerpad_max_install_names -L/Users/dylanmarcus/git/ffmpeg-static/target/lib  CMakeFiles/cmTC_4a7fe.dir/feature_tests.cxx.o  -o cmTC_4a7fe 


    Feature record: CXX_FEATURE:1cxx_aggregate_default_initializers
    Feature record: CXX_FEATURE:1cxx_alias_templates
    Feature record: CXX_FEATURE:1cxx_alignas
    Feature record: CXX_FEATURE:1cxx_alignof
    Feature record: CXX_FEATURE:1cxx_attributes
    Feature record: CXX_FEATURE:1cxx_attribute_deprecated
    Feature record: CXX_FEATURE:1cxx_auto_type
    Feature record: CXX_FEATURE:1cxx_binary_literals
    Feature record: CXX_FEATURE:1cxx_constexpr
    Feature record: CXX_FEATURE:1cxx_contextual_conversions
    Feature record: CXX_FEATURE:1cxx_decltype
    Feature record: CXX_FEATURE:1cxx_decltype_auto
    Feature record: CXX_FEATURE:1cxx_decltype_incomplete_return_types
    Feature record: CXX_FEATURE:1cxx_default_function_template_args
    Feature record: CXX_FEATURE:1cxx_defaulted_functions
    Feature record: CXX_FEATURE:1cxx_defaulted_move_initializers
    Feature record: CXX_FEATURE:1cxx_delegating_constructors
    Feature record: CXX_FEATURE:1cxx_deleted_functions
    Feature record: CXX_FEATURE:1cxx_digit_separators
    Feature record: CXX_FEATURE:1cxx_enum_forward_declarations
    Feature record: CXX_FEATURE:1cxx_explicit_conversions
    Feature record: CXX_FEATURE:1cxx_extended_friend_declarations
    Feature record: CXX_FEATURE:1cxx_extern_templates
    Feature record: CXX_FEATURE:1cxx_final
    Feature record: CXX_FEATURE:1cxx_func_identifier
    Feature record: CXX_FEATURE:1cxx_generalized_initializers
    Feature record: CXX_FEATURE:1cxx_generic_lambdas
    Feature record: CXX_FEATURE:1cxx_inheriting_constructors
    Feature record: CXX_FEATURE:1cxx_inline_namespaces
    Feature record: CXX_FEATURE:1cxx_lambdas
    Feature record: CXX_FEATURE:1cxx_lambda_init_captures
    Feature record: CXX_FEATURE:1cxx_local_type_template_args
    Feature record: CXX_FEATURE:1cxx_long_long_type
    Feature record: CXX_FEATURE:1cxx_noexcept
    Feature record: CXX_FEATURE:1cxx_nonstatic_member_init
    Feature record: CXX_FEATURE:1cxx_nullptr
    Feature record: CXX_FEATURE:1cxx_override
    Feature record: CXX_FEATURE:1cxx_range_for
    Feature record: CXX_FEATURE:1cxx_raw_string_literals
    Feature record: CXX_FEATURE:1cxx_reference_qualified_functions
    Feature record: CXX_FEATURE:1cxx_relaxed_constexpr
    Feature record: CXX_FEATURE:1cxx_return_type_deduction
    Feature record: CXX_FEATURE:1cxx_right_angle_brackets
    Feature record: CXX_FEATURE:1cxx_rvalue_references
    Feature record: CXX_FEATURE:1cxx_sizeof_member
    Feature record: CXX_FEATURE:1cxx_static_assert
    Feature record: CXX_FEATURE:1cxx_strong_enums
    Feature record: CXX_FEATURE:1cxx_template_template_parameters
    Feature record: CXX_FEATURE:1cxx_thread_local
    Feature record: CXX_FEATURE:1cxx_trailing_return_types
    Feature record: CXX_FEATURE:1cxx_unicode_literals
    Feature record: CXX_FEATURE:1cxx_uniform_initialization
    Feature record: CXX_FEATURE:1cxx_unrestricted_unions
    Feature record: CXX_FEATURE:1cxx_user_literals
    Feature record: CXX_FEATURE:1cxx_variable_templates
    Feature record: CXX_FEATURE:1cxx_variadic_macros
    Feature record: CXX_FEATURE:1cxx_variadic_templates


Detecting CXX [-std=c++14] compiler features compiled with the following output:
Change Dir: /Users/dylanmarcus/git/ffmpeg-static/build/x265_2.3/build/linux/CMakeFiles/CMakeTmp

Run Build Command:"/usr/bin/make" "cmTC_b0f35/fast"
/Applications/Xcode.app/Contents/Developer/usr/bin/make -f CMakeFiles/cmTC_b0f35.dir/build.make CMakeFiles/cmTC_b0f35.dir/build
Building CXX object CMakeFiles/cmTC_b0f35.dir/feature_tests.cxx.o
/Applications/Xcode.app/Contents/Developer/Toolchains/XcodeDefault.xctoolchain/usr/bin/c++    -std=c++14 -o CMakeFiles/cmTC_b0f35.dir/feature_tests.cxx.o -c /Users/dylanmarcus/git/ffmpeg-static/build/x265_2.3/build/linux/CMakeFiles/feature_tests.cxx
Linking CXX executable cmTC_b0f35
/usr/local/Cellar/cmake/3.9.1/bin/cmake -E cmake_link_script CMakeFiles/cmTC_b0f35.dir/link.txt --verbose=1
/Applications/Xcode.app/Contents/Developer/Toolchains/XcodeDefault.xctoolchain/usr/bin/c++    -Wl,-search_paths_first -Wl,-headerpad_max_install_names -L/Users/dylanmarcus/git/ffmpeg-static/target/lib  CMakeFiles/cmTC_b0f35.dir/feature_tests.cxx.o  -o cmTC_b0f35 


    Feature record: CXX_FEATURE:1cxx_aggregate_default_initializers
    Feature record: CXX_FEATURE:1cxx_alias_templates
    Feature record: CXX_FEATURE:1cxx_alignas
    Feature record: CXX_FEATURE:1cxx_alignof
    Feature record: CXX_FEATURE:1cxx_attributes
    Feature record: CXX_FEATURE:1cxx_attribute_deprecated
    Feature record: CXX_FEATURE:1cxx_auto_type
    Feature record: CXX_FEATURE:1cxx_binary_literals
    Feature record: CXX_FEATURE:1cxx_constexpr
    Feature record: CXX_FEATURE:1cxx_contextual_conversions
    Feature record: CXX_FEATURE:1cxx_decltype
    Feature record: CXX_FEATURE:1cxx_decltype_auto
    Feature record: CXX_FEATURE:1cxx_decltype_incomplete_return_types
    Feature record: CXX_FEATURE:1cxx_default_function_template_args
    Feature record: CXX_FEATURE:1cxx_defaulted_functions
    Feature record: CXX_FEATURE:1cxx_defaulted_move_initializers
    Feature record: CXX_FEATURE:1cxx_delegating_constructors
    Feature record: CXX_FEATURE:1cxx_deleted_functions
    Feature record: CXX_FEATURE:1cxx_digit_separators
    Feature record: CXX_FEATURE:1cxx_enum_forward_declarations
    Feature record: CXX_FEATURE:1cxx_explicit_conversions
    Feature record: CXX_FEATURE:1cxx_extended_friend_declarations
    Feature record: CXX_FEATURE:1cxx_extern_templates
    Feature record: CXX_FEATURE:1cxx_final
    Feature record: CXX_FEATURE:1cxx_func_identifier
    Feature record: CXX_FEATURE:1cxx_generalized_initializers
    Feature record: CXX_FEATURE:1cxx_generic_lambdas
    Feature record: CXX_FEATURE:1cxx_inheriting_constructors
    Feature record: CXX_FEATURE:1cxx_inline_namespaces
    Feature record: CXX_FEATURE:1cxx_lambdas
    Feature record: CXX_FEATURE:1cxx_lambda_init_captures
    Feature record: CXX_FEATURE:1cxx_local_type_template_args
    Feature record: CXX_FEATURE:1cxx_long_long_type
    Feature record: CXX_FEATURE:1cxx_noexcept
    Feature record: CXX_FEATURE:1cxx_nonstatic_member_init
    Feature record: CXX_FEATURE:1cxx_nullptr
    Feature record: CXX_FEATURE:1cxx_override
    Feature record: CXX_FEATURE:1cxx_range_for
    Feature record: CXX_FEATURE:1cxx_raw_string_literals
    Feature record: CXX_FEATURE:1cxx_reference_qualified_functions
    Feature record: CXX_FEATURE:1cxx_relaxed_constexpr
    Feature record: CXX_FEATURE:1cxx_return_type_deduction
    Feature record: CXX_FEATURE:1cxx_right_angle_brackets
    Feature record: CXX_FEATURE:1cxx_rvalue_references
    Feature record: CXX_FEATURE:1cxx_sizeof_member
    Feature record: CXX_FEATURE:1cxx_static_assert
    Feature record: CXX_FEATURE:1cxx_strong_enums
    Feature record: CXX_FEATURE:1cxx_template_template_parameters
    Feature record: CXX_FEATURE:1cxx_thread_local
    Feature record: CXX_FEATURE:1cxx_trailing_return_types
    Feature record: CXX_FEATURE:1cxx_unicode_literals
    Feature record: CXX_FEATURE:1cxx_uniform_initialization
    Feature record: CXX_FEATURE:1cxx_unrestricted_unions
    Feature record: CXX_FEATURE:1cxx_user_literals
    Feature record: CXX_FEATURE:1cxx_variable_templates
    Feature record: CXX_FEATURE:1cxx_variadic_macros
    Feature record: CXX_FEATURE:1cxx_variadic_templates


Detecting CXX [-std=c++11] compiler features compiled with the following output:
Change Dir: /Users/dylanmarcus/git/ffmpeg-static/build/x265_2.3/build/linux/CMakeFiles/CMakeTmp

Run Build Command:"/usr/bin/make" "cmTC_fed68/fast"
/Applications/Xcode.app/Contents/Developer/usr/bin/make -f CMakeFiles/cmTC_fed68.dir/build.make CMakeFiles/cmTC_fed68.dir/build
Building CXX object CMakeFiles/cmTC_fed68.dir/feature_tests.cxx.o
/Applications/Xcode.app/Contents/Developer/Toolchains/XcodeDefault.xctoolchain/usr/bin/c++    -std=c++11 -o CMakeFiles/cmTC_fed68.dir/feature_tests.cxx.o -c /Users/dylanmarcus/git/ffmpeg-static/build/x265_2.3/build/linux/CMakeFiles/feature_tests.cxx
Linking CXX executable cmTC_fed68
/usr/local/Cellar/cmake/3.9.1/bin/cmake -E cmake_link_script CMakeFiles/cmTC_fed68.dir/link.txt --verbose=1
/Applications/Xcode.app/Contents/Developer/Toolchains/XcodeDefault.xctoolchain/usr/bin/c++    -Wl,-search_paths_first -Wl,-headerpad_max_install_names -L/Users/dylanmarcus/git/ffmpeg-static/target/lib  CMakeFiles/cmTC_fed68.dir/feature_tests.cxx.o  -o cmTC_fed68 


    Feature record: CXX_FEATURE:0cxx_aggregate_default_initializers
    Feature record: CXX_FEATURE:1cxx_alias_templates
    Feature record: CXX_FEATURE:1cxx_alignas
    Feature record: CXX_FEATURE:1cxx_alignof
    Feature record: CXX_FEATURE:1cxx_attributes
    Feature record: CXX_FEATURE:0cxx_attribute_deprecated
    Feature record: CXX_FEATURE:1cxx_auto_type
    Feature record: CXX_FEATURE:0cxx_binary_literals
    Feature record: CXX_FEATURE:1cxx_constexpr
    Feature record: CXX_FEATURE:0cxx_contextual_conversions
    Feature record: CXX_FEATURE:1cxx_decltype
    Feature record: CXX_FEATURE:0cxx_decltype_auto
    Feature record: CXX_FEATURE:1cxx_decltype_incomplete_return_types
    Feature record: CXX_FEATURE:1cxx_default_function_template_args
    Feature record: CXX_FEATURE:1cxx_defaulted_functions
    Feature record: CXX_FEATURE:1cxx_defaulted_move_initializers
    Feature record: CXX_FEATURE:1cxx_delegating_constructors
    Feature record: CXX_FEATURE:1cxx_deleted_functions
    Feature record: CXX_FEATURE:0cxx_digit_separators
    Feature record: CXX_FEATURE:1cxx_enum_forward_declarations
    Feature record: CXX_FEATURE:1cxx_explicit_conversions
    Feature record: CXX_FEATURE:1cxx_extended_friend_declarations
    Feature record: CXX_FEATURE:1cxx_extern_templates
    Feature record: CXX_FEATURE:1cxx_final
    Feature record: CXX_FEATURE:1cxx_func_identifier
    Feature record: CXX_FEATURE:1cxx_generalized_initializers
    Feature record: CXX_FEATURE:0cxx_generic_lambdas
    Feature record: CXX_FEATURE:1cxx_inheriting_constructors
    Feature record: CXX_FEATURE:1cxx_inline_namespaces
    Feature record: CXX_FEATURE:1cxx_lambdas
    Feature record: CXX_FEATURE:0cxx_lambda_init_captures
    Feature record: CXX_FEATURE:1cxx_local_type_template_args
    Feature record: CXX_FEATURE:1cxx_long_long_type
    Feature record: CXX_FEATURE:1cxx_noexcept
    Feature record: CXX_FEATURE:1cxx_nonstatic_member_init
    Feature record: CXX_FEATURE:1cxx_nullptr
    Feature record: CXX_FEATURE:1cxx_override
    Feature record: CXX_FEATURE:1cxx_range_for
    Feature record: CXX_FEATURE:1cxx_raw_string_literals
    Feature record: CXX_FEATURE:1cxx_reference_qualified_functions
    Feature record: CXX_FEATURE:0cxx_relaxed_constexpr
    Feature record: CXX_FEATURE:0cxx_return_type_deduction
    Feature record: CXX_FEATURE:1cxx_right_angle_brackets
    Feature record: CXX_FEATURE:1cxx_rvalue_references
    Feature record: CXX_FEATURE:1cxx_sizeof_member
    Feature record: CXX_FEATURE:1cxx_static_assert
    Feature record: CXX_FEATURE:1cxx_strong_enums
    Feature record: CXX_FEATURE:1cxx_template_template_parameters
    Feature record: CXX_FEATURE:1cxx_thread_local
    Feature record: CXX_FEATURE:1cxx_trailing_return_types
    Feature record: CXX_FEATURE:1cxx_unicode_literals
    Feature record: CXX_FEATURE:1cxx_uniform_initialization
    Feature record: CXX_FEATURE:1cxx_unrestricted_unions
    Feature record: CXX_FEATURE:1cxx_user_literals
    Feature record: CXX_FEATURE:0cxx_variable_templates
    Feature record: CXX_FEATURE:1cxx_variadic_macros
    Feature record: CXX_FEATURE:1cxx_variadic_templates


Detecting CXX [-std=c++98] compiler features compiled with the following output:
Change Dir: /Users/dylanmarcus/git/ffmpeg-static/build/x265_2.3/build/linux/CMakeFiles/CMakeTmp

Run Build Command:"/usr/bin/make" "cmTC_3e007/fast"
/Applications/Xcode.app/Contents/Developer/usr/bin/make -f CMakeFiles/cmTC_3e007.dir/build.make CMakeFiles/cmTC_3e007.dir/build
Building CXX object CMakeFiles/cmTC_3e007.dir/feature_tests.cxx.o
/Applications/Xcode.app/Contents/Developer/Toolchains/XcodeDefault.xctoolchain/usr/bin/c++    -std=c++98 -o CMakeFiles/cmTC_3e007.dir/feature_tests.cxx.o -c /Users/dylanmarcus/git/ffmpeg-static/build/x265_2.3/build/linux/CMakeFiles/feature_tests.cxx
Linking CXX executable cmTC_3e007
/usr/local/Cellar/cmake/3.9.1/bin/cmake -E cmake_link_script CMakeFiles/cmTC_3e007.dir/link.txt --verbose=1
/Applications/Xcode.app/Contents/Developer/Toolchains/XcodeDefault.xctoolchain/usr/bin/c++    -Wl,-search_paths_first -Wl,-headerpad_max_install_names -L/Users/dylanmarcus/git/ffmpeg-static/target/lib  CMakeFiles/cmTC_3e007.dir/feature_tests.cxx.o  -o cmTC_3e007 


    Feature record: CXX_FEATURE:0cxx_aggregate_default_initializers
    Feature record: CXX_FEATURE:0cxx_alias_templates
    Feature record: CXX_FEATURE:0cxx_alignas
    Feature record: CXX_FEATURE:0cxx_alignof
    Feature record: CXX_FEATURE:0cxx_attributes
    Feature record: CXX_FEATURE:0cxx_attribute_deprecated
    Feature record: CXX_FEATURE:0cxx_auto_type
    Feature record: CXX_FEATURE:0cxx_binary_literals
    Feature record: CXX_FEATURE:0cxx_constexpr
    Feature record: CXX_FEATURE:0cxx_contextual_conversions
    Feature record: CXX_FEATURE:0cxx_decltype
    Feature record: CXX_FEATURE:0cxx_decltype_auto
    Feature record: CXX_FEATURE:0cxx_decltype_incomplete_return_types
    Feature record: CXX_FEATURE:0cxx_default_function_template_args
    Feature record: CXX_FEATURE:0cxx_defaulted_functions
    Feature record: CXX_FEATURE:0cxx_defaulted_move_initializers
    Feature record: CXX_FEATURE:0cxx_delegating_constructors
    Feature record: CXX_FEATURE:0cxx_deleted_functions
    Feature record: CXX_FEATURE:0cxx_digit_separators
    Feature record: CXX_FEATURE:0cxx_enum_forward_declarations
    Feature record: CXX_FEATURE:0cxx_explicit_conversions
    Feature record: CXX_FEATURE:0cxx_extended_friend_declarations
    Feature record: CXX_FEATURE:0cxx_extern_templates
    Feature record: CXX_FEATURE:0cxx_final
    Feature record: CXX_FEATURE:0cxx_func_identifier
    Feature record: CXX_FEATURE:0cxx_generalized_initializers
    Feature record: CXX_FEATURE:0cxx_generic_lambdas
    Feature record: CXX_FEATURE:0cxx_inheriting_constructors
    Feature record: CXX_FEATURE:0cxx_inline_namespaces
    Feature record: CXX_FEATURE:0cxx_lambdas
    Feature record: CXX_FEATURE:0cxx_lambda_init_captures
    Feature record: CXX_FEATURE:0cxx_local_type_template_args
    Feature record: CXX_FEATURE:0cxx_long_long_type
    Feature record: CXX_FEATURE:0cxx_noexcept
    Feature record: CXX_FEATURE:0cxx_nonstatic_member_init
    Feature record: CXX_FEATURE:0cxx_nullptr
    Feature record: CXX_FEATURE:0cxx_override
    Feature record: CXX_FEATURE:0cxx_range_for
    Feature record: CXX_FEATURE:0cxx_raw_string_literals
    Feature record: CXX_FEATURE:0cxx_reference_qualified_functions
    Feature record: CXX_FEATURE:0cxx_relaxed_constexpr
    Feature record: CXX_FEATURE:0cxx_return_type_deduction
    Feature record: CXX_FEATURE:0cxx_right_angle_brackets
    Feature record: CXX_FEATURE:0cxx_rvalue_references
    Feature record: CXX_FEATURE:0cxx_sizeof_member
    Feature record: CXX_FEATURE:0cxx_static_assert
    Feature record: CXX_FEATURE:0cxx_strong_enums
    Feature record: CXX_FEATURE:1cxx_template_template_parameters
    Feature record: CXX_FEATURE:0cxx_thread_local
    Feature record: CXX_FEATURE:0cxx_trailing_return_types
    Feature record: CXX_FEATURE:0cxx_unicode_literals
    Feature record: CXX_FEATURE:0cxx_uniform_initialization
    Feature record: CXX_FEATURE:0cxx_unrestricted_unions
    Feature record: CXX_FEATURE:0cxx_user_literals
    Feature record: CXX_FEATURE:0cxx_variable_templates
    Feature record: CXX_FEATURE:0cxx_variadic_macros
    Feature record: CXX_FEATURE:0cxx_variadic_templates
Determining if files inttypes.h exist passed with the following output:
Change Dir: /Users/dylanmarcus/git/ffmpeg-static/build/x265_2.3/build/linux/CMakeFiles/CMakeTmp

Run Build Command:"/usr/bin/make" "cmTC_3fc2f/fast"
/Applications/Xcode.app/Contents/Developer/usr/bin/make -f CMakeFiles/cmTC_3fc2f.dir/build.make CMakeFiles/cmTC_3fc2f.dir/build
Building C object CMakeFiles/cmTC_3fc2f.dir/CheckIncludeFiles.c.o
/Applications/Xcode.app/Contents/Developer/Toolchains/XcodeDefault.xctoolchain/usr/bin/cc   -I/Users/dylanmarcus/git/ffmpeg-static/target/include -L/Users/dylanmarcus/git/ffmpeg-static/target/lib    -o CMakeFiles/cmTC_3fc2f.dir/CheckIncludeFiles.c.o   -c /Users/dylanmarcus/git/ffmpeg-static/build/x265_2.3/build/linux/CMakeFiles/CMakeTmp/CheckIncludeFiles.c
clang: warning: argument unused during compilation: '-L/Users/dylanmarcus/git/ffmpeg-static/target/lib' [-Wunused-command-line-argument]
Linking C executable cmTC_3fc2f
/usr/local/Cellar/cmake/3.9.1/bin/cmake -E cmake_link_script CMakeFiles/cmTC_3fc2f.dir/link.txt --verbose=1
/Applications/Xcode.app/Contents/Developer/Toolchains/XcodeDefault.xctoolchain/usr/bin/cc -I/Users/dylanmarcus/git/ffmpeg-static/target/include -L/Users/dylanmarcus/git/ffmpeg-static/target/lib  -Wl,-search_paths_first -Wl,-headerpad_max_install_names -L/Users/dylanmarcus/git/ffmpeg-static/target/lib  CMakeFiles/cmTC_3fc2f.dir/CheckIncludeFiles.c.o  -o cmTC_3fc2f 


Performing C++ SOURCE FILE Test CC_HAS_NO_STRICT_OVERFLOW succeeded with the following output:
Change Dir: /Users/dylanmarcus/git/ffmpeg-static/build/x265_2.3/build/linux/CMakeFiles/CMakeTmp

Run Build Command:"/usr/bin/make" "cmTC_f6700/fast"
/Applications/Xcode.app/Contents/Developer/usr/bin/make -f CMakeFiles/cmTC_f6700.dir/build.make CMakeFiles/cmTC_f6700.dir/build
Building CXX object CMakeFiles/cmTC_f6700.dir/src.cxx.o
/Applications/Xcode.app/Contents/Developer/Toolchains/XcodeDefault.xctoolchain/usr/bin/c++    -DCC_HAS_NO_STRICT_OVERFLOW   -Wno-strict-overflow -o CMakeFiles/cmTC_f6700.dir/src.cxx.o -c /Users/dylanmarcus/git/ffmpeg-static/build/x265_2.3/build/linux/CMakeFiles/CMakeTmp/src.cxx
Linking CXX executable cmTC_f6700
/usr/local/Cellar/cmake/3.9.1/bin/cmake -E cmake_link_script CMakeFiles/cmTC_f6700.dir/link.txt --verbose=1
/Applications/Xcode.app/Contents/Developer/Toolchains/XcodeDefault.xctoolchain/usr/bin/c++   -DCC_HAS_NO_STRICT_OVERFLOW -Wl,-search_paths_first -Wl,-headerpad_max_install_names -L/Users/dylanmarcus/git/ffmpeg-static/target/lib  CMakeFiles/cmTC_f6700.dir/src.cxx.o  -o cmTC_f6700 

Source file was:
int main() { return 0; }
Performing C++ SOURCE FILE Test CC_HAS_NO_NARROWING succeeded with the following output:
Change Dir: /Users/dylanmarcus/git/ffmpeg-static/build/x265_2.3/build/linux/CMakeFiles/CMakeTmp

Run Build Command:"/usr/bin/make" "cmTC_48826/fast"
/Applications/Xcode.app/Contents/Developer/usr/bin/make -f CMakeFiles/cmTC_48826.dir/build.make CMakeFiles/cmTC_48826.dir/build
Building CXX object CMakeFiles/cmTC_48826.dir/src.cxx.o
/Applications/Xcode.app/Contents/Developer/Toolchains/XcodeDefault.xctoolchain/usr/bin/c++    -DCC_HAS_NO_NARROWING   -Wno-narrowing -o CMakeFiles/cmTC_48826.dir/src.cxx.o -c /Users/dylanmarcus/git/ffmpeg-static/build/x265_2.3/build/linux/CMakeFiles/CMakeTmp/src.cxx
Linking CXX executable cmTC_48826
/usr/local/Cellar/cmake/3.9.1/bin/cmake -E cmake_link_script CMakeFiles/cmTC_48826.dir/link.txt --verbose=1
/Applications/Xcode.app/Contents/Developer/Toolchains/XcodeDefault.xctoolchain/usr/bin/c++   -DCC_HAS_NO_NARROWING -Wl,-search_paths_first -Wl,-headerpad_max_install_names -L/Users/dylanmarcus/git/ffmpeg-static/target/lib  CMakeFiles/cmTC_48826.dir/src.cxx.o  -o cmTC_48826 

Source file was:
int main() { return 0; }
Performing C++ SOURCE FILE Test CC_HAS_NO_ARRAY_BOUNDS succeeded with the following output:
Change Dir: /Users/dylanmarcus/git/ffmpeg-static/build/x265_2.3/build/linux/CMakeFiles/CMakeTmp

Run Build Command:"/usr/bin/make" "cmTC_ceecf/fast"
/Applications/Xcode.app/Contents/Developer/usr/bin/make -f CMakeFiles/cmTC_ceecf.dir/build.make CMakeFiles/cmTC_ceecf.dir/build
Building CXX object CMakeFiles/cmTC_ceecf.dir/src.cxx.o
/Applications/Xcode.app/Contents/Developer/Toolchains/XcodeDefault.xctoolchain/usr/bin/c++    -DCC_HAS_NO_ARRAY_BOUNDS   -Wno-array-bounds -o CMakeFiles/cmTC_ceecf.dir/src.cxx.o -c /Users/dylanmarcus/git/ffmpeg-static/build/x265_2.3/build/linux/CMakeFiles/CMakeTmp/src.cxx
Linking CXX executable cmTC_ceecf
/usr/local/Cellar/cmake/3.9.1/bin/cmake -E cmake_link_script CMakeFiles/cmTC_ceecf.dir/link.txt --verbose=1
/Applications/Xcode.app/Contents/Developer/Toolchains/XcodeDefault.xctoolchain/usr/bin/c++   -DCC_HAS_NO_ARRAY_BOUNDS -Wl,-search_paths_first -Wl,-headerpad_max_install_names -L/Users/dylanmarcus/git/ffmpeg-static/target/lib  CMakeFiles/cmTC_ceecf.dir/src.cxx.o  -o cmTC_ceecf 

Source file was:
int main() { return 0; }
Performing C++ SOURCE FILE Test CC_HAS_FAST_MATH succeeded with the following output:
Change Dir: /Users/dylanmarcus/git/ffmpeg-static/build/x265_2.3/build/linux/CMakeFiles/CMakeTmp

Run Build Command:"/usr/bin/make" "cmTC_a38fd/fast"
/Applications/Xcode.app/Contents/Developer/usr/bin/make -f CMakeFiles/cmTC_a38fd.dir/build.make CMakeFiles/cmTC_a38fd.dir/build
Building CXX object CMakeFiles/cmTC_a38fd.dir/src.cxx.o
/Applications/Xcode.app/Contents/Developer/Toolchains/XcodeDefault.xctoolchain/usr/bin/c++    -DCC_HAS_FAST_MATH   -ffast-math -o CMakeFiles/cmTC_a38fd.dir/src.cxx.o -c /Users/dylanmarcus/git/ffmpeg-static/build/x265_2.3/build/linux/CMakeFiles/CMakeTmp/src.cxx
Linking CXX executable cmTC_a38fd
/usr/local/Cellar/cmake/3.9.1/bin/cmake -E cmake_link_script CMakeFiles/cmTC_a38fd.dir/link.txt --verbose=1
/Applications/Xcode.app/Contents/Developer/Toolchains/XcodeDefault.xctoolchain/usr/bin/c++   -DCC_HAS_FAST_MATH -Wl,-search_paths_first -Wl,-headerpad_max_install_names -L/Users/dylanmarcus/git/ffmpeg-static/target/lib  CMakeFiles/cmTC_a38fd.dir/src.cxx.o  -o cmTC_a38fd 

Source file was:
int main() { return 0; }
Performing C++ SOURCE FILE Test CC_HAS_STACK_REALIGN succeeded with the following output:
Change Dir: /Users/dylanmarcus/git/ffmpeg-static/build/x265_2.3/build/linux/CMakeFiles/CMakeTmp

Run Build Command:"/usr/bin/make" "cmTC_a263e/fast"
/Applications/Xcode.app/Contents/Developer/usr/bin/make -f CMakeFiles/cmTC_a263e.dir/build.make CMakeFiles/cmTC_a263e.dir/build
Building CXX object CMakeFiles/cmTC_a263e.dir/src.cxx.o
/Applications/Xcode.app/Contents/Developer/Toolchains/XcodeDefault.xctoolchain/usr/bin/c++    -DCC_HAS_STACK_REALIGN   -mstackrealign -o CMakeFiles/cmTC_a263e.dir/src.cxx.o -c /Users/dylanmarcus/git/ffmpeg-static/build/x265_2.3/build/linux/CMakeFiles/CMakeTmp/src.cxx
Linking CXX executable cmTC_a263e
/usr/local/Cellar/cmake/3.9.1/bin/cmake -E cmake_link_script CMakeFiles/cmTC_a263e.dir/link.txt --verbose=1
/Applications/Xcode.app/Contents/Developer/Toolchains/XcodeDefault.xctoolchain/usr/bin/c++   -DCC_HAS_STACK_REALIGN -Wl,-search_paths_first -Wl,-headerpad_max_install_names -L/Users/dylanmarcus/git/ffmpeg-static/target/lib  CMakeFiles/cmTC_a263e.dir/src.cxx.o  -o cmTC_a263e 

Source file was:
int main() { return 0; }
Performing C++ SOURCE FILE Test CC_HAS_FNO_EXCEPTIONS_FLAG succeeded with the following output:
Change Dir: /Users/dylanmarcus/git/ffmpeg-static/build/x265_2.3/build/linux/CMakeFiles/CMakeTmp

Run Build Command:"/usr/bin/make" "cmTC_e0f0e/fast"
/Applications/Xcode.app/Contents/Developer/usr/bin/make -f CMakeFiles/cmTC_e0f0e.dir/build.make CMakeFiles/cmTC_e0f0e.dir/build
Building CXX object CMakeFiles/cmTC_e0f0e.dir/src.cxx.o
/Applications/Xcode.app/Contents/Developer/Toolchains/XcodeDefault.xctoolchain/usr/bin/c++    -DCC_HAS_FNO_EXCEPTIONS_FLAG   -fno-exceptions -o CMakeFiles/cmTC_e0f0e.dir/src.cxx.o -c /Users/dylanmarcus/git/ffmpeg-static/build/x265_2.3/build/linux/CMakeFiles/CMakeTmp/src.cxx
Linking CXX executable cmTC_e0f0e
/usr/local/Cellar/cmake/3.9.1/bin/cmake -E cmake_link_script CMakeFiles/cmTC_e0f0e.dir/link.txt --verbose=1
/Applications/Xcode.app/Contents/Developer/Toolchains/XcodeDefault.xctoolchain/usr/bin/c++   -DCC_HAS_FNO_EXCEPTIONS_FLAG -Wl,-search_paths_first -Wl,-headerpad_max_install_names -L/Users/dylanmarcus/git/ffmpeg-static/target/lib  CMakeFiles/cmTC_e0f0e.dir/src.cxx.o  -o cmTC_e0f0e 

Source file was:
int main() { return 0; }
Checking whether the ASM_YASM compiler is YASM using "--version" matched "(yasm)":
yasm 1.3.0
Compiled on May 24 2017.
Copyright (c) 2001-2014 Peter Johnson and other Yasm developers.
Run yasm --license for licensing overview and summary.
Determining if the strtok_r exist passed with the following output:
Change Dir: /Users/dylanmarcus/git/ffmpeg-static/build/x265_2.3/build/linux/CMakeFiles/CMakeTmp

Run Build Command:"/usr/bin/make" "cmTC_a43d7/fast"
/Applications/Xcode.app/Contents/Developer/usr/bin/make -f CMakeFiles/cmTC_a43d7.dir/build.make CMakeFiles/cmTC_a43d7.dir/build
Building C object CMakeFiles/cmTC_a43d7.dir/CheckSymbolExists.c.o
/Applications/Xcode.app/Contents/Developer/Toolchains/XcodeDefault.xctoolchain/usr/bin/cc   -I/Users/dylanmarcus/git/ffmpeg-static/target/include -L/Users/dylanmarcus/git/ffmpeg-static/target/lib    -o CMakeFiles/cmTC_a43d7.dir/CheckSymbolExists.c.o   -c /Users/dylanmarcus/git/ffmpeg-static/build/x265_2.3/build/linux/CMakeFiles/CMakeTmp/CheckSymbolExists.c
clang: warning: argument unused during compilation: '-L/Users/dylanmarcus/git/ffmpeg-static/target/lib' [-Wunused-command-line-argument]
Linking C executable cmTC_a43d7
/usr/local/Cellar/cmake/3.9.1/bin/cmake -E cmake_link_script CMakeFiles/cmTC_a43d7.dir/link.txt --verbose=1
/Applications/Xcode.app/Contents/Developer/Toolchains/XcodeDefault.xctoolchain/usr/bin/cc -I/Users/dylanmarcus/git/ffmpeg-static/target/include -L/Users/dylanmarcus/git/ffmpeg-static/target/lib  -Wl,-search_paths_first -Wl,-headerpad_max_install_names -L/Users/dylanmarcus/git/ffmpeg-static/target/lib  CMakeFiles/cmTC_a43d7.dir/CheckSymbolExists.c.o  -o cmTC_a43d7 

File /Users/dylanmarcus/git/ffmpeg-static/build/x265_2.3/build/linux/CMakeFiles/CMakeTmp/CheckSymbolExists.c:
/* */
#include <string.h>

int main(int argc, char** argv)
{
  (void)argv;
#ifndef strtok_r
  return ((int*)(&strtok_r))[argc];
#else
  (void)argc;
  return 0;
#endif
}

Determining if files getopt.h exist passed with the following output:
Change Dir: /Users/dylanmarcus/git/ffmpeg-static/build/x265_2.3/build/linux/CMakeFiles/CMakeTmp

Run Build Command:"/usr/bin/make" "cmTC_752f3/fast"
/Applications/Xcode.app/Contents/Developer/usr/bin/make -f CMakeFiles/cmTC_752f3.dir/build.make CMakeFiles/cmTC_752f3.dir/build
Building C object CMakeFiles/cmTC_752f3.dir/CheckIncludeFiles.c.o
/Applications/Xcode.app/Contents/Developer/Toolchains/XcodeDefault.xctoolchain/usr/bin/cc   -I/Users/dylanmarcus/git/ffmpeg-static/target/include -L/Users/dylanmarcus/git/ffmpeg-static/target/lib    -o CMakeFiles/cmTC_752f3.dir/CheckIncludeFiles.c.o   -c /Users/dylanmarcus/git/ffmpeg-static/build/x265_2.3/build/linux/CMakeFiles/CMakeTmp/CheckIncludeFiles.c
clang: warning: argument unused during compilation: '-L/Users/dylanmarcus/git/ffmpeg-static/target/lib' [-Wunused-command-line-argument]
Linking C executable cmTC_752f3
/usr/local/Cellar/cmake/3.9.1/bin/cmake -E cmake_link_script CMakeFiles/cmTC_752f3.dir/link.txt --verbose=1
/Applications/Xcode.app/Contents/Developer/Toolchains/XcodeDefault.xctoolchain/usr/bin/cc -I/Users/dylanmarcus/git/ffmpeg-static/target/include -L/Users/dylanmarcus/git/ffmpeg-static/target/lib  -Wl,-search_paths_first -Wl,-headerpad_max_install_names -L/Users/dylanmarcus/git/ffmpeg-static/target/lib  CMakeFiles/cmTC_752f3.dir/CheckIncludeFiles.c.o  -o cmTC_752f3 


