This file contains any messages produced by compilers while
running configure, to aid debugging if configure makes a mistake.

It was created by HarfBuzz configure 1.4.6, which was
generated by GNU Autoconf 2.69.  Invocation command line was

  $ ./configure --prefix=/Users/dylanmarcus/git/ffmpeg-static/target --disable-shared --enable-static

## --------- ##
## Platform. ##
## --------- ##

hostname = Dylans-MacBook-Pro.local
uname -m = x86_64
uname -r = 16.7.0
uname -s = Darwin
uname -v = Darwin Kernel Version 16.7.0: Thu Jun 15 17:36:27 PDT 2017; root:xnu-3789.70.16~2/RELEASE_X86_64

/usr/bin/uname -p = i386
/bin/uname -X     = unknown

/bin/arch              = unknown
/usr/bin/arch -k       = unknown
/usr/convex/getsysinfo = unknown
/usr/bin/hostinfo      = Mach kernel version:
	 Darwin Kernel Version 16.7.0: Thu Jun 15 17:36:27 PDT 2017; root:xnu-3789.70.16~2/RELEASE_X86_64
Kernel configured for up to 8 processors.
4 processors are physically available.
8 processors are logically available.
Processor type: x86_64h (Intel x86-64h Haswell)
Processors active: 0 1 2 3 4 5 6 7
Primary memory available: 16.00 gigabytes
Default processor set: 459 tasks, 2922 threads, 8 processors
Load average: 9.27, Mach factor: 0.97
/bin/machine           = unknown
/usr/bin/oslevel       = unknown
/bin/universe          = unknown

PATH: /Users/dylanmarcus/git/ffmpeg-static/target/bin
PATH: /Users/dylanmarcus/Library/Android/sdk/tools
PATH: /Users/dylanmarcus/Library/Android/sdk/platform-tools
PATH: /Users/dylanmarcus/anaconda/bin
PATH: /usr/local/sbin
PATH: /usr/local/bin
PATH: /usr/bin
PATH: /bin
PATH: /usr/sbin
PATH: /sbin
PATH: /opt/local/bin
PATH: /usr/local/Cellar


## ----------- ##
## Core tests. ##
## ----------- ##

configure:2923: checking for a BSD-compatible install
configure:2991: result: /usr/bin/install -c
configure:3002: checking whether build environment is sane
configure:3057: result: yes
configure:3208: checking for a thread-safe mkdir -p
configure:3247: result: ./install-sh -c -d
configure:3254: checking for gawk
configure:3284: result: no
configure:3254: checking for mawk
configure:3284: result: no
configure:3254: checking for nawk
configure:3284: result: no
configure:3254: checking for awk
configure:3270: found /usr/bin/awk
configure:3281: result: awk
configure:3292: checking whether make sets $(MAKE)
configure:3314: result: yes
configure:3343: checking whether make supports nested variables
configure:3360: result: yes
configure:3440: checking whether UID '501' is supported by ustar format
configure:3443: result: yes
configure:3450: checking whether GID '20' is supported by ustar format
configure:3453: result: yes
configure:3461: checking how to create a ustar tar archive
configure:3472: tar --version
bsdtar 2.8.3 - libarchive 2.8.3
configure:3475: $? = 0
configure:3515: tardir=conftest.dir && eval tar --format=ustar -chf - "$tardir" >conftest.tar
configure:3518: $? = 0
configure:3522: tar -xf - <conftest.tar
configure:3525: $? = 0
configure:3527: cat conftest.dir/file
GrepMe
configure:3530: $? = 0
configure:3543: result: gnutar
configure:3611: checking whether make supports nested variables
configure:3628: result: yes
configure:3653: checking for style of include used by make
configure:3681: result: GNU
configure:3752: checking for gcc
configure:3768: found /usr/bin/gcc
configure:3779: result: gcc
configure:4008: checking for C compiler version
configure:4017: gcc --version >&5
Apple LLVM version 9.0.0 (clang-900.0.37)
Target: x86_64-apple-darwin16.7.0
Thread model: posix
InstalledDir: /Applications/Xcode.app/Contents/Developer/Toolchains/XcodeDefault.xctoolchain/usr/bin
Configured with: --prefix=/Applications/Xcode.app/Contents/Developer/usr --with-gxx-include-dir=/usr/include/c++/4.2.1
configure:4028: $? = 0
configure:4017: gcc -v >&5
Configured with: --prefix=/Applications/Xcode.app/Contents/Developer/usr --with-gxx-include-dir=/usr/include/c++/4.2.1
Apple LLVM version 9.0.0 (clang-900.0.37)
Target: x86_64-apple-darwin16.7.0
Thread model: posix
InstalledDir: /Applications/Xcode.app/Contents/Developer/Toolchains/XcodeDefault.xctoolchain/usr/bin
configure:4028: $? = 0
configure:4017: gcc -V >&5
clang: error: argument to '-V' is missing (expected 1 value)
clang: error: no input files
configure:4028: $? = 1
configure:4017: gcc -qversion >&5
clang: error: unknown argument: '-qversion'
clang: error: no input files
configure:4028: $? = 1
configure:4048: checking whether the C compiler works
configure:4070: gcc -I/Users/dylanmarcus/git/ffmpeg-static/target/include -L/Users/dylanmarcus/git/ffmpeg-static/target/lib  -L/Users/dylanmarcus/git/ffmpeg-static/target/lib conftest.c  >&5
configure:4074: $? = 0
configure:4122: result: yes
configure:4125: checking for C compiler default output file name
configure:4127: result: a.out
configure:4133: checking for suffix of executables
configure:4140: gcc -o conftest -I/Users/dylanmarcus/git/ffmpeg-static/target/include -L/Users/dylanmarcus/git/ffmpeg-static/target/lib  -L/Users/dylanmarcus/git/ffmpeg-static/target/lib conftest.c  >&5
configure:4144: $? = 0
configure:4166: result: 
configure:4188: checking whether we are cross compiling
configure:4196: gcc -o conftest -I/Users/dylanmarcus/git/ffmpeg-static/target/include -L/Users/dylanmarcus/git/ffmpeg-static/target/lib  -L/Users/dylanmarcus/git/ffmpeg-static/target/lib conftest.c  >&5
configure:4200: $? = 0
configure:4207: ./conftest
configure:4211: $? = 0
configure:4226: result: no
configure:4231: checking for suffix of object files
configure:4253: gcc -c -I/Users/dylanmarcus/git/ffmpeg-static/target/include -L/Users/dylanmarcus/git/ffmpeg-static/target/lib  conftest.c >&5
clang: warning: argument unused during compilation: '-L/Users/dylanmarcus/git/ffmpeg-static/target/lib' [-Wunused-command-line-argument]
configure:4257: $? = 0
configure:4278: result: o
configure:4282: checking whether we are using the GNU C compiler
configure:4301: gcc -c -I/Users/dylanmarcus/git/ffmpeg-static/target/include -L/Users/dylanmarcus/git/ffmpeg-static/target/lib  conftest.c >&5
clang: warning: argument unused during compilation: '-L/Users/dylanmarcus/git/ffmpeg-static/target/lib' [-Wunused-command-line-argument]
configure:4301: $? = 0
configure:4310: result: yes
configure:4319: checking whether gcc accepts -g
configure:4339: gcc -c -g  conftest.c >&5
configure:4339: $? = 0
configure:4380: result: yes
configure:4397: checking for gcc option to accept ISO C89
configure:4460: gcc  -c -I/Users/dylanmarcus/git/ffmpeg-static/target/include -L/Users/dylanmarcus/git/ffmpeg-static/target/lib  conftest.c >&5
clang: warning: argument unused during compilation: '-L/Users/dylanmarcus/git/ffmpeg-static/target/lib' [-Wunused-command-line-argument]
configure:4460: $? = 0
configure:4473: result: none needed
configure:4498: checking whether gcc understands -c and -o together
configure:4520: gcc -c conftest.c -o conftest2.o
configure:4523: $? = 0
configure:4520: gcc -c conftest.c -o conftest2.o
configure:4523: $? = 0
configure:4535: result: yes
configure:4554: checking dependency style of gcc
configure:4665: result: gcc3
configure:4730: checking for ar
configure:4746: found /usr/bin/ar
configure:4757: result: ar
configure:4783: checking the archiver (ar) interface
configure:4799: gcc -c -I/Users/dylanmarcus/git/ffmpeg-static/target/include -L/Users/dylanmarcus/git/ffmpeg-static/target/lib  conftest.c >&5
clang: warning: argument unused during compilation: '-L/Users/dylanmarcus/git/ffmpeg-static/target/lib' [-Wunused-command-line-argument]
configure:4799: $? = 0
configure:4801: ar cru libconftest.a conftest.o >&5
configure:4804: $? = 0
configure:4832: result: ar
configure:4882: checking build system type
configure:4896: result: x86_64-apple-darwin16.7.0
configure:4916: checking host system type
configure:4929: result: x86_64-apple-darwin16.7.0
configure:4970: checking how to print strings
configure:4997: result: printf
configure:5018: checking for a sed that does not truncate output
configure:5082: result: /usr/bin/sed
configure:5100: checking for grep that handles long lines and -e
configure:5158: result: /usr/bin/grep
configure:5163: checking for egrep
configure:5225: result: /usr/bin/grep -E
configure:5230: checking for fgrep
configure:5292: result: /usr/bin/grep -F
configure:5327: checking for ld used by gcc
configure:5394: result: /Applications/Xcode.app/Contents/Developer/Toolchains/XcodeDefault.xctoolchain/usr/bin/ld
configure:5401: checking if the linker (/Applications/Xcode.app/Contents/Developer/Toolchains/XcodeDefault.xctoolchain/usr/bin/ld) is GNU ld
configure:5416: result: no
configure:5428: checking for BSD- or MS-compatible name lister (nm)
configure:5477: result: /usr/bin/nm -B
configure:5607: checking the name lister (/usr/bin/nm -B) interface
configure:5614: gcc -c -I/Users/dylanmarcus/git/ffmpeg-static/target/include -L/Users/dylanmarcus/git/ffmpeg-static/target/lib  conftest.c >&5
clang: warning: argument unused during compilation: '-L/Users/dylanmarcus/git/ffmpeg-static/target/lib' [-Wunused-command-line-argument]
configure:5617: /usr/bin/nm -B "conftest.o"
configure:5620: output
0000000000000000 S _some_variable
configure:5627: result: BSD nm
configure:5630: checking whether ln -s works
configure:5634: result: yes
configure:5642: checking the maximum length of command line arguments
configure:5773: result: 196608
configure:5790: checking whether the shell understands some XSI constructs
configure:5800: result: yes
configure:5804: checking whether the shell understands "+="
configure:5810: result: yes
configure:5845: checking how to convert x86_64-apple-darwin16.7.0 file names to x86_64-apple-darwin16.7.0 format
configure:5885: result: func_convert_file_noop
configure:5892: checking how to convert x86_64-apple-darwin16.7.0 file names to toolchain format
configure:5912: result: func_convert_file_noop
configure:5919: checking for /Applications/Xcode.app/Contents/Developer/Toolchains/XcodeDefault.xctoolchain/usr/bin/ld option to reload object files
configure:5926: result: -r
configure:6000: checking for objdump
configure:6016: found /usr/bin/objdump
configure:6027: result: objdump
configure:6059: checking how to recognize dependent libraries
configure:6257: result: pass_all
configure:6342: checking for dlltool
configure:6372: result: no
configure:6402: checking how to associate runtime and link libraries
configure:6429: result: printf %s\n
configure:6553: checking for archiver @FILE support
configure:6570: gcc -c -I/Users/dylanmarcus/git/ffmpeg-static/target/include -L/Users/dylanmarcus/git/ffmpeg-static/target/lib  conftest.c >&5
clang: warning: argument unused during compilation: '-L/Users/dylanmarcus/git/ffmpeg-static/target/lib' [-Wunused-command-line-argument]
configure:6570: $? = 0
configure:6573: ar cru libconftest.a @conftest.lst >&5
ar: @conftest.lst: No such file or directory
configure:6576: $? = 1
configure:6596: result: no
configure:6654: checking for strip
configure:6670: found /usr/bin/strip
configure:6681: result: strip
configure:6753: checking for ranlib
configure:6769: found /usr/bin/ranlib
configure:6780: result: ranlib
configure:6882: checking command to parse /usr/bin/nm -B output from gcc object
configure:7002: gcc -c -I/Users/dylanmarcus/git/ffmpeg-static/target/include -L/Users/dylanmarcus/git/ffmpeg-static/target/lib  conftest.c >&5
clang: warning: argument unused during compilation: '-L/Users/dylanmarcus/git/ffmpeg-static/target/lib' [-Wunused-command-line-argument]
configure:7005: $? = 0
configure:7009: /usr/bin/nm -B conftest.o \| sed -n -e 's/^.*[ ]\([BCDEGRST][BCDEGRST]*\)[ ][ ]*\([_A-Za-z][_A-Za-z0-9]*\)$/\1 \2 \2/p' | sed '/ __gnu_lto/d' \> conftest.nm
configure:7012: $? = 0
cannot find nm_test_var in conftest.nm
configure:7002: gcc -c -I/Users/dylanmarcus/git/ffmpeg-static/target/include -L/Users/dylanmarcus/git/ffmpeg-static/target/lib  conftest.c >&5
clang: warning: argument unused during compilation: '-L/Users/dylanmarcus/git/ffmpeg-static/target/lib' [-Wunused-command-line-argument]
configure:7005: $? = 0
configure:7009: /usr/bin/nm -B conftest.o \| sed -n -e 's/^.*[ ]\([BCDEGRST][BCDEGRST]*\)[ ][ ]*_\([_A-Za-z][_A-Za-z0-9]*\)$/\1 _\2 \2/p' | sed '/ __gnu_lto/d' \> conftest.nm
configure:7012: $? = 0
configure:7078: gcc -o conftest -I/Users/dylanmarcus/git/ffmpeg-static/target/include -L/Users/dylanmarcus/git/ffmpeg-static/target/lib  -L/Users/dylanmarcus/git/ffmpeg-static/target/lib conftest.c conftstm.o >&5
configure:7081: $? = 0
configure:7119: result: ok
configure:7156: checking for sysroot
configure:7186: result: no
configure:7455: checking for mt
configure:7485: result: no
configure:7505: checking if : is a manifest tool
configure:7511: : '-?'
configure:7519: result: no
configure:7575: checking for dsymutil
configure:7591: found /usr/bin/dsymutil
configure:7602: result: dsymutil
configure:7667: checking for nmedit
configure:7683: found /usr/bin/nmedit
configure:7694: result: nmedit
configure:7759: checking for lipo
configure:7775: found /usr/bin/lipo
configure:7786: result: lipo
configure:7851: checking for otool
configure:7867: found /usr/bin/otool
configure:7878: result: otool
configure:7943: checking for otool64
configure:7973: result: no
configure:8018: checking for -single_module linker flag
gcc -I/Users/dylanmarcus/git/ffmpeg-static/target/include -L/Users/dylanmarcus/git/ffmpeg-static/target/lib -L/Users/dylanmarcus/git/ffmpeg-static/target/lib -o libconftest.dylib -dynamiclib -Wl,-single_module conftest.c
configure:8051: result: yes
configure:8054: checking for -exported_symbols_list linker flag
configure:8074: gcc -o conftest -I/Users/dylanmarcus/git/ffmpeg-static/target/include -L/Users/dylanmarcus/git/ffmpeg-static/target/lib  -L/Users/dylanmarcus/git/ffmpeg-static/target/lib -Wl,-exported_symbols_list,conftest.sym conftest.c  >&5
configure:8074: $? = 0
configure:8084: result: yes
configure:8087: checking for -force_load linker flag
gcc -I/Users/dylanmarcus/git/ffmpeg-static/target/include -L/Users/dylanmarcus/git/ffmpeg-static/target/lib -c -o conftest.o conftest.c
clang: warning: argument unused during compilation: '-L/Users/dylanmarcus/git/ffmpeg-static/target/lib' [-Wunused-command-line-argument]
ar cru libconftest.a conftest.o
ranlib libconftest.a
gcc -I/Users/dylanmarcus/git/ffmpeg-static/target/include -L/Users/dylanmarcus/git/ffmpeg-static/target/lib -L/Users/dylanmarcus/git/ffmpeg-static/target/lib -o conftest conftest.c -Wl,-force_load,./libconftest.a
configure:8119: result: yes
configure:8161: checking how to run the C preprocessor
configure:8192: gcc -E  conftest.c
configure:8192: $? = 0
configure:8206: gcc -E  conftest.c
conftest.c:9:10: fatal error: 'ac_nonexistent.h' file not found
#include <ac_nonexistent.h>
         ^~~~~~~~~~~~~~~~~~
1 error generated.
configure:8206: $? = 1
configure: failed program was:
| /* confdefs.h */
| #define PACKAGE_NAME "HarfBuzz"
| #define PACKAGE_TARNAME "harfbuzz"
| #define PACKAGE_VERSION "1.4.6"
| #define PACKAGE_STRING "HarfBuzz 1.4.6"
| #define PACKAGE_BUGREPORT "https://github.com/behdad/harfbuzz/issues/new"
| #define PACKAGE_URL "http://harfbuzz.org/"
| /* end confdefs.h.  */
| #include <ac_nonexistent.h>
configure:8231: result: gcc -E
configure:8251: gcc -E  conftest.c
configure:8251: $? = 0
configure:8265: gcc -E  conftest.c
conftest.c:9:10: fatal error: 'ac_nonexistent.h' file not found
#include <ac_nonexistent.h>
         ^~~~~~~~~~~~~~~~~~
1 error generated.
configure:8265: $? = 1
configure: failed program was:
| /* confdefs.h */
| #define PACKAGE_NAME "HarfBuzz"
| #define PACKAGE_TARNAME "harfbuzz"
| #define PACKAGE_VERSION "1.4.6"
| #define PACKAGE_STRING "HarfBuzz 1.4.6"
| #define PACKAGE_BUGREPORT "https://github.com/behdad/harfbuzz/issues/new"
| #define PACKAGE_URL "http://harfbuzz.org/"
| /* end confdefs.h.  */
| #include <ac_nonexistent.h>
configure:8294: checking for ANSI C header files
configure:8314: gcc -c -I/Users/dylanmarcus/git/ffmpeg-static/target/include -L/Users/dylanmarcus/git/ffmpeg-static/target/lib  conftest.c >&5
clang: warning: argument unused during compilation: '-L/Users/dylanmarcus/git/ffmpeg-static/target/lib' [-Wunused-command-line-argument]
configure:8314: $? = 0
configure:8387: gcc -o conftest -I/Users/dylanmarcus/git/ffmpeg-static/target/include -L/Users/dylanmarcus/git/ffmpeg-static/target/lib  -L/Users/dylanmarcus/git/ffmpeg-static/target/lib conftest.c  >&5
configure:8387: $? = 0
configure:8387: ./conftest
configure:8387: $? = 0
configure:8398: result: yes
configure:8411: checking for sys/types.h
configure:8411: gcc -c -I/Users/dylanmarcus/git/ffmpeg-static/target/include -L/Users/dylanmarcus/git/ffmpeg-static/target/lib  conftest.c >&5
clang: warning: argument unused during compilation: '-L/Users/dylanmarcus/git/ffmpeg-static/target/lib' [-Wunused-command-line-argument]
configure:8411: $? = 0
configure:8411: result: yes
configure:8411: checking for sys/stat.h
configure:8411: gcc -c -I/Users/dylanmarcus/git/ffmpeg-static/target/include -L/Users/dylanmarcus/git/ffmpeg-static/target/lib  conftest.c >&5
clang: warning: argument unused during compilation: '-L/Users/dylanmarcus/git/ffmpeg-static/target/lib' [-Wunused-command-line-argument]
configure:8411: $? = 0
configure:8411: result: yes
configure:8411: checking for stdlib.h
configure:8411: gcc -c -I/Users/dylanmarcus/git/ffmpeg-static/target/include -L/Users/dylanmarcus/git/ffmpeg-static/target/lib  conftest.c >&5
clang: warning: argument unused during compilation: '-L/Users/dylanmarcus/git/ffmpeg-static/target/lib' [-Wunused-command-line-argument]
configure:8411: $? = 0
configure:8411: result: yes
configure:8411: checking for string.h
configure:8411: gcc -c -I/Users/dylanmarcus/git/ffmpeg-static/target/include -L/Users/dylanmarcus/git/ffmpeg-static/target/lib  conftest.c >&5
clang: warning: argument unused during compilation: '-L/Users/dylanmarcus/git/ffmpeg-static/target/lib' [-Wunused-command-line-argument]
configure:8411: $? = 0
configure:8411: result: yes
configure:8411: checking for memory.h
configure:8411: gcc -c -I/Users/dylanmarcus/git/ffmpeg-static/target/include -L/Users/dylanmarcus/git/ffmpeg-static/target/lib  conftest.c >&5
clang: warning: argument unused during compilation: '-L/Users/dylanmarcus/git/ffmpeg-static/target/lib' [-Wunused-command-line-argument]
configure:8411: $? = 0
configure:8411: result: yes
configure:8411: checking for strings.h
configure:8411: gcc -c -I/Users/dylanmarcus/git/ffmpeg-static/target/include -L/Users/dylanmarcus/git/ffmpeg-static/target/lib  conftest.c >&5
clang: warning: argument unused during compilation: '-L/Users/dylanmarcus/git/ffmpeg-static/target/lib' [-Wunused-command-line-argument]
configure:8411: $? = 0
configure:8411: result: yes
configure:8411: checking for inttypes.h
configure:8411: gcc -c -I/Users/dylanmarcus/git/ffmpeg-static/target/include -L/Users/dylanmarcus/git/ffmpeg-static/target/lib  conftest.c >&5
clang: warning: argument unused during compilation: '-L/Users/dylanmarcus/git/ffmpeg-static/target/lib' [-Wunused-command-line-argument]
configure:8411: $? = 0
configure:8411: result: yes
configure:8411: checking for stdint.h
configure:8411: gcc -c -I/Users/dylanmarcus/git/ffmpeg-static/target/include -L/Users/dylanmarcus/git/ffmpeg-static/target/lib  conftest.c >&5
clang: warning: argument unused during compilation: '-L/Users/dylanmarcus/git/ffmpeg-static/target/lib' [-Wunused-command-line-argument]
configure:8411: $? = 0
configure:8411: result: yes
configure:8411: checking for unistd.h
configure:8411: gcc -c -I/Users/dylanmarcus/git/ffmpeg-static/target/include -L/Users/dylanmarcus/git/ffmpeg-static/target/lib  conftest.c >&5
clang: warning: argument unused during compilation: '-L/Users/dylanmarcus/git/ffmpeg-static/target/lib' [-Wunused-command-line-argument]
configure:8411: $? = 0
configure:8411: result: yes
configure:8425: checking for dlfcn.h
configure:8425: gcc -c -I/Users/dylanmarcus/git/ffmpeg-static/target/include -L/Users/dylanmarcus/git/ffmpeg-static/target/lib  conftest.c >&5
clang: warning: argument unused during compilation: '-L/Users/dylanmarcus/git/ffmpeg-static/target/lib' [-Wunused-command-line-argument]
configure:8425: $? = 0
configure:8425: result: yes
configure:8630: checking for objdir
configure:8645: result: .libs
configure:8916: checking if gcc supports -fno-rtti -fno-exceptions
configure:8934: gcc -c -I/Users/dylanmarcus/git/ffmpeg-static/target/include -L/Users/dylanmarcus/git/ffmpeg-static/target/lib  -fno-rtti -fno-exceptions conftest.c >&5
clang: warning: argument unused during compilation: '-L/Users/dylanmarcus/git/ffmpeg-static/target/lib' [-Wunused-command-line-argument]
configure:8938: $? = 0
configure:8951: result: yes
configure:9278: checking for gcc option to produce PIC
configure:9285: result: -fno-common -DPIC
configure:9293: checking if gcc PIC flag -fno-common -DPIC works
configure:9311: gcc -c -I/Users/dylanmarcus/git/ffmpeg-static/target/include -L/Users/dylanmarcus/git/ffmpeg-static/target/lib  -fno-common -DPIC -DPIC conftest.c >&5
clang: warning: argument unused during compilation: '-L/Users/dylanmarcus/git/ffmpeg-static/target/lib' [-Wunused-command-line-argument]
configure:9315: $? = 0
configure:9328: result: yes
configure:9357: checking if gcc static flag -static works
configure:9385: result: no
configure:9400: checking if gcc supports -c -o file.o
configure:9421: gcc -c -I/Users/dylanmarcus/git/ffmpeg-static/target/include -L/Users/dylanmarcus/git/ffmpeg-static/target/lib  -o out/conftest2.o conftest.c >&5
clang: warning: argument unused during compilation: '-L/Users/dylanmarcus/git/ffmpeg-static/target/lib' [-Wunused-command-line-argument]
configure:9425: $? = 0
configure:9447: result: yes
configure:9455: checking if gcc supports -c -o file.o
configure:9502: result: yes
configure:9535: checking whether the gcc linker (/Applications/Xcode.app/Contents/Developer/Toolchains/XcodeDefault.xctoolchain/usr/bin/ld) supports shared libraries
configure:10692: result: yes
configure:10932: checking dynamic linker characteristics
configure:11666: result: darwin16.7.0 dyld
configure:11773: checking how to hardcode library paths into programs
configure:11798: result: immediate
configure:12338: checking whether stripping libraries is possible
configure:12352: result: yes
configure:12378: checking if libtool supports shared libraries
configure:12380: result: yes
configure:12383: checking whether to build shared libraries
configure:12404: result: no
configure:12407: checking whether to build static libraries
configure:12411: result: yes
configure:12451: checking minix/config.h usability
configure:12451: gcc -c -I/Users/dylanmarcus/git/ffmpeg-static/target/include -L/Users/dylanmarcus/git/ffmpeg-static/target/lib  conftest.c >&5
clang: warning: argument unused during compilation: '-L/Users/dylanmarcus/git/ffmpeg-static/target/lib' [-Wunused-command-line-argument]
conftest.c:54:10: fatal error: 'minix/config.h' file not found
#include <minix/config.h>
         ^~~~~~~~~~~~~~~~
1 error generated.
configure:12451: $? = 1
configure: failed program was:
| /* confdefs.h */
| #define PACKAGE_NAME "HarfBuzz"
| #define PACKAGE_TARNAME "harfbuzz"
| #define PACKAGE_VERSION "1.4.6"
| #define PACKAGE_STRING "HarfBuzz 1.4.6"
| #define PACKAGE_BUGREPORT "https://github.com/behdad/harfbuzz/issues/new"
| #define PACKAGE_URL "http://harfbuzz.org/"
| #define STDC_HEADERS 1
| #define HAVE_SYS_TYPES_H 1
| #define HAVE_SYS_STAT_H 1
| #define HAVE_STDLIB_H 1
| #define HAVE_STRING_H 1
| #define HAVE_MEMORY_H 1
| #define HAVE_STRINGS_H 1
| #define HAVE_INTTYPES_H 1
| #define HAVE_STDINT_H 1
| #define HAVE_UNISTD_H 1
| #define HAVE_DLFCN_H 1
| #define LT_OBJDIR ".libs/"
| /* end confdefs.h.  */
| #include <stdio.h>
| #ifdef HAVE_SYS_TYPES_H
| # include <sys/types.h>
| #endif
| #ifdef HAVE_SYS_STAT_H
| # include <sys/stat.h>
| #endif
| #ifdef STDC_HEADERS
| # include <stdlib.h>
| # include <stddef.h>
| #else
| # ifdef HAVE_STDLIB_H
| #  include <stdlib.h>
| # endif
| #endif
| #ifdef HAVE_STRING_H
| # if !defined STDC_HEADERS && defined HAVE_MEMORY_H
| #  include <memory.h>
| # endif
| # include <string.h>
| #endif
| #ifdef HAVE_STRINGS_H
| # include <strings.h>
| #endif
| #ifdef HAVE_INTTYPES_H
| # include <inttypes.h>
| #endif
| #ifdef HAVE_STDINT_H
| # include <stdint.h>
| #endif
| #ifdef HAVE_UNISTD_H
| # include <unistd.h>
| #endif
| #include <minix/config.h>
configure:12451: result: no
configure:12451: checking minix/config.h presence
configure:12451: gcc -E  conftest.c
conftest.c:21:10: fatal error: 'minix/config.h' file not found
#include <minix/config.h>
         ^~~~~~~~~~~~~~~~
1 error generated.
configure:12451: $? = 1
configure: failed program was:
| /* confdefs.h */
| #define PACKAGE_NAME "HarfBuzz"
| #define PACKAGE_TARNAME "harfbuzz"
| #define PACKAGE_VERSION "1.4.6"
| #define PACKAGE_STRING "HarfBuzz 1.4.6"
| #define PACKAGE_BUGREPORT "https://github.com/behdad/harfbuzz/issues/new"
| #define PACKAGE_URL "http://harfbuzz.org/"
| #define STDC_HEADERS 1
| #define HAVE_SYS_TYPES_H 1
| #define HAVE_SYS_STAT_H 1
| #define HAVE_STDLIB_H 1
| #define HAVE_STRING_H 1
| #define HAVE_MEMORY_H 1
| #define HAVE_STRINGS_H 1
| #define HAVE_INTTYPES_H 1
| #define HAVE_STDINT_H 1
| #define HAVE_UNISTD_H 1
| #define HAVE_DLFCN_H 1
| #define LT_OBJDIR ".libs/"
| /* end confdefs.h.  */
| #include <minix/config.h>
configure:12451: result: no
configure:12451: checking for minix/config.h
configure:12451: result: no
configure:12472: checking whether it is safe to define __EXTENSIONS__
configure:12490: gcc -c -I/Users/dylanmarcus/git/ffmpeg-static/target/include -L/Users/dylanmarcus/git/ffmpeg-static/target/lib  conftest.c >&5
clang: warning: argument unused during compilation: '-L/Users/dylanmarcus/git/ffmpeg-static/target/lib' [-Wunused-command-line-argument]
configure:12490: $? = 0
configure:12497: result: yes
configure:12559: checking for gcc
configure:12586: result: gcc
configure:12815: checking for C compiler version
configure:12824: gcc --version >&5
Apple LLVM version 9.0.0 (clang-900.0.37)
Target: x86_64-apple-darwin16.7.0
Thread model: posix
InstalledDir: /Applications/Xcode.app/Contents/Developer/Toolchains/XcodeDefault.xctoolchain/usr/bin
Configured with: --prefix=/Applications/Xcode.app/Contents/Developer/usr --with-gxx-include-dir=/usr/include/c++/4.2.1
configure:12835: $? = 0
configure:12824: gcc -v >&5
Configured with: --prefix=/Applications/Xcode.app/Contents/Developer/usr --with-gxx-include-dir=/usr/include/c++/4.2.1
Apple LLVM version 9.0.0 (clang-900.0.37)
Target: x86_64-apple-darwin16.7.0
Thread model: posix
InstalledDir: /Applications/Xcode.app/Contents/Developer/Toolchains/XcodeDefault.xctoolchain/usr/bin
configure:12835: $? = 0
configure:12824: gcc -V >&5
clang: error: argument to '-V' is missing (expected 1 value)
clang: error: no input files
configure:12835: $? = 1
configure:12824: gcc -qversion >&5
clang: error: unknown argument: '-qversion'
clang: error: no input files
configure:12835: $? = 1
configure:12839: checking whether we are using the GNU C compiler
configure:12867: result: yes
configure:12876: checking whether gcc accepts -g
configure:12937: result: yes
configure:12954: checking for gcc option to accept ISO C89
configure:13030: result: none needed
configure:13055: checking whether gcc understands -c and -o together
configure:13092: result: yes
configure:13111: checking dependency style of gcc
configure:13222: result: gcc3
configure:13296: checking for g++
configure:13312: found /usr/bin/g++
configure:13323: result: g++
configure:13350: checking for C++ compiler version
configure:13359: g++ --version >&5
Apple LLVM version 9.0.0 (clang-900.0.37)
Target: x86_64-apple-darwin16.7.0
Thread model: posix
InstalledDir: /Applications/Xcode.app/Contents/Developer/Toolchains/XcodeDefault.xctoolchain/usr/bin
Configured with: --prefix=/Applications/Xcode.app/Contents/Developer/usr --with-gxx-include-dir=/usr/include/c++/4.2.1
configure:13370: $? = 0
configure:13359: g++ -v >&5
Configured with: --prefix=/Applications/Xcode.app/Contents/Developer/usr --with-gxx-include-dir=/usr/include/c++/4.2.1
Apple LLVM version 9.0.0 (clang-900.0.37)
Target: x86_64-apple-darwin16.7.0
Thread model: posix
InstalledDir: /Applications/Xcode.app/Contents/Developer/Toolchains/XcodeDefault.xctoolchain/usr/bin
configure:13370: $? = 0
configure:13359: g++ -V >&5
clang: error: argument to '-V' is missing (expected 1 value)
clang: error: no input files
configure:13370: $? = 1
configure:13359: g++ -qversion >&5
clang: error: unknown argument: '-qversion'
clang: error: no input files
configure:13370: $? = 1
configure:13374: checking whether we are using the GNU C++ compiler
configure:13393: g++ -c   conftest.cpp >&5
configure:13393: $? = 0
configure:13402: result: yes
configure:13411: checking whether g++ accepts -g
configure:13431: g++ -c -g  conftest.cpp >&5
configure:13431: $? = 0
configure:13472: result: yes
configure:13497: checking dependency style of g++
configure:13608: result: gcc3
configure:13641: checking how to run the C++ preprocessor
configure:13668: g++ -E  conftest.cpp
configure:13668: $? = 0
configure:13682: g++ -E  conftest.cpp
conftest.cpp:26:10: fatal error: 'ac_nonexistent.h' file not found
#include <ac_nonexistent.h>
         ^~~~~~~~~~~~~~~~~~
1 error generated.
configure:13682: $? = 1
configure: failed program was:
| /* confdefs.h */
| #define PACKAGE_NAME "HarfBuzz"
| #define PACKAGE_TARNAME "harfbuzz"
| #define PACKAGE_VERSION "1.4.6"
| #define PACKAGE_STRING "HarfBuzz 1.4.6"
| #define PACKAGE_BUGREPORT "https://github.com/behdad/harfbuzz/issues/new"
| #define PACKAGE_URL "http://harfbuzz.org/"
| #define STDC_HEADERS 1
| #define HAVE_SYS_TYPES_H 1
| #define HAVE_SYS_STAT_H 1
| #define HAVE_STDLIB_H 1
| #define HAVE_STRING_H 1
| #define HAVE_MEMORY_H 1
| #define HAVE_STRINGS_H 1
| #define HAVE_INTTYPES_H 1
| #define HAVE_STDINT_H 1
| #define HAVE_UNISTD_H 1
| #define HAVE_DLFCN_H 1
| #define LT_OBJDIR ".libs/"
| #define __EXTENSIONS__ 1
| #define _ALL_SOURCE 1
| #define _GNU_SOURCE 1
| #define _POSIX_PTHREAD_SEMANTICS 1
| #define _TANDEM_SOURCE 1
| /* end confdefs.h.  */
| #include <ac_nonexistent.h>
configure:13707: result: g++ -E
configure:13727: g++ -E  conftest.cpp
configure:13727: $? = 0
configure:13741: g++ -E  conftest.cpp
conftest.cpp:26:10: fatal error: 'ac_nonexistent.h' file not found
#include <ac_nonexistent.h>
         ^~~~~~~~~~~~~~~~~~
1 error generated.
configure:13741: $? = 1
configure: failed program was:
| /* confdefs.h */
| #define PACKAGE_NAME "HarfBuzz"
| #define PACKAGE_TARNAME "harfbuzz"
| #define PACKAGE_VERSION "1.4.6"
| #define PACKAGE_STRING "HarfBuzz 1.4.6"
| #define PACKAGE_BUGREPORT "https://github.com/behdad/harfbuzz/issues/new"
| #define PACKAGE_URL "http://harfbuzz.org/"
| #define STDC_HEADERS 1
| #define HAVE_SYS_TYPES_H 1
| #define HAVE_SYS_STAT_H 1
| #define HAVE_STDLIB_H 1
| #define HAVE_STRING_H 1
| #define HAVE_MEMORY_H 1
| #define HAVE_STRINGS_H 1
| #define HAVE_INTTYPES_H 1
| #define HAVE_STDINT_H 1
| #define HAVE_UNISTD_H 1
| #define HAVE_DLFCN_H 1
| #define LT_OBJDIR ".libs/"
| #define __EXTENSIONS__ 1
| #define _ALL_SOURCE 1
| #define _GNU_SOURCE 1
| #define _POSIX_PTHREAD_SEMANTICS 1
| #define _TANDEM_SOURCE 1
| /* end confdefs.h.  */
| #include <ac_nonexistent.h>
configure:13910: checking for ld used by g++
configure:13977: result: /Applications/Xcode.app/Contents/Developer/Toolchains/XcodeDefault.xctoolchain/usr/bin/ld
configure:13984: checking if the linker (/Applications/Xcode.app/Contents/Developer/Toolchains/XcodeDefault.xctoolchain/usr/bin/ld) is GNU ld
configure:13999: result: no
configure:14054: checking whether the g++ linker (/Applications/Xcode.app/Contents/Developer/Toolchains/XcodeDefault.xctoolchain/usr/bin/ld) supports shared libraries
configure:15056: result: yes
configure:15092: g++ -c -g -O2  conftest.cpp >&5
configure:15095: $? = 0
configure:15615: checking for g++ option to produce PIC
configure:15622: result: -fno-common -DPIC
configure:15630: checking if g++ PIC flag -fno-common -DPIC works
configure:15648: g++ -c -g -O2  -fno-common -DPIC -DPIC conftest.cpp >&5
configure:15652: $? = 0
configure:15665: result: yes
configure:15688: checking if g++ static flag -static works
configure:15716: result: no
configure:15728: checking if g++ supports -c -o file.o
configure:15749: g++ -c -g -O2  -o out/conftest2.o conftest.cpp >&5
configure:15753: $? = 0
configure:15775: result: yes
configure:15780: checking if g++ supports -c -o file.o
configure:15827: result: yes
configure:15857: checking whether the g++ linker (/Applications/Xcode.app/Contents/Developer/Toolchains/XcodeDefault.xctoolchain/usr/bin/ld) supports shared libraries
configure:15896: result: yes
configure:16037: checking dynamic linker characteristics
configure:16705: result: darwin16.7.0 dyld
configure:16758: checking how to hardcode library paths into programs
configure:16783: result: immediate
configure:16830: checking for special C compiler options needed for large files
configure:16875: result: no
configure:16881: checking for _FILE_OFFSET_BITS value needed for large files
configure:16906: gcc -c -I/Users/dylanmarcus/git/ffmpeg-static/target/include -L/Users/dylanmarcus/git/ffmpeg-static/target/lib  conftest.c >&5
clang: warning: argument unused during compilation: '-L/Users/dylanmarcus/git/ffmpeg-static/target/lib' [-Wunused-command-line-argument]
configure:16906: $? = 0
configure:16938: result: no
configure:17072: checking for pkg-config
configure:17090: found /usr/local/bin/pkg-config
configure:17102: result: /usr/local/bin/pkg-config
configure:17127: checking pkg-config is at least version 0.20
configure:17130: result: yes
configure:17175: checking for gtk-doc
configure:17178: $PKG_CONFIG --exists --print-errors "$gtk_doc_requires"
Package gtk-doc was not found in the pkg-config search path.
Perhaps you should add the directory containing `gtk-doc.pc'
to the PKG_CONFIG_PATH environment variable
No package 'gtk-doc' found
configure:17181: $? = 1
configure:17187: result: no
configure:17193: WARNING:
  You will not be able to create source packages with 'make dist'
  because gtk-doc >= 1.15 is not found.
configure:17201: checking for gtkdoc-check
configure:17231: result: no
configure:17238: checking for gtkdoc-check
configure:17271: result: no
configure:17280: checking for gtkdoc-rebase
configure:17313: result: no
configure:17324: checking for gtkdoc-mkpdf
configure:17357: result: no
configure:17382: checking whether to build gtk-doc documentation
configure:17384: result: no
configure:17397: checking for GTKDOC_DEPS
configure:17405: $PKG_CONFIG --exists --print-errors "glib-2.0 >= 2.10.0 gobject-2.0  >= 2.10.0"
configure:17408: $? = 0
configure:17423: $PKG_CONFIG --exists --print-errors "glib-2.0 >= 2.10.0 gobject-2.0  >= 2.10.0"
configure:17426: $? = 0
configure:17462: result: yes
configure:17550: checking for atexit
configure:17550: gcc -o conftest -I/Users/dylanmarcus/git/ffmpeg-static/target/include -L/Users/dylanmarcus/git/ffmpeg-static/target/lib  -L/Users/dylanmarcus/git/ffmpeg-static/target/lib conftest.c  >&5
configure:17550: $? = 0
configure:17550: result: yes
configure:17550: checking for mprotect
configure:17550: gcc -o conftest -I/Users/dylanmarcus/git/ffmpeg-static/target/include -L/Users/dylanmarcus/git/ffmpeg-static/target/lib  -L/Users/dylanmarcus/git/ffmpeg-static/target/lib conftest.c  >&5
configure:17550: $? = 0
configure:17550: result: yes
configure:17550: checking for sysconf
configure:17550: gcc -o conftest -I/Users/dylanmarcus/git/ffmpeg-static/target/include -L/Users/dylanmarcus/git/ffmpeg-static/target/lib  -L/Users/dylanmarcus/git/ffmpeg-static/target/lib conftest.c  >&5
configure:17550: $? = 0
configure:17550: result: yes
configure:17550: checking for getpagesize
configure:17550: gcc -o conftest -I/Users/dylanmarcus/git/ffmpeg-static/target/include -L/Users/dylanmarcus/git/ffmpeg-static/target/lib  -L/Users/dylanmarcus/git/ffmpeg-static/target/lib conftest.c  >&5
configure:17550: $? = 0
configure:17550: result: yes
configure:17550: checking for mmap
configure:17550: gcc -o conftest -I/Users/dylanmarcus/git/ffmpeg-static/target/include -L/Users/dylanmarcus/git/ffmpeg-static/target/lib  -L/Users/dylanmarcus/git/ffmpeg-static/target/lib conftest.c  >&5
configure:17550: $? = 0
configure:17550: result: yes
configure:17550: checking for isatty
configure:17550: gcc -o conftest -I/Users/dylanmarcus/git/ffmpeg-static/target/include -L/Users/dylanmarcus/git/ffmpeg-static/target/lib  -L/Users/dylanmarcus/git/ffmpeg-static/target/lib conftest.c  >&5
configure:17550: $? = 0
configure:17550: result: yes
configure:17562: checking for unistd.h
configure:17562: result: yes
configure:17562: checking sys/mman.h usability
configure:17562: gcc -c -I/Users/dylanmarcus/git/ffmpeg-static/target/include -L/Users/dylanmarcus/git/ffmpeg-static/target/lib  conftest.c >&5
clang: warning: argument unused during compilation: '-L/Users/dylanmarcus/git/ffmpeg-static/target/lib' [-Wunused-command-line-argument]
configure:17562: $? = 0
configure:17562: result: yes
configure:17562: checking sys/mman.h presence
configure:17562: gcc -E  conftest.c
configure:17562: $? = 0
configure:17562: result: yes
configure:17562: checking for sys/mman.h
configure:17562: result: yes
configure:17577: checking alignment of struct{char;}
configure:17582: gcc -o conftest -I/Users/dylanmarcus/git/ffmpeg-static/target/include -L/Users/dylanmarcus/git/ffmpeg-static/target/lib  -L/Users/dylanmarcus/git/ffmpeg-static/target/lib conftest.c  >&5
conftest.c:70:33: warning: declaration does not declare anything [-Wmissing-declarations]
typedef struct { char x; struct{char;} y; } ac__type_alignof_;
                                ^~~~
1 warning generated.
configure:17582: $? = 0
configure:17582: ./conftest
configure:17582: $? = 0
configure:17600: result: 1
configure:17650: checking for native Win32
configure:17657: result: no
configure:17853: checking whether gcc is Clang
configure:17878: result: yes
configure:17925: checking whether Clang needs flag to prevent "argument unused" warning when linking with -pthread
configure:17950: gcc -o conftest -Werror -Wunknown-warning-option  -pthread -I/Users/dylanmarcus/git/ffmpeg-static/target/include -L/Users/dylanmarcus/git/ffmpeg-static/target/lib  -L/Users/dylanmarcus/git/ffmpeg-static/target/lib -Bsymbolic-functions conftest.c  >&5
configure:17950: $? = 0
configure:17956: (gcc -c -Werror -Wunknown-warning-option  -pthread -I/Users/dylanmarcus/git/ffmpeg-static/target/include -L/Users/dylanmarcus/git/ffmpeg-static/target/lib  conftest.c >&5) && (echo ==== >&5) && (gcc -o conftest -Werror -Wunknown-warning-option  -pthread -I/Users/dylanmarcus/git/ffmpeg-static/target/include -L/Users/dylanmarcus/git/ffmpeg-static/target/lib  -L/Users/dylanmarcus/git/ffmpeg-static/target/lib -Bsymbolic-functions conftest.o  >&5)
clang: error: argument unused during compilation: '-L/Users/dylanmarcus/git/ffmpeg-static/target/lib' [-Werror,-Wunused-command-line-argument]
configure:17956: $? = 1
configure: failed program was:
| /* confdefs.h */
| #define PACKAGE_NAME "HarfBuzz"
| #define PACKAGE_TARNAME "harfbuzz"
| #define PACKAGE_VERSION "1.4.6"
| #define PACKAGE_STRING "HarfBuzz 1.4.6"
| #define PACKAGE_BUGREPORT "https://github.com/behdad/harfbuzz/issues/new"
| #define PACKAGE_URL "http://harfbuzz.org/"
| #define STDC_HEADERS 1
| #define HAVE_SYS_TYPES_H 1
| #define HAVE_SYS_STAT_H 1
| #define HAVE_STDLIB_H 1
| #define HAVE_STRING_H 1
| #define HAVE_MEMORY_H 1
| #define HAVE_STRINGS_H 1
| #define HAVE_INTTYPES_H 1
| #define HAVE_STDINT_H 1
| #define HAVE_UNISTD_H 1
| #define HAVE_DLFCN_H 1
| #define LT_OBJDIR ".libs/"
| #define __EXTENSIONS__ 1
| #define _ALL_SOURCE 1
| #define _GNU_SOURCE 1
| #define _POSIX_PTHREAD_SEMANTICS 1
| #define _TANDEM_SOURCE 1
| #define HAVE_ATEXIT 1
| #define HAVE_MPROTECT 1
| #define HAVE_SYSCONF 1
| #define HAVE_GETPAGESIZE 1
| #define HAVE_MMAP 1
| #define HAVE_ISATTY 1
| #define HAVE_UNISTD_H 1
| #define HAVE_SYS_MMAN_H 1
| #define ALIGNOF_STRUCT_CHAR__ 1
| /* end confdefs.h.  */
| int main(void){return 0;}
configure:17950: gcc -o conftest -Werror -Wunknown-warning-option -Qunused-arguments -pthread -I/Users/dylanmarcus/git/ffmpeg-static/target/include -L/Users/dylanmarcus/git/ffmpeg-static/target/lib  -L/Users/dylanmarcus/git/ffmpeg-static/target/lib -Bsymbolic-functions conftest.c  >&5
configure:17950: $? = 0
configure:17956: (gcc -c -Werror -Wunknown-warning-option -Qunused-arguments -pthread -I/Users/dylanmarcus/git/ffmpeg-static/target/include -L/Users/dylanmarcus/git/ffmpeg-static/target/lib  conftest.c >&5) && (echo ==== >&5) && (gcc -o conftest -Werror -Wunknown-warning-option -Qunused-arguments -pthread -I/Users/dylanmarcus/git/ffmpeg-static/target/include -L/Users/dylanmarcus/git/ffmpeg-static/target/lib  -L/Users/dylanmarcus/git/ffmpeg-static/target/lib -Bsymbolic-functions conftest.o  >&5)
====
configure:17956: $? = 0
configure:17974: result: -Qunused-arguments
configure:18123: checking for joinable pthread attribute
configure:18141: gcc -o conftest -I/Users/dylanmarcus/git/ffmpeg-static/target/include -L/Users/dylanmarcus/git/ffmpeg-static/target/lib -Qunused-arguments -pthread  -L/Users/dylanmarcus/git/ffmpeg-static/target/lib -Bsymbolic-functions conftest.c   >&5
configure:18141: $? = 0
configure:18149: result: PTHREAD_CREATE_JOINABLE
configure:18163: checking whether more special flags are required for pthreads
configure:18176: result: no
configure:18184: checking for PTHREAD_PRIO_INHERIT
configure:18200: gcc -o conftest -I/Users/dylanmarcus/git/ffmpeg-static/target/include -L/Users/dylanmarcus/git/ffmpeg-static/target/lib -Qunused-arguments -pthread  -L/Users/dylanmarcus/git/ffmpeg-static/target/lib -Bsymbolic-functions conftest.c   >&5
configure:18200: $? = 0
configure:18209: result: yes
configure:18370: checking for GLIB
configure:18378: $PKG_CONFIG --exists --print-errors "$GLIB_DEPS"
configure:18381: $? = 0
configure:18396: $PKG_CONFIG --exists --print-errors "$GLIB_DEPS"
configure:18399: $? = 0
configure:18435: result: yes
configure:18687: checking for CAIRO
configure:18695: $PKG_CONFIG --exists --print-errors "cairo >= 1.8.0"
configure:18698: $? = 0
configure:18713: $PKG_CONFIG --exists --print-errors "cairo >= 1.8.0"
configure:18716: $? = 0
configure:18752: result: yes
configure:18778: checking for CAIRO_FT
configure:18786: $PKG_CONFIG --exists --print-errors "cairo-ft"
configure:18789: $? = 0
configure:18804: $PKG_CONFIG --exists --print-errors "cairo-ft"
configure:18807: $? = 0
configure:18843: result: yes
configure:18875: checking for FONTCONFIG
configure:18883: $PKG_CONFIG --exists --print-errors "fontconfig"
configure:18886: $? = 0
configure:18901: $PKG_CONFIG --exists --print-errors "fontconfig"
configure:18904: $? = 0
configure:18940: result: yes
configure:18975: checking for ICU
configure:18983: $PKG_CONFIG --exists --print-errors "icu-uc"
Package icu-uc was not found in the pkg-config search path.
Perhaps you should add the directory containing `icu-uc.pc'
to the PKG_CONFIG_PATH environment variable
No package 'icu-uc' found
configure:18986: $? = 1
configure:19001: $PKG_CONFIG --exists --print-errors "icu-uc"
Package icu-uc was not found in the pkg-config search path.
Perhaps you should add the directory containing `icu-uc.pc'
to the PKG_CONFIG_PATH environment variable
No package 'icu-uc' found
configure:19004: $? = 1
No package 'icu-uc' found
configure:19032: result: no
configure:19089: checking for icu-config
configure:19105: found /Users/dylanmarcus/anaconda/bin/icu-config
configure:19116: result: icu-config
configure:19138: checking for ICU by using icu-config fallback
configure:19149: result: yes
configure:19351: checking for FREETYPE
configure:19359: $PKG_CONFIG --exists --print-errors "$FREETYPE_DEPS"
configure:19362: $? = 0
configure:19377: $PKG_CONFIG --exists --print-errors "$FREETYPE_DEPS"
configure:19380: $? = 0
configure:19416: result: yes
configure:19432: checking for FT_Get_Var_Blend_Coordinates
configure:19432: gcc -o conftest -I/Users/dylanmarcus/git/ffmpeg-static/target/include -L/Users/dylanmarcus/git/ffmpeg-static/target/lib  -L/Users/dylanmarcus/git/ffmpeg-static/target/lib -Bsymbolic-functions conftest.c  -L/usr/local/opt/freetype/lib -lfreetype >&5
configure:19432: $? = 0
configure:19432: result: yes
configure:19617: checking for Intel atomic primitives
configure:19640: gcc -o conftest -I/Users/dylanmarcus/git/ffmpeg-static/target/include -L/Users/dylanmarcus/git/ffmpeg-static/target/lib  -L/Users/dylanmarcus/git/ffmpeg-static/target/lib -Bsymbolic-functions conftest.c  >&5
configure:19640: $? = 0
configure:19648: result: true
configure:19657: checking for Solaris atomic operations
configure:19682: gcc -o conftest -I/Users/dylanmarcus/git/ffmpeg-static/target/include -L/Users/dylanmarcus/git/ffmpeg-static/target/lib  -L/Users/dylanmarcus/git/ffmpeg-static/target/lib -Bsymbolic-functions conftest.c  >&5
conftest.c:49:12: fatal error: 'atomic.h' file not found
                #include <atomic.h>
                         ^~~~~~~~~~
1 error generated.
configure:19682: $? = 1
configure: failed program was:
| /* confdefs.h */
| #define PACKAGE_NAME "HarfBuzz"
| #define PACKAGE_TARNAME "harfbuzz"
| #define PACKAGE_VERSION "1.4.6"
| #define PACKAGE_STRING "HarfBuzz 1.4.6"
| #define PACKAGE_BUGREPORT "https://github.com/behdad/harfbuzz/issues/new"
| #define PACKAGE_URL "http://harfbuzz.org/"
| #define STDC_HEADERS 1
| #define HAVE_SYS_TYPES_H 1
| #define HAVE_SYS_STAT_H 1
| #define HAVE_STDLIB_H 1
| #define HAVE_STRING_H 1
| #define HAVE_MEMORY_H 1
| #define HAVE_STRINGS_H 1
| #define HAVE_INTTYPES_H 1
| #define HAVE_STDINT_H 1
| #define HAVE_UNISTD_H 1
| #define HAVE_DLFCN_H 1
| #define LT_OBJDIR ".libs/"
| #define __EXTENSIONS__ 1
| #define _ALL_SOURCE 1
| #define _GNU_SOURCE 1
| #define _POSIX_PTHREAD_SEMANTICS 1
| #define _TANDEM_SOURCE 1
| #define HAVE_ATEXIT 1
| #define HAVE_MPROTECT 1
| #define HAVE_SYSCONF 1
| #define HAVE_GETPAGESIZE 1
| #define HAVE_MMAP 1
| #define HAVE_ISATTY 1
| #define HAVE_UNISTD_H 1
| #define HAVE_SYS_MMAN_H 1
| #define ALIGNOF_STRUCT_CHAR__ 1
| #define HAVE_PTHREAD_PRIO_INHERIT 1
| #define HAVE_PTHREAD 1
| #define HAVE_OT 1
| #define HAVE_FALLBACK 1
| #define HAVE_GLIB 1
| #define HAVE_CAIRO 1
| #define HAVE_CAIRO_FT 1
| #define HAVE_FONTCONFIG 1
| #define HAVE_ICU 1
| #define HAVE_UCDN 1
| #define HAVE_FREETYPE 1
| #define HAVE_FT_GET_VAR_BLEND_COORDINATES 1
| #define HAVE_INTEL_ATOMIC_PRIMITIVES 1
| /* end confdefs.h.  */
| 
| 		#include <atomic.h>
| 		/* This requires Solaris Studio 12.2 or newer: */
| 		#include <mbarrier.h>
| 		void memory_barrier (void) { __machine_rw_barrier (); }
| 		int atomic_add (volatile unsigned *i) { return atomic_add_int_nv (i, 1); }
| 		void *atomic_ptr_cmpxchg (volatile void **target, void *cmp, void *newval) { return atomic_cas_ptr (target, cmp, newval); }
| 
| int
| main ()
| {
| 
|   ;
|   return 0;
| }
configure:19690: result: false
configure:19884: checking that generated files are newer than configure
configure:19890: result: done
configure:20029: creating ./config.status

## ---------------------- ##
## Running config.status. ##
## ---------------------- ##

This file was extended by HarfBuzz config.status 1.4.6, which was
generated by GNU Autoconf 2.69.  Invocation command line was

  CONFIG_FILES    = 
  CONFIG_HEADERS  = 
  CONFIG_LINKS    = 
  CONFIG_COMMANDS = 
  $ ./config.status 

on Dylans-MacBook-Pro.local

config.status:1291: creating Makefile
config.status:1291: creating src/Makefile
config.status:1291: creating src/hb-version.h
config.status:1291: creating src/hb-ucdn/Makefile
config.status:1291: creating util/Makefile
config.status:1291: creating test/Makefile
config.status:1291: creating test/api/Makefile
config.status:1291: creating test/fuzzing/Makefile
config.status:1291: creating test/shaping/Makefile
config.status:1291: creating docs/Makefile
config.status:1291: creating docs/version.xml
config.status:1291: creating win32/Makefile
config.status:1291: creating win32/config.h.win32
config.status:1291: creating config.h
config.status:1520: executing depfiles commands
config.status:1520: executing libtool commands
configure:22560:

Build configuration:

Unicode callbacks (you want at least one):
	Builtin (UCDN):		true
	Glib:			true
	ICU:			true

Font callbacks (the more the better):
	FreeType:		true

Tools used for command-line utilities:
	Cairo:			true
	Fontconfig:		true

Additional shapers (the more the better):
	Graphite2:		false

Platform shapers (not normally needed):
	CoreText:		false
	Uniscribe:		false
	DirectWrite:		false

Other features:
	Documentation:		no
	GObject bindings:	false
	Introspection:		false


## ---------------- ##
## Cache variables. ##
## ---------------- ##

ac_cv_alignof_struct_char__=1
ac_cv_build=x86_64-apple-darwin16.7.0
ac_cv_c_compiler_gnu=yes
ac_cv_cxx_compiler_gnu=yes
ac_cv_env_CAIRO_CFLAGS_set=
ac_cv_env_CAIRO_CFLAGS_value=
ac_cv_env_CAIRO_FT_CFLAGS_set=
ac_cv_env_CAIRO_FT_CFLAGS_value=
ac_cv_env_CAIRO_FT_LIBS_set=
ac_cv_env_CAIRO_FT_LIBS_value=
ac_cv_env_CAIRO_LIBS_set=
ac_cv_env_CAIRO_LIBS_value=
ac_cv_env_CCC_set=
ac_cv_env_CCC_value=
ac_cv_env_CC_set=
ac_cv_env_CC_value=
ac_cv_env_CFLAGS_set=set
ac_cv_env_CFLAGS_value='-I/Users/dylanmarcus/git/ffmpeg-static/target/include -L/Users/dylanmarcus/git/ffmpeg-static/target/lib'
ac_cv_env_CPPFLAGS_set=
ac_cv_env_CPPFLAGS_value=
ac_cv_env_CPP_set=
ac_cv_env_CPP_value=
ac_cv_env_CXXCPP_set=
ac_cv_env_CXXCPP_value=
ac_cv_env_CXXFLAGS_set=
ac_cv_env_CXXFLAGS_value=
ac_cv_env_CXX_set=
ac_cv_env_CXX_value=
ac_cv_env_FONTCONFIG_CFLAGS_set=
ac_cv_env_FONTCONFIG_CFLAGS_value=
ac_cv_env_FONTCONFIG_LIBS_set=
ac_cv_env_FONTCONFIG_LIBS_value=
ac_cv_env_FREETYPE_CFLAGS_set=
ac_cv_env_FREETYPE_CFLAGS_value=
ac_cv_env_FREETYPE_LIBS_set=
ac_cv_env_FREETYPE_LIBS_value=
ac_cv_env_GLIB_CFLAGS_set=
ac_cv_env_GLIB_CFLAGS_value=
ac_cv_env_GLIB_LIBS_set=
ac_cv_env_GLIB_LIBS_value=
ac_cv_env_GOBJECT_CFLAGS_set=
ac_cv_env_GOBJECT_CFLAGS_value=
ac_cv_env_GOBJECT_LIBS_set=
ac_cv_env_GOBJECT_LIBS_value=
ac_cv_env_GRAPHITE2_CFLAGS_set=
ac_cv_env_GRAPHITE2_CFLAGS_value=
ac_cv_env_GRAPHITE2_LIBS_set=
ac_cv_env_GRAPHITE2_LIBS_value=
ac_cv_env_GTKDOC_DEPS_CFLAGS_set=
ac_cv_env_GTKDOC_DEPS_CFLAGS_value=
ac_cv_env_GTKDOC_DEPS_LIBS_set=
ac_cv_env_GTKDOC_DEPS_LIBS_value=
ac_cv_env_ICU_CFLAGS_set=
ac_cv_env_ICU_CFLAGS_value=
ac_cv_env_ICU_LIBS_set=
ac_cv_env_ICU_LIBS_value=
ac_cv_env_LDFLAGS_set=set
ac_cv_env_LDFLAGS_value=-L/Users/dylanmarcus/git/ffmpeg-static/target/lib
ac_cv_env_LIBS_set=
ac_cv_env_LIBS_value=
ac_cv_env_PKG_CONFIG_set=
ac_cv_env_PKG_CONFIG_value=
ac_cv_env_build_alias_set=
ac_cv_env_build_alias_value=
ac_cv_env_host_alias_set=
ac_cv_env_host_alias_value=
ac_cv_env_target_alias_set=
ac_cv_env_target_alias_value=
ac_cv_func_FT_Get_Var_Blend_Coordinates=yes
ac_cv_func_atexit=yes
ac_cv_func_getpagesize=yes
ac_cv_func_isatty=yes
ac_cv_func_mmap=yes
ac_cv_func_mprotect=yes
ac_cv_func_sysconf=yes
ac_cv_header_dlfcn_h=yes
ac_cv_header_inttypes_h=yes
ac_cv_header_memory_h=yes
ac_cv_header_minix_config_h=no
ac_cv_header_stdc=yes
ac_cv_header_stdint_h=yes
ac_cv_header_stdlib_h=yes
ac_cv_header_string_h=yes
ac_cv_header_strings_h=yes
ac_cv_header_sys_mman_h=yes
ac_cv_header_sys_stat_h=yes
ac_cv_header_sys_types_h=yes
ac_cv_header_unistd_h=yes
ac_cv_host=x86_64-apple-darwin16.7.0
ac_cv_objext=o
ac_cv_path_EGREP='/usr/bin/grep -E'
ac_cv_path_FGREP='/usr/bin/grep -F'
ac_cv_path_GREP=/usr/bin/grep
ac_cv_path_SED=/usr/bin/sed
ac_cv_path_ac_pt_PKG_CONFIG=/usr/local/bin/pkg-config
ac_cv_path_install='/usr/bin/install -c'
ac_cv_prog_AWK=awk
ac_cv_prog_CPP='gcc -E'
ac_cv_prog_CXXCPP='g++ -E'
ac_cv_prog_ac_ct_AR=ar
ac_cv_prog_ac_ct_CC=gcc
ac_cv_prog_ac_ct_CXX=g++
ac_cv_prog_ac_ct_DSYMUTIL=dsymutil
ac_cv_prog_ac_ct_ICU_CONFIG=icu-config
ac_cv_prog_ac_ct_LIPO=lipo
ac_cv_prog_ac_ct_NMEDIT=nmedit
ac_cv_prog_ac_ct_OBJDUMP=objdump
ac_cv_prog_ac_ct_OTOOL=otool
ac_cv_prog_ac_ct_RANLIB=ranlib
ac_cv_prog_ac_ct_STRIP=strip
ac_cv_prog_cc_c89=
ac_cv_prog_cc_g=yes
ac_cv_prog_cxx_g=yes
ac_cv_prog_make_make_set=yes
ac_cv_safe_to_define___extensions__=yes
ac_cv_sys_file_offset_bits=no
ac_cv_sys_largefile_CC=no
am_cv_CC_dependencies_compiler_type=gcc3
am_cv_CXX_dependencies_compiler_type=gcc3
am_cv_ar_interface=ar
am_cv_make_support_nested_variables=yes
am_cv_prog_cc_c_o=yes
am_cv_prog_tar_ustar=gnutar
ax_cv_PTHREAD_CLANG=yes
ax_cv_PTHREAD_CLANG_NO_WARN_FLAG=-Qunused-arguments
ax_cv_PTHREAD_JOINABLE_ATTR=PTHREAD_CREATE_JOINABLE
ax_cv_PTHREAD_PRIO_INHERIT=yes
ax_cv_PTHREAD_SPECIAL_FLAGS=no
hb_cv_have_intel_atomic_primitives=true
hb_cv_have_solaris_atomic_ops=false
lt_cv_apple_cc_single_mod=yes
lt_cv_ar_at_file=no
lt_cv_deplibs_check_method=pass_all
lt_cv_file_magic_cmd='$MAGIC_CMD'
lt_cv_file_magic_test_file=
lt_cv_ld_exported_symbols_list=yes
lt_cv_ld_force_load=yes
lt_cv_ld_reload_flag=-r
lt_cv_nm_interface='BSD nm'
lt_cv_objdir=.libs
lt_cv_path_LD=/Applications/Xcode.app/Contents/Developer/Toolchains/XcodeDefault.xctoolchain/usr/bin/ld
lt_cv_path_LDCXX=/Applications/Xcode.app/Contents/Developer/Toolchains/XcodeDefault.xctoolchain/usr/bin/ld
lt_cv_path_NM='/usr/bin/nm -B'
lt_cv_path_mainfest_tool=no
lt_cv_prog_compiler_c_o=yes
lt_cv_prog_compiler_c_o_CXX=yes
lt_cv_prog_compiler_pic='-fno-common -DPIC'
lt_cv_prog_compiler_pic_CXX='-fno-common -DPIC'
lt_cv_prog_compiler_pic_works=yes
lt_cv_prog_compiler_pic_works_CXX=yes
lt_cv_prog_compiler_rtti_exceptions=yes
lt_cv_prog_compiler_static_works=no
lt_cv_prog_compiler_static_works_CXX=no
lt_cv_prog_gnu_ld=no
lt_cv_prog_gnu_ldcxx=no
lt_cv_sharedlib_from_linklib_cmd='printf %s\n'
lt_cv_sys_global_symbol_pipe='sed -n -e '\''s/^.*[	 ]\([BCDEGRST][BCDEGRST]*\)[	 ][	 ]*_\([_A-Za-z][_A-Za-z0-9]*\)$/\1 _\2 \2/p'\'' | sed '\''/ __gnu_lto/d'\'''
lt_cv_sys_global_symbol_to_c_name_address='sed -n -e '\''s/^: \([^ ]*\)[ ]*$/  {\"\1\", (void *) 0},/p'\'' -e '\''s/^[BCDEGRST]* \([^ ]*\) \([^ ]*\)$/  {"\2", (void *) \&\2},/p'\'''
lt_cv_sys_global_symbol_to_c_name_address_lib_prefix='sed -n -e '\''s/^: \([^ ]*\)[ ]*$/  {\"\1\", (void *) 0},/p'\'' -e '\''s/^[BCDEGRST]* \([^ ]*\) \(lib[^ ]*\)$/  {"\2", (void *) \&\2},/p'\'' -e '\''s/^[BCDEGRST]* \([^ ]*\) \([^ ]*\)$/  {"lib\2", (void *) \&\2},/p'\'''
lt_cv_sys_global_symbol_to_cdecl='sed -n -e '\''s/^T .* \(.*\)$/extern int \1();/p'\'' -e '\''s/^[BCDEGRST]* .* \(.*\)$/extern char \1;/p'\'''
lt_cv_sys_max_cmd_len=196608
lt_cv_to_host_file_cmd=func_convert_file_noop
lt_cv_to_tool_file_cmd=func_convert_file_noop
pkg_cv_CAIRO_CFLAGS='-I/usr/local/Cellar/cairo/1.14.10/include/cairo -I/usr/local/Cellar/glib/2.54.1/include/glib-2.0 -I/usr/local/Cellar/glib/2.54.1/lib/glib-2.0/include -I/usr/local/opt/gettext/include -I/usr/local/Cellar/pcre/8.41/include -I/usr/local/Cellar/pixman/0.34.0_1/include/pixman-1 -I/usr/local/Cellar/fontconfig/2.12.6/include -I/usr/local/opt/freetype/include/freetype2 -I/usr/local/Cellar/libpng/1.6.32/include/libpng16'
pkg_cv_CAIRO_FT_CFLAGS='-I/usr/local/Cellar/cairo/1.14.10/include/cairo -I/usr/local/Cellar/glib/2.54.1/include/glib-2.0 -I/usr/local/Cellar/glib/2.54.1/lib/glib-2.0/include -I/usr/local/opt/gettext/include -I/usr/local/Cellar/pcre/8.41/include -I/usr/local/Cellar/pixman/0.34.0_1/include/pixman-1 -I/usr/local/Cellar/fontconfig/2.12.6/include -I/usr/local/opt/freetype/include/freetype2 -I/usr/local/Cellar/libpng/1.6.32/include/libpng16 -I/usr/local/opt/freetype/include/freetype2'
pkg_cv_CAIRO_FT_LIBS='-L/usr/local/Cellar/cairo/1.14.10/lib -L/usr/local/opt/freetype/lib -lcairo -lfreetype'
pkg_cv_CAIRO_LIBS='-L/usr/local/Cellar/cairo/1.14.10/lib -lcairo'
pkg_cv_FONTCONFIG_CFLAGS='-I/usr/local/Cellar/fontconfig/2.12.6/include -I/usr/local/opt/freetype/include/freetype2'
pkg_cv_FONTCONFIG_LIBS='-L/usr/local/Cellar/fontconfig/2.12.6/lib -L/usr/local/opt/freetype/lib -lfontconfig -lfreetype'
pkg_cv_FREETYPE_CFLAGS=-I/usr/local/opt/freetype/include/freetype2
pkg_cv_FREETYPE_LIBS='-L/usr/local/opt/freetype/lib -lfreetype'
pkg_cv_GLIB_CFLAGS='-I/usr/local/Cellar/glib/2.54.1/include/glib-2.0 -I/usr/local/Cellar/glib/2.54.1/lib/glib-2.0/include -I/usr/local/opt/gettext/include -I/usr/local/Cellar/pcre/8.41/include'
pkg_cv_GLIB_LIBS='-L/usr/local/Cellar/glib/2.54.1/lib -L/usr/local/opt/gettext/lib -lglib-2.0 -lintl -Wl,-framework -Wl,CoreFoundation'
pkg_cv_GTKDOC_DEPS_CFLAGS='-I/usr/local/Cellar/glib/2.54.1/include/glib-2.0 -I/usr/local/Cellar/glib/2.54.1/lib/glib-2.0/include -I/usr/local/opt/gettext/include -I/usr/local/Cellar/pcre/8.41/include'
pkg_cv_GTKDOC_DEPS_LIBS='-L/usr/local/Cellar/glib/2.54.1/lib -L/usr/local/opt/gettext/lib -lgobject-2.0 -lglib-2.0 -lintl -Wl,-framework -Wl,CoreFoundation'

## ----------------- ##
## Output variables. ##
## ----------------- ##

ACLOCAL='${SHELL} /Users/dylanmarcus/git/ffmpeg-static/build/harfbuzz-1.4.6/missing aclocal-1.14'
AMDEPBACKSLASH='\'
AMDEP_FALSE='#'
AMDEP_TRUE=''
AMTAR='$${TAR-tar}'
AM_BACKSLASH='\'
AM_DEFAULT_V='$(AM_DEFAULT_VERBOSITY)'
AM_DEFAULT_VERBOSITY='0'
AM_V='$(V)'
AR='ar'
AUTOCONF='${SHELL} /Users/dylanmarcus/git/ffmpeg-static/build/harfbuzz-1.4.6/missing autoconf'
AUTOHEADER='${SHELL} /Users/dylanmarcus/git/ffmpeg-static/build/harfbuzz-1.4.6/missing autoheader'
AUTOMAKE='${SHELL} /Users/dylanmarcus/git/ffmpeg-static/build/harfbuzz-1.4.6/missing automake-1.14'
AUTOMAKE_OLDER_THAN_1_13_FALSE=''
AUTOMAKE_OLDER_THAN_1_13_TRUE='#'
AWK='awk'
CAIRO_CFLAGS='-I/usr/local/Cellar/cairo/1.14.10/include/cairo -I/usr/local/Cellar/glib/2.54.1/include/glib-2.0 -I/usr/local/Cellar/glib/2.54.1/lib/glib-2.0/include -I/usr/local/opt/gettext/include -I/usr/local/Cellar/pcre/8.41/include -I/usr/local/Cellar/pixman/0.34.0_1/include/pixman-1 -I/usr/local/Cellar/fontconfig/2.12.6/include -I/usr/local/opt/freetype/include/freetype2 -I/usr/local/Cellar/libpng/1.6.32/include/libpng16'
CAIRO_FT_CFLAGS='-I/usr/local/Cellar/cairo/1.14.10/include/cairo -I/usr/local/Cellar/glib/2.54.1/include/glib-2.0 -I/usr/local/Cellar/glib/2.54.1/lib/glib-2.0/include -I/usr/local/opt/gettext/include -I/usr/local/Cellar/pcre/8.41/include -I/usr/local/Cellar/pixman/0.34.0_1/include/pixman-1 -I/usr/local/Cellar/fontconfig/2.12.6/include -I/usr/local/opt/freetype/include/freetype2 -I/usr/local/Cellar/libpng/1.6.32/include/libpng16 -I/usr/local/opt/freetype/include/freetype2'
CAIRO_FT_LIBS='-L/usr/local/Cellar/cairo/1.14.10/lib -L/usr/local/opt/freetype/lib -lcairo -lfreetype'
CAIRO_LIBS='-L/usr/local/Cellar/cairo/1.14.10/lib -lcairo'
CC='gcc'
CCDEPMODE='depmode=gcc3'
CFLAGS='-I/Users/dylanmarcus/git/ffmpeg-static/target/include -L/Users/dylanmarcus/git/ffmpeg-static/target/lib'
CORETEXT_CFLAGS=''
CORETEXT_LIBS=''
CPP='gcc -E'
CPPFLAGS=''
CXX='g++'
CXXCPP='g++ -E'
CXXDEPMODE='depmode=gcc3'
CXXFLAGS='-g -O2 -fno-rtti -fno-exceptions -Wcast-align -fvisibility-inlines-hidden '
CYGPATH_W='echo'
DEFS='-DHAVE_CONFIG_H'
DEPDIR='.deps'
DIRECTWRITE_CXXFLAGS=''
DIRECTWRITE_LIBS=''
DLLTOOL='false'
DSYMUTIL='dsymutil'
DUMPBIN=''
ECHO_C='\c'
ECHO_N=''
ECHO_T=''
EGREP='/usr/bin/grep -E'
ENABLE_GTK_DOC_FALSE=''
ENABLE_GTK_DOC_TRUE='#'
EXEEXT=''
FGREP='/usr/bin/grep -F'
FONTCONFIG_CFLAGS='-I/usr/local/Cellar/fontconfig/2.12.6/include -I/usr/local/opt/freetype/include/freetype2'
FONTCONFIG_LIBS='-L/usr/local/Cellar/fontconfig/2.12.6/lib -L/usr/local/opt/freetype/lib -lfontconfig -lfreetype'
FREETYPE_CFLAGS='-I/usr/local/opt/freetype/include/freetype2'
FREETYPE_DEPS='freetype2 >= 12.0.6'
FREETYPE_LIBS='-L/usr/local/opt/freetype/lib -lfreetype'
GIT='${SHELL} /Users/dylanmarcus/git/ffmpeg-static/build/harfbuzz-1.4.6/missing git'
GLIB_CFLAGS='-I/usr/local/Cellar/glib/2.54.1/include/glib-2.0 -I/usr/local/Cellar/glib/2.54.1/lib/glib-2.0/include -I/usr/local/opt/gettext/include -I/usr/local/Cellar/pcre/8.41/include'
GLIB_DEPS='glib-2.0 >= 2.19.1'
GLIB_LIBS='-L/usr/local/Cellar/glib/2.54.1/lib -L/usr/local/opt/gettext/lib -lglib-2.0 -lintl -Wl,-framework -Wl,CoreFoundation'
GLIB_MKENUMS=''
GOBJECT_CFLAGS=''
GOBJECT_LIBS=''
GRAPHITE2_CFLAGS=''
GRAPHITE2_DEPS='graphite2'
GRAPHITE2_LIBS=''
GREP='/usr/bin/grep'
GTKDOC_CHECK=''
GTKDOC_CHECK_PATH=''
GTKDOC_DEPS_CFLAGS='-I/usr/local/Cellar/glib/2.54.1/include/glib-2.0 -I/usr/local/Cellar/glib/2.54.1/lib/glib-2.0/include -I/usr/local/opt/gettext/include -I/usr/local/Cellar/pcre/8.41/include'
GTKDOC_DEPS_LIBS='-L/usr/local/Cellar/glib/2.54.1/lib -L/usr/local/opt/gettext/lib -lgobject-2.0 -lglib-2.0 -lintl -Wl,-framework -Wl,CoreFoundation'
GTKDOC_MKPDF=''
GTKDOC_REBASE='true'
GTK_DOC_BUILD_HTML_FALSE='#'
GTK_DOC_BUILD_HTML_TRUE=''
GTK_DOC_BUILD_PDF_FALSE=''
GTK_DOC_BUILD_PDF_TRUE='#'
GTK_DOC_USE_LIBTOOL_FALSE='#'
GTK_DOC_USE_LIBTOOL_TRUE=''
GTK_DOC_USE_REBASE_FALSE='#'
GTK_DOC_USE_REBASE_TRUE=''
HAVE_CAIRO_FALSE='#'
HAVE_CAIRO_FT_FALSE='#'
HAVE_CAIRO_FT_TRUE=''
HAVE_CAIRO_TRUE=''
HAVE_CORETEXT_FALSE=''
HAVE_CORETEXT_TRUE='#'
HAVE_DIRECTWRITE_FALSE=''
HAVE_DIRECTWRITE_TRUE='#'
HAVE_FALLBACK_FALSE='#'
HAVE_FALLBACK_TRUE=''
HAVE_FONTCONFIG_FALSE='#'
HAVE_FONTCONFIG_TRUE=''
HAVE_FREETYPE_FALSE='#'
HAVE_FREETYPE_TRUE=''
HAVE_GCC_FALSE='#'
HAVE_GCC_TRUE=''
HAVE_GLIB_FALSE='#'
HAVE_GLIB_TRUE=''
HAVE_GOBJECT_FALSE=''
HAVE_GOBJECT_TRUE='#'
HAVE_GRAPHITE2_FALSE=''
HAVE_GRAPHITE2_TRUE='#'
HAVE_GTK_DOC_FALSE=''
HAVE_GTK_DOC_TRUE='#'
HAVE_ICU_BUILTIN_FALSE=''
HAVE_ICU_BUILTIN_TRUE='#'
HAVE_ICU_FALSE='#'
HAVE_ICU_TRUE=''
HAVE_INTROSPECTION_FALSE=''
HAVE_INTROSPECTION_TRUE='#'
HAVE_OT_FALSE='#'
HAVE_OT_TRUE=''
HAVE_PTHREAD_FALSE='#'
HAVE_PTHREAD_TRUE=''
HAVE_UCDN_FALSE='#'
HAVE_UCDN_TRUE=''
HAVE_UNISCRIBE_FALSE=''
HAVE_UNISCRIBE_TRUE='#'
HB_LIBTOOL_VERSION_INFO='10400:6:10400'
HB_VERSION='1.4.6'
HB_VERSION_MAJOR='1'
HB_VERSION_MICRO='6'
HB_VERSION_MINOR='4'
HTML_DIR='${datadir}/gtk-doc/html'
ICU_CFLAGS='-I/Users/dylanmarcus/anaconda/include '
ICU_CONFIG='icu-config'
ICU_LIBS='-L/Users/dylanmarcus/anaconda/lib -licui18n -licuuc -licudata '
INSTALL_DATA='${INSTALL} -m 644'
INSTALL_PROGRAM='${INSTALL}'
INSTALL_SCRIPT='${INSTALL}'
INSTALL_STRIP_PROGRAM='$(install_sh) -c -s'
INTROSPECTION_CFLAGS=''
INTROSPECTION_COMPILER=''
INTROSPECTION_GENERATE=''
INTROSPECTION_GIRDIR=''
INTROSPECTION_LIBS=''
INTROSPECTION_MAKEFILE=''
INTROSPECTION_SCANNER=''
INTROSPECTION_TYPELIBDIR=''
LD='/Applications/Xcode.app/Contents/Developer/Toolchains/XcodeDefault.xctoolchain/usr/bin/ld'
LDFLAGS='-L/Users/dylanmarcus/git/ffmpeg-static/target/lib -Bsymbolic-functions'
LIBOBJS=''
LIBS=''
LIBTOOL='$(SHELL) $(top_builddir)/libtool'
LIPO='lipo'
LN_S='ln -s'
LTLIBOBJS=''
MAKEINFO='${SHELL} /Users/dylanmarcus/git/ffmpeg-static/build/harfbuzz-1.4.6/missing makeinfo'
MANIFEST_TOOL=':'
MKDIR_P='./install-sh -c -d'
NM='/usr/bin/nm -B'
NMEDIT='nmedit'
OBJDUMP='objdump'
OBJEXT='o'
OS_WIN32_FALSE=''
OS_WIN32_TRUE='#'
OTOOL64=':'
OTOOL='otool'
PACKAGE='harfbuzz'
PACKAGE_BUGREPORT='https://github.com/behdad/harfbuzz/issues/new'
PACKAGE_NAME='HarfBuzz'
PACKAGE_STRING='HarfBuzz 1.4.6'
PACKAGE_TARNAME='harfbuzz'
PACKAGE_URL='http://harfbuzz.org/'
PACKAGE_VERSION='1.4.6'
PATH_SEPARATOR=':'
PKG_CONFIG='/usr/local/bin/pkg-config'
PTHREAD_CC='gcc'
PTHREAD_CFLAGS='-Qunused-arguments -pthread'
PTHREAD_LIBS=''
RAGEL='${SHELL} /Users/dylanmarcus/git/ffmpeg-static/build/harfbuzz-1.4.6/missing ragel'
RANLIB='ranlib'
SED='/usr/bin/sed'
SET_MAKE=''
SHELL='/bin/sh'
STRIP='strip'
UNISCRIBE_CFLAGS=''
UNISCRIBE_LIBS=''
VERSION='1.4.6'
ac_ct_AR='ar'
ac_ct_CC='gcc'
ac_ct_CXX='g++'
ac_ct_DUMPBIN=''
am__EXEEXT_FALSE=''
am__EXEEXT_TRUE='#'
am__fastdepCC_FALSE='#'
am__fastdepCC_TRUE=''
am__fastdepCXX_FALSE='#'
am__fastdepCXX_TRUE=''
am__include='include'
am__isrc=''
am__leading_dot='.'
am__nodep='_no'
am__quote=''
am__tar='tar --format=ustar -chf - "$$tardir"'
am__untar='tar -xf -'
ax_pthread_config=''
bindir='${exec_prefix}/bin'
build='x86_64-apple-darwin16.7.0'
build_alias=''
build_cpu='x86_64'
build_os='darwin16.7.0'
build_vendor='apple'
datadir='${datarootdir}'
datarootdir='${prefix}/share'
docdir='${datarootdir}/doc/${PACKAGE_TARNAME}'
dvidir='${docdir}'
exec_prefix='${prefix}'
host='x86_64-apple-darwin16.7.0'
host_alias=''
host_cpu='x86_64'
host_os='darwin16.7.0'
host_vendor='apple'
htmldir='${docdir}'
includedir='${prefix}/include'
infodir='${datarootdir}/info'
install_sh='${SHELL} /Users/dylanmarcus/git/ffmpeg-static/build/harfbuzz-1.4.6/install-sh'
libdir='${exec_prefix}/lib'
libexecdir='${exec_prefix}/libexec'
localedir='${datarootdir}/locale'
localstatedir='${prefix}/var'
mandir='${datarootdir}/man'
mkdir_p='$(MKDIR_P)'
oldincludedir='/usr/include'
pdfdir='${docdir}'
prefix='/Users/dylanmarcus/git/ffmpeg-static/target'
program_transform_name='s,x,x,'
psdir='${docdir}'
sbindir='${exec_prefix}/sbin'
sharedstatedir='${prefix}/com'
sysconfdir='${prefix}/etc'
target_alias=''

## ----------- ##
## confdefs.h. ##
## ----------- ##

/* confdefs.h */
#define PACKAGE_NAME "HarfBuzz"
#define PACKAGE_TARNAME "harfbuzz"
#define PACKAGE_VERSION "1.4.6"
#define PACKAGE_STRING "HarfBuzz 1.4.6"
#define PACKAGE_BUGREPORT "https://github.com/behdad/harfbuzz/issues/new"
#define PACKAGE_URL "http://harfbuzz.org/"
#define STDC_HEADERS 1
#define HAVE_SYS_TYPES_H 1
#define HAVE_SYS_STAT_H 1
#define HAVE_STDLIB_H 1
#define HAVE_STRING_H 1
#define HAVE_MEMORY_H 1
#define HAVE_STRINGS_H 1
#define HAVE_INTTYPES_H 1
#define HAVE_STDINT_H 1
#define HAVE_UNISTD_H 1
#define HAVE_DLFCN_H 1
#define LT_OBJDIR ".libs/"
#define __EXTENSIONS__ 1
#define _ALL_SOURCE 1
#define _GNU_SOURCE 1
#define _POSIX_PTHREAD_SEMANTICS 1
#define _TANDEM_SOURCE 1
#define HAVE_ATEXIT 1
#define HAVE_MPROTECT 1
#define HAVE_SYSCONF 1
#define HAVE_GETPAGESIZE 1
#define HAVE_MMAP 1
#define HAVE_ISATTY 1
#define HAVE_UNISTD_H 1
#define HAVE_SYS_MMAN_H 1
#define ALIGNOF_STRUCT_CHAR__ 1
#define HAVE_PTHREAD_PRIO_INHERIT 1
#define HAVE_PTHREAD 1
#define HAVE_OT 1
#define HAVE_FALLBACK 1
#define HAVE_GLIB 1
#define HAVE_CAIRO 1
#define HAVE_CAIRO_FT 1
#define HAVE_FONTCONFIG 1
#define HAVE_ICU 1
#define HAVE_UCDN 1
#define HAVE_FREETYPE 1
#define HAVE_FT_GET_VAR_BLEND_COORDINATES 1
#define HAVE_INTEL_ATOMIC_PRIMITIVES 1

configure: exit 0
